# JRE version: OpenJDK Runtime Environment (25.0.1+8) (build 25.0.1+8-27)
# Java VM: OpenJDK 64-Bit Server VM (25.0.1+8-27, mixed mode, sharing, tiered, compressed oops, compressed class ptrs, g1 gc, windows-amd64)
GC Precious Log:
 CardTable entry size: 512
 Card Set container configuration: InlinePtr #cards 4 size 8 Array Of Cards #cards 32 size 80 Howl #buckets 8 coarsen threshold 7372 Howl Bitmap #cards 1024 size 144 coarsen threshold 921 Card regions per heap region 1 cards per card region 8192
 CPUs: 16 total, 16 available
 Memory: 23967M
 Large Page Support: Disabled
 NUMA Support: Disabled
 Compressed Oops: Enabled (Zero based)
 Heap Region Size: 4M
 Heap Min Capacity: 8M
 Heap Initial Capacity: 376M
 Heap Max Capacity: 5992M
 Pre-touch: Disabled
 Parallel Workers: 13
 Concurrent Workers: 3
 Concurrent Refinement Workers: 13
 Periodic GC: Disabled
Heap:
 garbage-first heap   total reserved 6135808K, committed 233472K, used 204662K [0x0000000689800000, 0x0000000800000000)
  region size 4096K, 24 young (98304K), 1 survivors (4096K)
GC Heap Usage History (20 events):
Event: 4.829 {heap Before GC invocations=3 (full 0):
 garbage-first heap   total reserved 6135808K, committed 389120K, used 27992K [0x0000000689800000, 0x0000000800000000)
  region size 4096K, 7 young (28672K), 6 survivors (24576K)
}
Event: 4.837 {heap After GC invocations=4 (full 0):
 garbage-first heap   total reserved 6135808K, committed 389120K, used 28726K [0x0000000689800000, 0x0000000800000000)
  region size 4096K, 3 young (12288K), 3 survivors (12288K)
}
Event: 5.686 {heap Before GC invocations=5 (full 0):
 garbage-first heap   total reserved 6135808K, committed 122880K, used 110646K [0x0000000689800000, 0x0000000800000000)
  region size 4096K, 24 young (98304K), 3 survivors (12288K)
}
Event: 5.698 {heap After GC invocations=6 (full 0):
 garbage-first heap   total reserved 6135808K, committed 151552K, used 47449K [0x0000000689800000, 0x0000000800000000)
  region size 4096K, 7 young (28672K), 7 survivors (28672K)
}
Event: 5.973 {heap Before GC invocations=6 (full 0):
 garbage-first heap   total reserved 6135808K, committed 151552K, used 108889K [0x0000000689800000, 0x0000000800000000)
  region size 4096K, 22 young (90112K), 7 survivors (28672K)
}
Event: 6.012 {heap After GC invocations=7 (full 0):
 garbage-first heap   total reserved 6135808K, committed 155648K, used 59650K [0x0000000689800000, 0x0000000800000000)
  region size 4096K, 3 young (12288K), 3 survivors (12288K)
}
Event: 6.512 {heap Before GC invocations=7 (full 0):
 garbage-first heap   total reserved 6135808K, committed 155648K, used 116994K [0x0000000689800000, 0x0000000800000000)
  region size 4096K, 17 young (69632K), 3 survivors (12288K)
}
Event: 6.525 {heap After GC invocations=8 (full 0):
 garbage-first heap   total reserved 6135808K, committed 155648K, used 80384K [0x0000000689800000, 0x0000000800000000)
  region size 4096K, 3 young (12288K), 3 survivors (12288K)
}
Event: 6.934 {heap Before GC invocations=8 (full 0):
 garbage-first heap   total reserved 6135808K, committed 155648K, used 125440K [0x0000000689800000, 0x0000000800000000)
  region size 4096K, 14 young (57344K), 3 survivors (12288K)
}
Event: 6.944 {heap After GC invocations=9 (full 0):
 garbage-first heap   total reserved 6135808K, committed 155648K, used 92672K [0x0000000689800000, 0x0000000800000000)
  region size 4096K, 2 young (8192K), 2 survivors (8192K)
}
Event: 7.164 {heap Before GC invocations=9 (full 0):
 garbage-first heap   total reserved 6135808K, committed 155648K, used 129536K [0x0000000689800000, 0x0000000800000000)
  region size 4096K, 11 young (45056K), 2 survivors (8192K)
}
Event: 7.177 {heap After GC invocations=10 (full 0):
 garbage-first heap   total reserved 6135808K, committed 233472K, used 100041K [0x0000000689800000, 0x0000000800000000)
  region size 4096K, 2 young (8192K), 2 survivors (8192K)
}
Event: 7.532 {heap Before GC invocations=11 (full 0):
 garbage-first heap   total reserved 6135808K, committed 233472K, used 177865K [0x0000000689800000, 0x0000000800000000)
  region size 4096K, 21 young (86016K), 2 survivors (8192K)
}
Event: 7.542 {heap After GC invocations=12 (full 0):
 garbage-first heap   total reserved 6135808K, committed 233472K, used 108719K [0x0000000689800000, 0x0000000800000000)
  region size 4096K, 3 young (12288K), 3 survivors (12288K)
}
Event: 8.125 {heap Before GC invocations=12 (full 0):
 garbage-first heap   total reserved 6135808K, committed 233472K, used 190639K [0x0000000689800000, 0x0000000800000000)
  region size 4096K, 23 young (94208K), 3 survivors (12288K)
}
Event: 8.137 {heap After GC invocations=13 (full 0):
 garbage-first heap   total reserved 6135808K, committed 233472K, used 111561K [0x0000000689800000, 0x0000000800000000)
  region size 4096K, 1 young (4096K), 1 survivors (4096K)
}
Event: 8.425 {heap Before GC invocations=13 (full 0):
 garbage-first heap   total reserved 6135808K, committed 233472K, used 193481K [0x0000000689800000, 0x0000000800000000)
  region size 4096K, 21 young (86016K), 1 survivors (4096K)
}
Event: 8.427 {heap After GC invocations=14 (full 0):
 garbage-first heap   total reserved 6135808K, committed 233472K, used 110550K [0x0000000689800000, 0x0000000800000000)
  region size 4096K, 1 young (4096K), 1 survivors (4096K)
}
Event: 8.696 {heap Before GC invocations=15 (full 0):
 garbage-first heap   total reserved 6135808K, committed 233472K, used 196566K [0x0000000689800000, 0x0000000800000000)
  region size 4096K, 22 young (90112K), 1 survivors (4096K)
}
Event: 8.697 {heap After GC invocations=16 (full 0):
 garbage-first heap   total reserved 6135808K, committed 233472K, used 110454K [0x0000000689800000, 0x0000000800000000)
  region size 4096K, 1 young (4096K), 1 survivors (4096K)
}

