################################################################################################################################################
Detected SHAFT Engine Version: "SHAFT Engine v6.1.20220113"
################################################################################################################################################
[ReportManager] File Action "GetAbsolutePath" successfully performed. With the following test data "Relative Folder Path: "target/downloadedFiles/"". @04-04-2022 19:37:49.0913 PM
[ReportManager] Attempting to run locally on: "Mac-64 | Safari", Headless Execution. @04-04-2022 19:37:49.0930 PM
[ReportManager] Successfully Opened Safari. @04-04-2022 19:37:56.0888 PM
[ReportManager] Initial window size: (800, 600) @04-04-2022 19:37:56.0914 PM
[ReportManager] Window size after SWD Maximize: (1176, 802) @04-04-2022 19:37:56.0973 PM
[ReportManager] Maximize window "New screen size is now: (1176, 802)". @04-04-2022 19:37:57.0007 P

################################################################################################################################################
Starting Execution:	"1 out of 179" test cases in the current suite
Test Method:		"unitTests.tests_element_elementActions.waitForElementToBePresent_false_expectedToFail"
################################################################################################################################################
[ReportManager] Target URL: "https://www.google.com/ncr", and after redirection: "www.google.com" @04-04-2022 19:37:57.0169 PM
[ReportManager] Initial URL: "" @04-04-2022 19:37:57.0240 PM
[ReportManager] Navigate to url "https://www.google.com/ncr". @04-04-2022 19:37:59.0438 PM
[ReportManager] Waiting for element to be present; elementLocator "By.xpath: //*[@id='hplogo' or @alt='Google']", numberOfTries"1", stateOfPresence"false"... @04-04-2022 19:37:59.0449 PM
[ReportManager] Wait for element to be present failed "waited for the element's state of presence to be (false). Element locator (By.xpath: //*[@id='hplogo' or @alt='Google'])". @04-04-2022 19:38:05.0204 PM
[ReportManager] Successfully created attachment "Screenshot - 1649101079549_waitForElementToBePresent_false_expectedToFail_Wait for element to be present_failed" @04-04-2022 19:38:05.0218 P
[ReportManager] Close current window. @04-04-2022 19:38:05.0424 PM
[ReportManager] Successfully created attachment "Browser Action Test Data - Close current window - Actual Value" @04-04-2022 19:38:05.0428 P
[ReportManager] File Action "GetAbsolutePath" successfully performed. With the following test data "Relative Folder Path: "target/downloadedFiles/"". @04-04-2022 19:38:05.0481 PM
[ReportManager] Attempting to run locally on: "Mac-64 | Safari", Headless Execution. @04-04-2022 19:38:05.0481 PM
[ReportManager] Successfully Opened Safari. @04-04-2022 19:38:06.0464 PM
[ReportManager] Initial window size: (800, 600) @04-04-2022 19:38:06.0477 PM
[ReportManager] Window size after SWD Maximize: (1176, 803) @04-04-2022 19:38:06.0503 PM
[ReportManager] Maximize window "New screen size is now: (1176, 803)". @04-04-2022 19:38:06.0503 P

################################################################################################################################################
Starting Execution:	"2 out of 179" test cases in the current suite
Test Method:		"unitTests.tests_element_elementActions.waitForElementToBePresent_false_expectedToPass"
################################################################################################################################################
[ReportManager] Target URL: "https://www.google.com/ncr", and after redirection: "www.google.com" @04-04-2022 19:38:06.0509 PM
[ReportManager] Initial URL: "" @04-04-2022 19:38:06.0576 PM
[ReportManager] Navigate to url "https://www.google.com/ncr". @04-04-2022 19:38:07.0953 PM
[ReportManager] Waiting for element to be present; elementLocator "By.id: bla", numberOfTries"1", stateOfPresence"false"... @04-04-2022 19:38:07.0953 PM
[ReportManager] org.openqa.selenium.TimeoutException:
Expected condition failed: waiting for com.shaft.gui.element.ElementActionsHelper$$Lambda$641/0x00000008011491e0@34766f4b (tried for 5 second(s) with 1000 milliseconds interval)
org.openqa.selenium.support.ui.FluentWait.timeoutException(FluentWait.java:263)
org.openqa.selenium.support.ui.FluentWait.until(FluentWait.java:231)
com.shaft.gui.element.ElementActionsHelper.waitForElementPresence(ElementActionsHelper.java:90)
com.shaft.gui.element.ElementActionsHelper.waitForElementPresence(ElementActionsHelper.java:37)
com.shaft.gui.element.WebDriverElementActions.getMatchingElementsCount(WebDriverElementActions.java:1495)
com.shaft.gui.element.WebDriverElementActions.waitForElementToBePresent(WebDriverElementActions.java:1296)
com.shaft.gui.element.ElementActions.waitForElementToBePresent(ElementActions.java:615)
unitTests.tests_element_elementActions.waitForElementToBePresent_false_expectedToPass(tests_element_elementActions.java:64)
java.base/jdk.internal.reflect.NativeMethodAccessorImpl.invoke0(Native Method)
java.base/jdk.internal.reflect.NativeMethodAccessorImpl.invoke(NativeMethodAccessorImpl.java:77)
java.base/jdk.internal.reflect.DelegatingMethodAccessorImpl.invoke(DelegatingMethodAccessorImpl.java:43)
java.base/java.lang.reflect.Method.invoke(Method.java:568)
org.testng.internal.invokers.MethodInvocationHelper.invokeMethod(MethodInvocationHelper.java:135)
org.testng.internal.invokers.TestInvoker.invokeMethod(TestInvoker.java:673)
org.testng.internal.invokers.TestInvoker.invokeTestMethod(TestInvoker.java:220)
org.testng.internal.invokers.MethodRunner.runInSequence(MethodRunner.java:50)
org.testng.internal.invokers.TestInvoker$MethodInvocationAgent.invoke(TestInvoker.java:945)
org.testng.internal.invokers.TestInvoker.invokeTestMethods(TestInvoker.java:193)
org.testng.internal.invokers.TestMethodWorker.invokeTestMethods(TestMethodWorker.java:146)
org.testng.internal.invokers.TestMethodWorker.run(TestMethodWorker.java:128)
java.base/java.util.ArrayList.forEach(ArrayList.java:1511)
org.testng.TestRunner.privateRun(TestRunner.java:808)
org.testng.TestRunner.run(TestRunner.java:603)
org.testng.SuiteRunner.runTest(SuiteRunner.java:429)
org.testng.SuiteRunner.runSequentially(SuiteRunner.java:423)
org.testng.SuiteRunner.privateRun(SuiteRunner.java:383)
org.testng.SuiteRunner.run(SuiteRunner.java:326)
org.testng.SuiteRunnerWorker.runSuite(SuiteRunnerWorker.java:52)
org.testng.SuiteRunnerWorker.run(SuiteRunnerWorker.java:95)
org.testng.TestNG.runSuitesSequentially(TestNG.java:1249)
org.testng.TestNG.runSuitesLocally(TestNG.java:1169)
org.testng.TestNG.runSuites(TestNG.java:1092)
org.testng.TestNG.run(TestNG.java:1060)
org.apache.maven.surefire.testng.TestNGExecutor.run(TestNGExecutor.java:151)
org.apache.maven.surefire.testng.TestNGDirectoryTestSuite.executeMulti(TestNGDirectoryTestSuite.java:192)
org.apache.maven.surefire.testng.TestNGDirectoryTestSuite.execute(TestNGDirectoryTestSuite.java:93)
org.apache.maven.surefire.testng.TestNGProvider.invoke(TestNGProvider.java:155)
org.apache.maven.surefire.booter.ForkedBooter.runSuitesInProcess(ForkedBooter.java:456)
org.apache.maven.surefire.booter.ForkedBooter.execute(ForkedBooter.java:169)
org.apache.maven.surefire.booter.ForkedBooter.run(ForkedBooter.java:595)
org.apache.maven.surefire.booter.ForkedBooter.main(ForkedBooter.java:581)

Caused by: org.openqa.selenium.NoSuchElementException:
For documentation on this error, please visit: https://selenium.dev/exceptions/#no_such_element
Build info: version: '4.1.3', revision: '7b1ebf28ef'
System info: host: 'Mac-1649100963972.local', ip: '10.212.0.120', os.name: 'Mac OS X', os.arch: 'x86_64', os.version: '11.6.5', java.version: '17.0.2'
Driver info: org.openqa.selenium.safari.SafariDriver
Command: [E42E2752-2A42-44C1-B22E-1BDC67C5F340, findElement {using=id, value=bla}]
Capabilities {acceptInsecureCerts: false, browserName: Safari, browserVersion: 15.4, goog:loggingPrefs: {browser: ALL, client: ALL, driver: ALL, performance: ALL, profiler: ALL, server: ALL}, javascriptEnabled: true, pageLoadStrategy: normal, platform: MAC, platformName: MAC, safari:automaticInspection: false, safari:automaticProfiling: false, safari:diagnose: false, safari:platformBuildVersion: 20G527, safari:platformVersion: 11.6.5, safari:useSimulator: false, setWindowRect: true, strictFileInteractability: false, timeouts: {pageLoad: 30000, script: 30000}, webkit:WebRTC: {DisableICECandidateFiltering: false, DisableInsecureMediaCapture: false}}
Session ID: E42E2752-2A42-44C1-B22E-1BDC67C5F340
java.base/jdk.internal.reflect.NativeConstructorAccessorImpl.newInstance0(Native Method)
java.base/jdk.internal.reflect.NativeConstructorAccessorImpl.newInstance(NativeConstructorAccessorImpl.java:77)
java.base/jdk.internal.reflect.DelegatingConstructorAccessorImpl.newInstance(DelegatingConstructorAccessorImpl.java:45)
java.base/java.lang.reflect.Constructor.newInstanceWithCaller(Constructor.java:499)
java.base/java.lang.reflect.Constructor.newInstance(Constructor.java:480)
org.openqa.selenium.remote.codec.w3c.W3CHttpResponseCodec.createException(W3CHttpResponseCodec.java:200)
org.openqa.selenium.remote.codec.w3c.W3CHttpResponseCodec.decode(W3CHttpResponseCodec.java:133)
org.openqa.selenium.remote.codec.w3c.W3CHttpResponseCodec.decode(W3CHttpResponseCodec.java:53)
org.openqa.selenium.remote.HttpCommandExecutor.execute(HttpCommandExecutor.java:184)
org.openqa.selenium.remote.service.DriverCommandExecutor.invokeExecute(DriverCommandExecutor.java:167)
org.openqa.selenium.remote.service.DriverCommandExecutor.execute(DriverCommandExecutor.java:142)
org.openqa.selenium.remote.RemoteWebDriver.execute(RemoteWebDriver.java:567)
org.openqa.selenium.remote.ElementLocation$ElementFinder$2.findElement(ElementLocation.java:162)
org.openqa.selenium.remote.ElementLocation.findElement(ElementLocation.java:60)
org.openqa.selenium.remote.RemoteWebDriver.findElement(RemoteWebDriver.java:385)
org.openqa.selenium.remote.RemoteWebDriver.findElement(RemoteWebDriver.java:377)
com.shaft.gui.element.ElementActionsHelper.lambda$waitForElementPresence$0(ElementActionsHelper.java:93)
org.openqa.selenium.support.ui.FluentWait.until(FluentWait.java:208)
com.shaft.gui.element.ElementActionsHelper.waitForElementPresence(ElementActionsHelper.java:90)
com.shaft.gui.element.ElementActionsHelper.waitForElementPresence(ElementActionsHelper.java:37)
com.shaft.gui.element.WebDriverElementActions.getMatchingElementsCount(WebDriverElementActions.java:1495)
com.shaft.gui.element.WebDriverElementActions.waitForElementToBePresent(WebDriverElementActions.java:1296)
com.shaft.gui.element.ElementActions.waitForElementToBePresent(ElementActions.java:615)
unitTests.tests_element_elementActions.waitForElementToBePresent_false_expectedToPass(tests_element_elementActions.java:64)
java.base/jdk.internal.reflect.NativeMethodAccessorImpl.invoke0(Native Method)
java.base/jdk.internal.reflect.NativeMethodAccessorImpl.invoke(NativeMethodAccessorImpl.java:77)
java.base/jdk.internal.reflect.DelegatingMethodAccessorImpl.invoke(DelegatingMethodAccessorImpl.java:43)
java.base/java.lang.reflect.Method.invoke(Method.java:568)
org.testng.internal.invokers.MethodInvocationHelper.invokeMethod(MethodInvocationHelper.java:135)
org.testng.internal.invokers.TestInvoker.invokeMethod(TestInvoker.java:673)
org.testng.internal.invokers.TestInvoker.invokeTestMethod(TestInvoker.java:220)
org.testng.internal.invokers.MethodRunner.runInSequence(MethodRunner.java:50)
org.testng.internal.invokers.TestInvoker$MethodInvocationAgent.invoke(TestInvoker.java:945)
org.testng.internal.invokers.TestInvoker.invokeTestMethods(TestInvoker.java:193)
org.testng.internal.invokers.TestMethodWorker.invokeTestMethods(TestMethodWorker.java:146)
org.testng.internal.invokers.TestMethodWorker.run(TestMethodWorker.java:128)
java.base/java.util.ArrayList.forEach(ArrayList.java:1511)
org.testng.TestRunner.privateRun(TestRunner.java:808)
org.testng.TestRunner.run(TestRunner.java:603)
org.testng.SuiteRunner.runTest(SuiteRunner.java:429)
org.testng.SuiteRunner.runSequentially(SuiteRunner.java:423)
org.testng.SuiteRunner.privateRun(SuiteRunner.java:383)
org.testng.SuiteRunner.run(SuiteRunner.java:326)
org.testng.SuiteRunnerWorker.runSuite(SuiteRunnerWorker.java:52)
org.testng.SuiteRunnerWorker.run(SuiteRunnerWorker.java:95)
org.testng.TestNG.runSuitesSequentially(TestNG.java:1249)
org.testng.TestNG.runSuitesLocally(TestNG.java:1169)
org.testng.TestNG.runSuites(TestNG.java:1092)
org.testng.TestNG.run(TestNG.java:1060)
org.apache.maven.surefire.testng.TestNGExecutor.run(TestNGExecutor.java:151)
org.apache.maven.surefire.testng.TestNGDirectoryTestSuite.executeMulti(TestNGDirectoryTestSuite.java:192)
org.apache.maven.surefire.testng.TestNGDirectoryTestSuite.execute(TestNGDirectoryTestSuite.java:93)
org.apache.maven.surefire.testng.TestNGProvider.invoke(TestNGProvider.java:155)
org.apache.maven.surefire.booter.ForkedBooter.runSuitesInProcess(ForkedBooter.java:456)
org.apache.maven.surefire.booter.ForkedBooter.execute(ForkedBooter.java:169)
org.apache.maven.surefire.booter.ForkedBooter.run(ForkedBooter.java:595)
org.apache.maven.surefire.booter.ForkedBooter.main(ForkedBooter.java:581) @04-04-2022 19:38:13.0176 PM
[ReportManager] Wait for element to be present "waited for the element's state of presence to be (false). Element locator (By.id: bla)". @04-04-2022 19:38:13.0178 P
[ReportManager] Close current window. @04-04-2022 19:38:13.0482 PM
[ReportManager] Successfully created attachment "Browser Action Test Data - Close current window - Actual Value" @04-04-2022 19:38:13.0483 P
[ReportManager] File Action "GetAbsolutePath" successfully performed. With the following test data "Relative Folder Path: "target/downloadedFiles/"". @04-04-2022 19:38:13.0490 PM
[ReportManager] Attempting to run locally on: "Mac-64 | Safari", Headless Execution. @04-04-2022 19:38:13.0491 PM
[ReportManager] Successfully Opened Safari. @04-04-2022 19:38:14.0413 PM
[ReportManager] Initial window size: (800, 600) @04-04-2022 19:38:14.0443 PM
[ReportManager] Window size after SWD Maximize: (1176, 803) @04-04-2022 19:38:14.0480 PM
[ReportManager] Maximize window "New screen size is now: (1176, 803)". @04-04-2022 19:38:14.0480 P

################################################################################################################################################
Starting Execution:	"3 out of 179" test cases in the current suite
Test Method:		"unitTests.tests_element_elementActions.waitForElementToBePresent_moreThanOneElement_expectedToFail"
################################################################################################################################################
[ReportManager] Target URL: "https://www.google.com/ncr", and after redirection: "www.google.com" @04-04-2022 19:38:14.0485 PM
[ReportManager] Initial URL: "" @04-04-2022 19:38:14.0551 PM
[ReportManager] Navigate to url "https://www.google.com/ncr". @04-04-2022 19:38:15.0864 PM
[ReportManager] Waiting for element to be present; elementLocator "By.xpath: //*", numberOfTries"1", stateOfPresence"false"... @04-04-2022 19:38:15.0865 PM
[ReportManager] Wait for element to be present failed "waited for the element's state of presence to be (false). Element locator (By.xpath: //*)". @04-04-2022 19:38:16.0049 PM
[ReportManager] Successfully created attachment "Screenshot - 1649101095937_waitForElementToBePresent_moreThanOneElement_expectedToFail_Wait for element to be present_failed" @04-04-2022 19:38:16.0055 P
[ReportManager] Close current window. @04-04-2022 19:38:16.0213 PM
[ReportManager] Successfully created attachment "Browser Action Test Data - Close current window - Actual Value" @04-04-2022 19:38:16.0214 P
[ReportManager] File Action "GetAbsolutePath" successfully performed. With the following test data "Relative Folder Path: "target/downloadedFiles/"". @04-04-2022 19:38:16.0218 PM
[ReportManager] Attempting to run locally on: "Mac-64 | Safari", Headless Execution. @04-04-2022 19:38:16.0219 PM
[ReportManager] Successfully Opened Safari. @04-04-2022 19:38:17.0075 PM
[ReportManager] Initial window size: (800, 600) @04-04-2022 19:38:17.0084 PM
[ReportManager] Window size after SWD Maximize: (1176, 803) @04-04-2022 19:38:17.0104 PM
[ReportManager] Maximize window "New screen size is now: (1176, 803)". @04-04-2022 19:38:17.0104 P

################################################################################################################################################
Starting Execution:	"4 out of 179" test cases in the current suite
Test Method:		"unitTests.tests_element_elementActions.waitForElementToBePresent_true_expectedToFail"
################################################################################################################################################
[ReportManager] Target URL: "https://www.google.com/ncr", and after redirection: "www.google.com" @04-04-2022 19:38:17.0108 PM
[ReportManager] Initial URL: "" @04-04-2022 19:38:17.0174 PM
[ReportManager] Navigate to url "https://www.google.com/ncr". @04-04-2022 19:38:18.0662 PM
[ReportManager] Waiting for element to be present; elementLocator "By.id: bla", numberOfTries"1", stateOfPresence"true"... @04-04-2022 19:38:18.0662 PM
[ReportManager] org.openqa.selenium.TimeoutException:
Expected condition failed: waiting for com.shaft.gui.element.ElementActionsHelper$$Lambda$641/0x00000008011491e0@6779959d (tried for 5 second(s) with 1000 milliseconds interval)
org.openqa.selenium.support.ui.FluentWait.timeoutException(FluentWait.java:263)
org.openqa.selenium.support.ui.FluentWait.until(FluentWait.java:231)
com.shaft.gui.element.ElementActionsHelper.waitForElementPresence(ElementActionsHelper.java:90)
com.shaft.gui.element.ElementActionsHelper.waitForElementPresence(ElementActionsHelper.java:37)
com.shaft.gui.element.WebDriverElementActions.getMatchingElementsCount(WebDriverElementActions.java:1495)
com.shaft.gui.element.WebDriverElementActions.waitForElementToBePresent(WebDriverElementActions.java:1296)
com.shaft.gui.element.ElementActions.waitForElementToBePresent(ElementActions.java:615)
unitTests.tests_element_elementActions.waitForElementToBePresent_true_expectedToFail(tests_element_elementActions.java:55)
java.base/jdk.internal.reflect.NativeMethodAccessorImpl.invoke0(Native Method)
java.base/jdk.internal.reflect.NativeMethodAccessorImpl.invoke(NativeMethodAccessorImpl.java:77)
java.base/jdk.internal.reflect.DelegatingMethodAccessorImpl.invoke(DelegatingMethodAccessorImpl.java:43)
java.base/java.lang.reflect.Method.invoke(Method.java:568)
org.testng.internal.invokers.MethodInvocationHelper.invokeMethod(MethodInvocationHelper.java:135)
org.testng.internal.invokers.TestInvoker.invokeMethod(TestInvoker.java:673)
org.testng.internal.invokers.TestInvoker.invokeTestMethod(TestInvoker.java:220)
org.testng.internal.invokers.MethodRunner.runInSequence(MethodRunner.java:50)
org.testng.internal.invokers.TestInvoker$MethodInvocationAgent.invoke(TestInvoker.java:945)
org.testng.internal.invokers.TestInvoker.invokeTestMethods(TestInvoker.java:193)
org.testng.internal.invokers.TestMethodWorker.invokeTestMethods(TestMethodWorker.java:146)
org.testng.internal.invokers.TestMethodWorker.run(TestMethodWorker.java:128)
java.base/java.util.ArrayList.forEach(ArrayList.java:1511)
org.testng.TestRunner.privateRun(TestRunner.java:808)
org.testng.TestRunner.run(TestRunner.java:603)
org.testng.SuiteRunner.runTest(SuiteRunner.java:429)
org.testng.SuiteRunner.runSequentially(SuiteRunner.java:423)
org.testng.SuiteRunner.privateRun(SuiteRunner.java:383)
org.testng.SuiteRunner.run(SuiteRunner.java:326)
org.testng.SuiteRunnerWorker.runSuite(SuiteRunnerWorker.java:52)
org.testng.SuiteRunnerWorker.run(SuiteRunnerWorker.java:95)
org.testng.TestNG.runSuitesSequentially(TestNG.java:1249)
org.testng.TestNG.runSuitesLocally(TestNG.java:1169)
org.testng.TestNG.runSuites(TestNG.java:1092)
org.testng.TestNG.run(TestNG.java:1060)
org.apache.maven.surefire.testng.TestNGExecutor.run(TestNGExecutor.java:151)
org.apache.maven.surefire.testng.TestNGDirectoryTestSuite.executeMulti(TestNGDirectoryTestSuite.java:192)
org.apache.maven.surefire.testng.TestNGDirectoryTestSuite.execute(TestNGDirectoryTestSuite.java:93)
org.apache.maven.surefire.testng.TestNGProvider.invoke(TestNGProvider.java:155)
org.apache.maven.surefire.booter.ForkedBooter.runSuitesInProcess(ForkedBooter.java:456)
org.apache.maven.surefire.booter.ForkedBooter.execute(ForkedBooter.java:169)
org.apache.maven.surefire.booter.ForkedBooter.run(ForkedBooter.java:595)
org.apache.maven.surefire.booter.ForkedBooter.main(ForkedBooter.java:581)

Caused by: org.openqa.selenium.NoSuchElementException:
For documentation on this error, please visit: https://selenium.dev/exceptions/#no_such_element
Build info: version: '4.1.3', revision: '7b1ebf28ef'
System info: host: 'Mac-1649100963972.local', ip: '10.212.0.120', os.name: 'Mac OS X', os.arch: 'x86_64', os.version: '11.6.5', java.version: '17.0.2'
Driver info: org.openqa.selenium.safari.SafariDriver
Command: [237CB981-8F73-4C27-8C87-D51FAF57D3A0, findElement {using=id, value=bla}]
Capabilities {acceptInsecureCerts: false, browserName: Safari, browserVersion: 15.4, goog:loggingPrefs: {browser: ALL, client: ALL, driver: ALL, performance: ALL, profiler: ALL, server: ALL}, javascriptEnabled: true, pageLoadStrategy: normal, platform: MAC, platformName: MAC, safari:automaticInspection: false, safari:automaticProfiling: false, safari:diagnose: false, safari:platformBuildVersion: 20G527, safari:platformVersion: 11.6.5, safari:useSimulator: false, setWindowRect: true, strictFileInteractability: false, timeouts: {pageLoad: 30000, script: 30000}, webkit:WebRTC: {DisableICECandidateFiltering: false, DisableInsecureMediaCapture: false}}
Session ID: 237CB981-8F73-4C27-8C87-D51FAF57D3A0
java.base/jdk.internal.reflect.NativeConstructorAccessorImpl.newInstance0(Native Method)
java.base/jdk.internal.reflect.NativeConstructorAccessorImpl.newInstance(NativeConstructorAccessorImpl.java:77)
java.base/jdk.internal.reflect.DelegatingConstructorAccessorImpl.newInstance(DelegatingConstructorAccessorImpl.java:45)
java.base/java.lang.reflect.Constructor.newInstanceWithCaller(Constructor.java:499)
java.base/java.lang.reflect.Constructor.newInstance(Constructor.java:480)
org.openqa.selenium.remote.codec.w3c.W3CHttpResponseCodec.createException(W3CHttpResponseCodec.java:200)
org.openqa.selenium.remote.codec.w3c.W3CHttpResponseCodec.decode(W3CHttpResponseCodec.java:133)
org.openqa.selenium.remote.codec.w3c.W3CHttpResponseCodec.decode(W3CHttpResponseCodec.java:53)
org.openqa.selenium.remote.HttpCommandExecutor.execute(HttpCommandExecutor.java:184)
org.openqa.selenium.remote.service.DriverCommandExecutor.invokeExecute(DriverCommandExecutor.java:167)
org.openqa.selenium.remote.service.DriverCommandExecutor.execute(DriverCommandExecutor.java:142)
org.openqa.selenium.remote.RemoteWebDriver.execute(RemoteWebDriver.java:567)
org.openqa.selenium.remote.ElementLocation$ElementFinder$2.findElement(ElementLocation.java:162)
org.openqa.selenium.remote.ElementLocation.findElement(ElementLocation.java:60)
org.openqa.selenium.remote.RemoteWebDriver.findElement(RemoteWebDriver.java:385)
org.openqa.selenium.remote.RemoteWebDriver.findElement(RemoteWebDriver.java:377)
com.shaft.gui.element.ElementActionsHelper.lambda$waitForElementPresence$0(ElementActionsHelper.java:93)
org.openqa.selenium.support.ui.FluentWait.until(FluentWait.java:208)
com.shaft.gui.element.ElementActionsHelper.waitForElementPresence(ElementActionsHelper.java:90)
com.shaft.gui.element.ElementActionsHelper.waitForElementPresence(ElementActionsHelper.java:37)
com.shaft.gui.element.WebDriverElementActions.getMatchingElementsCount(WebDriverElementActions.java:1495)
com.shaft.gui.element.WebDriverElementActions.waitForElementToBePresent(WebDriverElementActions.java:1296)
com.shaft.gui.element.ElementActions.waitForElementToBePresent(ElementActions.java:615)
unitTests.tests_element_elementActions.waitForElementToBePresent_true_expectedToFail(tests_element_elementActions.java:55)
java.base/jdk.internal.reflect.NativeMethodAccessorImpl.invoke0(Native Method)
java.base/jdk.internal.reflect.NativeMethodAccessorImpl.invoke(NativeMethodAccessorImpl.java:77)
java.base/jdk.internal.reflect.DelegatingMethodAccessorImpl.invoke(DelegatingMethodAccessorImpl.java:43)
java.base/java.lang.reflect.Method.invoke(Method.java:568)
org.testng.internal.invokers.MethodInvocationHelper.invokeMethod(MethodInvocationHelper.java:135)
org.testng.internal.invokers.TestInvoker.invokeMethod(TestInvoker.java:673)
org.testng.internal.invokers.TestInvoker.invokeTestMethod(TestInvoker.java:220)
org.testng.internal.invokers.MethodRunner.runInSequence(MethodRunner.java:50)
org.testng.internal.invokers.TestInvoker$MethodInvocationAgent.invoke(TestInvoker.java:945)
org.testng.internal.invokers.TestInvoker.invokeTestMethods(TestInvoker.java:193)
org.testng.internal.invokers.TestMethodWorker.invokeTestMethods(TestMethodWorker.java:146)
org.testng.internal.invokers.TestMethodWorker.run(TestMethodWorker.java:128)
java.base/java.util.ArrayList.forEach(ArrayList.java:1511)
org.testng.TestRunner.privateRun(TestRunner.java:808)
org.testng.TestRunner.run(TestRunner.java:603)
org.testng.SuiteRunner.runTest(SuiteRunner.java:429)
org.testng.SuiteRunner.runSequentially(SuiteRunner.java:423)
org.testng.SuiteRunner.privateRun(SuiteRunner.java:383)
org.testng.SuiteRunner.run(SuiteRunner.java:326)
org.testng.SuiteRunnerWorker.runSuite(SuiteRunnerWorker.java:52)
org.testng.SuiteRunnerWorker.run(SuiteRunnerWorker.java:95)
org.testng.TestNG.runSuitesSequentially(TestNG.java:1249)
org.testng.TestNG.runSuitesLocally(TestNG.java:1169)
org.testng.TestNG.runSuites(TestNG.java:1092)
org.testng.TestNG.run(TestNG.java:1060)
org.apache.maven.surefire.testng.TestNGExecutor.run(TestNGExecutor.java:151)
org.apache.maven.surefire.testng.TestNGDirectoryTestSuite.executeMulti(TestNGDirectoryTestSuite.java:192)
org.apache.maven.surefire.testng.TestNGDirectoryTestSuite.execute(TestNGDirectoryTestSuite.java:93)
org.apache.maven.surefire.testng.TestNGProvider.invoke(TestNGProvider.java:155)
org.apache.maven.surefire.booter.ForkedBooter.runSuitesInProcess(ForkedBooter.java:456)
org.apache.maven.surefire.booter.ForkedBooter.execute(ForkedBooter.java:169)
org.apache.maven.surefire.booter.ForkedBooter.run(ForkedBooter.java:595)
org.apache.maven.surefire.booter.ForkedBooter.main(ForkedBooter.java:581) @04-04-2022 19:38:23.0838 PM
[ReportManager] Wait for element to be present failed "waited for the element's state of presence to be (true). Element locator (By.id: bla)". @04-04-2022 19:38:23.0949 PM
[ReportManager] Successfully created attachment "Screenshot - 1649101103869_waitForElementToBePresent_true_expectedToFail_Wait for element to be present_failed" @04-04-2022 19:38:23.0952 P
[ReportManager] Close current window. @04-04-2022 19:38:24.0315 PM
[ReportManager] Successfully created attachment "Browser Action Test Data - Close current window - Actual Value" @04-04-2022 19:38:24.0316 P
[ReportManager] File Action "GetAbsolutePath" successfully performed. With the following test data "Relative Folder Path: "target/downloadedFiles/"". @04-04-2022 19:38:24.0320 PM
[ReportManager] Attempting to run locally on: "Mac-64 | Safari", Headless Execution. @04-04-2022 19:38:24.0321 PM
[ReportManager] Successfully Opened Safari. @04-04-2022 19:38:25.0168 PM
[ReportManager] Initial window size: (800, 600) @04-04-2022 19:38:25.0195 PM
[ReportManager] Window size after SWD Maximize: (1176, 803) @04-04-2022 19:38:25.0257 PM
[ReportManager] Maximize window "New screen size is now: (1176, 803)". @04-04-2022 19:38:25.0258 P

################################################################################################################################################
Starting Execution:	"5 out of 179" test cases in the current suite
Test Method:		"unitTests.tests_element_elementActions.waitForElementToBePresent_true_expectedToPass"
################################################################################################################################################
[ReportManager] Target URL: "https://www.google.com/ncr", and after redirection: "www.google.com" @04-04-2022 19:38:25.0276 PM
[ReportManager] Initial URL: "" @04-04-2022 19:38:25.0322 PM
[ReportManager] Navigate to url "https://www.google.com/ncr". @04-04-2022 19:38:26.0912 PM
[ReportManager] Waiting for element to be present; elementLocator "By.xpath: //*[@id='hplogo' or @alt='Google']", numberOfTries"1", stateOfPresence"true"... @04-04-2022 19:38:26.0912 PM
[ReportManager] Wait for element to be present "waited for the element's state of presence to be (true). Element locator (By.xpath: //*[@id='hplogo' or @alt='Google'])". @04-04-2022 19:38:26.0942 PM
[ReportManager] File Action "DoesFileExist" successfully performed. With the following test data "File Path: "src/main/resources/dynamicObjectRepository/unitTests_tests_element_elementActions_waitForElementToBePresent_true_expectedToPass_By_xpath_id_hplogo_or_alt_Google.png"". @04-04-2022 19:38:26.0951 PM
[ReportManager] File Action "DoesFileExist" successfully performed. With the following test data "File Path: "src/main/resources/dynamicObjectRepository/unitTests_tests_element_elementActions_waitForElementToBePresent_true_expectedToPass_By_xpath_id_hplogo_or_alt_Google.png"". @04-04-2022 19:38:27.0019 PM
[ReportManager] Passing the test and saving a reference image @04-04-2022 19:38:27.0019 PM
[ReportManager] File Action "GetAbsolutePath" successfully performed. With the following test data "Relative File Path: "src/main/resources/dynamicObjectRepository/unitTests_tests_element_elementActions_waitForElementToBePresent_true_expectedToPass_By_xpath_id_hplogo_or_alt_Google.png"". @04-04-2022 19:38:27.0019 PM
[ReportManager] File Action "WriteToFile" successfully performed. With the following test data "Target File Path: "/Users/runner/work/SHAFT_ENGINE/SHAFT_ENGINE/src/main/resources/dynamicObjectRepository/unitTests_tests_element_elementActions_waitForElementToBePresent_true_expectedToPass_By_xpath_id_hplogo_or_alt_Google.png"". @04-04-2022 19:38:27.0020 PM
[ReportManager] Assertion Passed: Using Visual AI; OpenCV @04-04-2022 19:38:27.0022 PM
[ReportManager] Successfully created attachment "Validation Test Data - Actual Screenshot" @04-04-2022 19:38:27.0023 PM
[ReportManager] Assertion "ValidateElementMatches" PASSED. Expected "Element should match the reference screenshot" and Actual "TRUE". Comparison Type "EXACT_OPENCV". Validation Type "POSITIVE". @04-04-2022 19:38:27.0023 P
[ReportManager] Close current window. @04-04-2022 19:38:27.0372 PM
[ReportManager] Successfully created attachment "Browser Action Test Data - Close current window - Actual Value" @04-04-2022 19:38:27.0373 P
[ReportManager] File Action "GetAbsolutePath" successfully performed. With the following test data "Relative Folder Path: "target/downloadedFiles/"". @04-04-2022 19:38:27.0377 PM
[ReportManager] Attempting to run locally on: "Mac-64 | Safari", Headless Execution. @04-04-2022 19:38:27.0377 PM
[ReportManager] An Exception Occured with this Message: Could not start a new session. Possible causes are invalid address of the remote server or browser start-up failure.. @04-04-2022 19:38:27.0573 PM
[ReportManager] Successfully created attachment "Exception Stack Trace - org.openqa.selenium.SessionNotCreatedException" @04-04-2022 19:38:27.0574 PM
[ReportManager] Driver Factory Action "createNewLocalDriverInstanceForSafari" failed. With the following test data "Failed to create a session on DESKTOP_SAFARI". @04-04-2022 19:38:27.0574 P

################################################################################################################################################
Starting Execution:	"6 out of 179" test cases in the current suite
Test Method:		"unitTests.tests_browserActions.fullScreenWindow"
###############################################################################################################################################



################################################################################################################################################
Starting Execution:	"7 out of 179" test cases in the current suite
Test Method:		"unitTests.tests_browserActions.getCurrentURL"
###############################################################################################################################################



################################################################################################################################################
Starting Execution:	"8 out of 179" test cases in the current suite
Test Method:		"unitTests.tests_browserActions.getCurrentWindowTitle"
###############################################################################################################################################



################################################################################################################################################
Starting Execution:	"9 out of 179" test cases in the current suite
Test Method:		"unitTests.tests_browserActions.getPageSource"
###############################################################################################################################################



################################################################################################################################################
Starting Execution:	"10 out of 179" test cases in the current suite
Test Method:		"unitTests.tests_browserActions.getWindowHandle"
###############################################################################################################################################



################################################################################################################################################
Starting Execution:	"11 out of 179" test cases in the current suite
Test Method:		"unitTests.tests_browserActions.getWindowPosition"
###############################################################################################################################################



################################################################################################################################################
Starting Execution:	"12 out of 179" test cases in the current suite
Test Method:		"unitTests.tests_browserActions.getWindowSize"
###############################################################################################################################################



################################################################################################################################################
Starting Execution:	"13 out of 179" test cases in the current suite
Test Method:		"unitTests.tests_browserActions.maximizeWindow"
###############################################################################################################################################



################################################################################################################################################
Starting Execution:	"14 out of 179" test cases in the current suite
Test Method:		"unitTests.tests_browserActions.navigateBack"
###############################################################################################################################################



################################################################################################################################################
Starting Execution:	"15 out of 179" test cases in the current suite
Test Method:		"unitTests.tests_browserActions.navigateForward"
###############################################################################################################################################



################################################################################################################################################
Starting Execution:	"16 out of 179" test cases in the current suite
Test Method:		"unitTests.tests_browserActions.navigateToURL"
###############################################################################################################################################



################################################################################################################################################
Starting Execution:	"17 out of 179" test cases in the current suite
Test Method:		"unitTests.tests_browserActions.navigateToURLWithRedirection"
###############################################################################################################################################



################################################################################################################################################
Starting Execution:	"18 out of 179" test cases in the current suite
Test Method:		"unitTests.tests_browserActions.refreshCurrentPage"
###############################################################################################################################################



################################################################################################################################################
Starting Execution:	"19 out of 179" test cases in the current suite
Test Method:		"unitTests.tests_browserActions.setWindowSize"
###############################################################################################################################################

[ReportManager] Loaded Test Data: "src/test/resources/testDataFiles/testSuite01/TestData.xlsx". @04-04-2022 19:38:28.0748 PM
[ReportManager] Successfully created attachment "Test Data - Excel" @04-04-2022 19:38:28.0749 P

################################################################################################################################################
Starting Execution:	"20 out of 179" test cases in the current suite
Test Method:		"unitTests.tests_io_excelFileManager.getCellData_rowName_expectedToPass"
################################################################################################################################################
[ReportManager] testRowData. @04-04-2022 19:38:28.0776 P

################################################################################################################################################
Starting Execution:	"21 out of 179" test cases in the current suite
Test Method:		"unitTests.tests_validations_assertions.assertComparativeRelation_greaterThanOrEquals_false_equals_expectedToFail"
################################################################################################################################################
[ReportManager] Assertion "ValidateComparativeRelation" FAILED. Expected "1" and Actual "1". Comparison Type "GREATER_THAN_OR_EQUALS". Validation Type "NEGATIVE". @04-04-2022 19:38:28.0785 P

################################################################################################################################################
Starting Execution:	"22 out of 179" test cases in the current suite
Test Method:		"unitTests.tests_validations_assertions.assertComparativeRelation_greaterThanOrEquals_false_equals_expectedToPass"
################################################################################################################################################
[ReportManager] Assertion "ValidateComparativeRelation" PASSED. Expected "2" and Actual "1". Comparison Type "GREATER_THAN_OR_EQUALS". Validation Type "NEGATIVE". @04-04-2022 19:38:28.0790 P

################################################################################################################################################
Starting Execution:	"23 out of 179" test cases in the current suite
Test Method:		"unitTests.tests_validations_assertions.assertComparativeRelation_greaterThanOrEquals_false_greaterThan_expectedToFail"
################################################################################################################################################
[ReportManager] Assertion "ValidateComparativeRelation" FAILED. Expected "1" and Actual "2". Comparison Type "GREATER_THAN_OR_EQUALS". Validation Type "NEGATIVE". @04-04-2022 19:38:28.0794 P

################################################################################################################################################
Starting Execution:	"24 out of 179" test cases in the current suite
Test Method:		"unitTests.tests_validations_assertions.assertComparativeRelation_greaterThanOrEquals_false_greaterThan_expectedToPass"
################################################################################################################################################
[ReportManager] Assertion "ValidateComparativeRelation" PASSED. Expected "2" and Actual "1". Comparison Type "GREATER_THAN_OR_EQUALS". Validation Type "NEGATIVE". @04-04-2022 19:38:28.0798 P

################################################################################################################################################
Starting Execution:	"25 out of 179" test cases in the current suite
Test Method:		"unitTests.tests_validations_assertions.assertComparativeRelation_greaterThanOrEquals_true_equals_expectedToFail"
################################################################################################################################################
[ReportManager] Assertion "ValidateComparativeRelation" FAILED. Expected "1" and Actual "0". Comparison Type "GREATER_THAN_OR_EQUALS". Validation Type "POSITIVE". @04-04-2022 19:38:28.0802 P

################################################################################################################################################
Starting Execution:	"26 out of 179" test cases in the current suite
Test Method:		"unitTests.tests_validations_assertions.assertComparativeRelation_greaterThanOrEquals_true_equals_expectedToPass"
################################################################################################################################################
[ReportManager] Assertion "ValidateComparativeRelation" PASSED. Expected "1" and Actual "1". Comparison Type "GREATER_THAN_OR_EQUALS". Validation Type "POSITIVE". @04-04-2022 19:38:28.0806 P

################################################################################################################################################
Starting Execution:	"27 out of 179" test cases in the current suite
Test Method:		"unitTests.tests_validations_assertions.assertComparativeRelation_greaterThanOrEquals_true_greaterThan_expectedToFail"
################################################################################################################################################
[ReportManager] Assertion "ValidateComparativeRelation" FAILED. Expected "2" and Actual "1". Comparison Type "GREATER_THAN_OR_EQUALS". Validation Type "POSITIVE". @04-04-2022 19:38:28.0810 P

################################################################################################################################################
Starting Execution:	"28 out of 179" test cases in the current suite
Test Method:		"unitTests.tests_validations_assertions.assertComparativeRelation_greaterThanOrEquals_true_greaterThan_expectedToPass"
################################################################################################################################################
[ReportManager] Assertion "ValidateComparativeRelation" PASSED. Expected "1" and Actual "2". Comparison Type "GREATER_THAN_OR_EQUALS". Validation Type "POSITIVE". @04-04-2022 19:38:28.0813 P
[ReportManager] File Action "GetAbsolutePath" successfully performed. With the following test data "Relative Folder Path: "target/downloadedFiles/"". @04-04-2022 19:38:28.0816 PM
[ReportManager] Attempting to run locally on: "Mac-64 | Safari", Headless Execution. @04-04-2022 19:38:28.0816 PM
[ReportManager] Successfully Opened Safari. @04-04-2022 19:38:29.0688 PM
[ReportManager] Initial window size: (800, 600) @04-04-2022 19:38:29.0708 PM
[ReportManager] Window size after SWD Maximize: (1176, 803) @04-04-2022 19:38:29.0741 PM
[ReportManager] Maximize window "New screen size is now: (1176, 803)". @04-04-2022 19:38:29.0741 PM
[ReportManager] Target URL: "https://www.google.com/ncr", and after redirection: "www.google.com" @04-04-2022 19:38:29.0741 PM
[ReportManager] Initial URL: "" @04-04-2022 19:38:29.0786 PM
[ReportManager] Navigate to url "https://www.google.com/ncr". @04-04-2022 19:38:31.0113 P

################################################################################################################################################
Starting Execution:	"29 out of 179" test cases in the current suite
Test Method:		"unitTests.tests_validations_assertions.assertElementAttribute_false_caseInsensitiveComparison_expectedToFail"
################################################################################################################################################
[ReportManager] Type "AUTOMATION". @04-04-2022 19:38:31.0549 PM
[ReportManager] Get text "AUTOMATION". @04-04-2022 19:38:31.0651 PM
[ReportManager] Assertion "ValidateElementAttribute" FAILED. Expected "Value Should not be 'AutomaTion' for the 'text' attribute, element locator 'By.name: q'" and Actual "AUTOMATION". Comparison Type "CASE_INSENSITIVE". Validation Type "NEGATIVE". @04-04-2022 19:38:32.0093 PM
[ReportManager] Successfully created attachment "Screenshot - 1649101111957_assertElementAttribute_false_caseInsensitiveComparison_expectedToFail_ValidateElementAttribute_failed" @04-04-2022 19:38:32.0098 P
[ReportManager] Close current window. @04-04-2022 19:38:32.0418 PM
[ReportManager] Successfully created attachment "Browser Action Test Data - Close current window - Actual Value" @04-04-2022 19:38:32.0419 P
[ReportManager] File Action "GetAbsolutePath" successfully performed. With the following test data "Relative Folder Path: "target/downloadedFiles/"". @04-04-2022 19:38:32.0424 PM
[ReportManager] Attempting to run locally on: "Mac-64 | Safari", Headless Execution. @04-04-2022 19:38:32.0424 PM
[ReportManager] Successfully Opened Safari. @04-04-2022 19:38:33.0288 PM
[ReportManager] Initial window size: (800, 600) @04-04-2022 19:38:33.0300 PM
[ReportManager] Window size after SWD Maximize: (1176, 803) @04-04-2022 19:38:33.0330 PM
[ReportManager] Maximize window "New screen size is now: (1176, 803)". @04-04-2022 19:38:33.0331 PM
[ReportManager] Target URL: "https://www.google.com/ncr", and after redirection: "www.google.com" @04-04-2022 19:38:33.0331 PM
[ReportManager] Initial URL: "" @04-04-2022 19:38:33.0375 PM
[ReportManager] Navigate to url "https://www.google.com/ncr". @04-04-2022 19:38:34.0766 P

################################################################################################################################################
Starting Execution:	"30 out of 179" test cases in the current suite
Test Method:		"unitTests.tests_validations_assertions.assertElementAttribute_false_caseInsensitiveComparison_expectedToPass"
################################################################################################################################################
[ReportManager] Type "AUTOMATION". @04-04-2022 19:38:35.0317 PM
[ReportManager] Get text "AUTOMATION". @04-04-2022 19:38:35.0410 PM
[ReportManager] Assertion "ValidateElementAttribute" PASSED. Expected "Value Should not be 'AutomaTion123' for the 'text' attribute, element locator 'By.name: q'" and Actual "AUTOMATION". Comparison Type "CASE_INSENSITIVE". Validation Type "NEGATIVE". @04-04-2022 19:38:35.0587 PM
[ReportManager] Successfully created attachment "Screenshot - 1649101115513_assertElementAttribute_false_caseInsensitiveComparison_expectedToPass_ValidateElementAttribute_passed" @04-04-2022 19:38:35.0589 P
[ReportManager] Close current window. @04-04-2022 19:38:35.0938 PM
[ReportManager] Successfully created attachment "Browser Action Test Data - Close current window - Actual Value" @04-04-2022 19:38:35.0939 P
[ReportManager] File Action "GetAbsolutePath" successfully performed. With the following test data "Relative Folder Path: "target/downloadedFiles/"". @04-04-2022 19:38:35.0942 PM
[ReportManager] Attempting to run locally on: "Mac-64 | Safari", Headless Execution. @04-04-2022 19:38:35.0943 PM
[ReportManager] Successfully Opened Safari. @04-04-2022 19:38:36.0828 PM
[ReportManager] Initial window size: (800, 600) @04-04-2022 19:38:36.0847 PM
[ReportManager] Window size after SWD Maximize: (1176, 803) @04-04-2022 19:38:36.0875 PM
[ReportManager] Maximize window "New screen size is now: (1176, 803)". @04-04-2022 19:38:36.0876 PM
[ReportManager] Target URL: "https://www.google.com/ncr", and after redirection: "www.google.com" @04-04-2022 19:38:36.0876 PM
[ReportManager] Initial URL: "" @04-04-2022 19:38:36.0950 PM
[ReportManager] Navigate to url "https://www.google.com/ncr". @04-04-2022 19:38:38.0388 P

################################################################################################################################################
Starting Execution:	"31 out of 179" test cases in the current suite
Test Method:		"unitTests.tests_validations_assertions.assertElementAttribute_false_containsComparison_expectedToFail"
################################################################################################################################################
[ReportManager] Type "Automation123". @04-04-2022 19:38:38.0815 PM
[ReportManager] Get text "Automation123". @04-04-2022 19:38:38.0882 PM
[ReportManager] Assertion "ValidateElementAttribute" FAILED. Expected "Value Should not be 'Automation' for the 'text' attribute, element locator 'By.name: q'" and Actual "Automation123". Comparison Type "CONTAINS". Validation Type "NEGATIVE". @04-04-2022 19:38:39.0060 PM
[ReportManager] Successfully created attachment "Screenshot - 1649101118986_assertElementAttribute_false_containsComparison_expectedToFail_ValidateElementAttribute_failed" @04-04-2022 19:38:39.0062 P
[ReportManager] Close current window. @04-04-2022 19:38:39.0212 PM
[ReportManager] Successfully created attachment "Browser Action Test Data - Close current window - Actual Value" @04-04-2022 19:38:39.0214 P
[ReportManager] File Action "GetAbsolutePath" successfully performed. With the following test data "Relative Folder Path: "target/downloadedFiles/"". @04-04-2022 19:38:39.0217 PM
[ReportManager] Attempting to run locally on: "Mac-64 | Safari", Headless Execution. @04-04-2022 19:38:39.0217 PM
[ReportManager] Successfully Opened Safari. @04-04-2022 19:38:40.0070 PM
[ReportManager] Initial window size: (800, 600) @04-04-2022 19:38:40.0093 PM
[ReportManager] Window size after SWD Maximize: (1176, 803) @04-04-2022 19:38:40.0111 PM
[ReportManager] Maximize window "New screen size is now: (1176, 803)". @04-04-2022 19:38:40.0112 PM
[ReportManager] Target URL: "https://www.google.com/ncr", and after redirection: "www.google.com" @04-04-2022 19:38:40.0112 PM
[ReportManager] Initial URL: "" @04-04-2022 19:38:40.0189 PM
[ReportManager] Navigate to url "https://www.google.com/ncr". @04-04-2022 19:38:41.0918 P

################################################################################################################################################
Starting Execution:	"32 out of 179" test cases in the current suite
Test Method:		"unitTests.tests_validations_assertions.assertElementAttribute_false_containsComparison_expectedToPass"
################################################################################################################################################
[ReportManager] Type "Automation123". @04-04-2022 19:38:42.0220 PM
[ReportManager] Get text "Automation123". @04-04-2022 19:38:42.0280 PM
[ReportManager] Assertion "ValidateElementAttribute" PASSED. Expected "Value Should not be 'Automation1234' for the 'text' attribute, element locator 'By.name: q'" and Actual "Automation123". Comparison Type "CONTAINS". Validation Type "NEGATIVE". @04-04-2022 19:38:42.0446 PM
[ReportManager] Successfully created attachment "Screenshot - 1649101122375_assertElementAttribute_false_containsComparison_expectedToPass_ValidateElementAttribute_passed" @04-04-2022 19:38:42.0447 P
[ReportManager] Close current window. @04-04-2022 19:38:42.0815 PM
[ReportManager] Successfully created attachment "Browser Action Test Data - Close current window - Actual Value" @04-04-2022 19:38:42.0816 P
[ReportManager] File Action "GetAbsolutePath" successfully performed. With the following test data "Relative Folder Path: "target/downloadedFiles/"". @04-04-2022 19:38:42.0821 PM
[ReportManager] Attempting to run locally on: "Mac-64 | Safari", Headless Execution. @04-04-2022 19:38:42.0822 PM
[ReportManager] Successfully Opened Safari. @04-04-2022 19:38:43.0653 PM
[ReportManager] Initial window size: (800, 600) @04-04-2022 19:38:43.0668 PM
[ReportManager] Window size after SWD Maximize: (1176, 803) @04-04-2022 19:38:43.0700 PM
[ReportManager] Maximize window "New screen size is now: (1176, 803)". @04-04-2022 19:38:43.0701 PM
[ReportManager] Target URL: "https://www.google.com/ncr", and after redirection: "www.google.com" @04-04-2022 19:38:43.0701 PM
[ReportManager] Initial URL: "" @04-04-2022 19:38:43.0747 PM
[ReportManager] Navigate to url "https://www.google.com/ncr". @04-04-2022 19:38:45.0147 P

################################################################################################################################################
Starting Execution:	"33 out of 179" test cases in the current suite
Test Method:		"unitTests.tests_validations_assertions.assertElementAttribute_false_literalComparison_expectedToFail"
################################################################################################################################################
[ReportManager] Type "Automation!@#$%^&*()_+{}[]\';/.,". @04-04-2022 19:38:45.0873 PM
[ReportManager] Get text "Automation!@#$%^&*()_+{}[]\';/.,". @04-04-2022 19:38:45.0942 PM
[ReportManager] Assertion "ValidateElementAttribute" PASSED. Expected "Value Should not be 'Automation!@#$%^&*()_+{}[]\\';/.,' for the 'text' attribute, element locator 'By.name: q'" and Actual "Automation!@#$%^&*()_+{}[]\';/.,". Comparison Type "EQUALS". Validation Type "NEGATIVE". @04-04-2022 19:38:46.0216 PM
[ReportManager] Successfully created attachment "Screenshot - 1649101126143_assertElementAttribute_false_literalComparison_expectedToFail_ValidateElementAttribute_passed" @04-04-2022 19:38:46.0217 P
[ReportManager] Close current window. @04-04-2022 19:38:46.0572 PM
[ReportManager] Successfully created attachment "Browser Action Test Data - Close current window - Actual Value" @04-04-2022 19:38:46.0573 P
[ReportManager] File Action "GetAbsolutePath" successfully performed. With the following test data "Relative Folder Path: "target/downloadedFiles/"". @04-04-2022 19:38:46.0576 PM
[ReportManager] Attempting to run locally on: "Mac-64 | Safari", Headless Execution. @04-04-2022 19:38:46.0576 PM
[ReportManager] Successfully Opened Safari. @04-04-2022 19:38:47.0426 PM
[ReportManager] Initial window size: (800, 600) @04-04-2022 19:38:47.0446 PM
[ReportManager] Window size after SWD Maximize: (1176, 803) @04-04-2022 19:38:47.0472 PM
[ReportManager] Maximize window "New screen size is now: (1176, 803)". @04-04-2022 19:38:47.0473 PM
[ReportManager] Target URL: "https://www.google.com/ncr", and after redirection: "www.google.com" @04-04-2022 19:38:47.0473 PM
[ReportManager] Initial URL: "" @04-04-2022 19:38:47.0565 PM
[ReportManager] Navigate to url "https://www.google.com/ncr". @04-04-2022 19:38:49.0102 P

################################################################################################################################################
Starting Execution:	"34 out of 179" test cases in the current suite
Test Method:		"unitTests.tests_validations_assertions.assertElementAttribute_false_literalComparison_expectedToPass"
################################################################################################################################################
[ReportManager] Type "Automation!@#$%^&*()_+{}[]\';/.,". @04-04-2022 19:38:50.0294 PM
[ReportManager] Get text "Automation!@#$%^&*()_+{}[]\';/.,". @04-04-2022 19:38:50.0367 PM
[ReportManager] Assertion "ValidateElementAttribute" PASSED. Expected "Value Should not be 'Automation' for the 'text' attribute, element locator 'By.name: q'" and Actual "Automation!@#$%^&*()_+{}[]\';/.,". Comparison Type "EQUALS". Validation Type "NEGATIVE". @04-04-2022 19:38:50.0528 PM
[ReportManager] Successfully created attachment "Screenshot - 1649101130459_assertElementAttribute_false_literalComparison_expectedToPass_ValidateElementAttribute_passed" @04-04-2022 19:38:50.0530 P
[ReportManager] Close current window. @04-04-2022 19:38:50.0700 PM
[ReportManager] Successfully created attachment "Browser Action Test Data - Close current window - Actual Value" @04-04-2022 19:38:50.0701 P
[ReportManager] File Action "GetAbsolutePath" successfully performed. With the following test data "Relative Folder Path: "target/downloadedFiles/"". @04-04-2022 19:38:50.0704 PM
[ReportManager] Attempting to run locally on: "Mac-64 | Safari", Headless Execution. @04-04-2022 19:38:50.0705 PM
[ReportManager] Successfully Opened Safari. @04-04-2022 19:38:51.0536 PM
[ReportManager] Initial window size: (800, 600) @04-04-2022 19:38:51.0559 PM
[ReportManager] Window size after SWD Maximize: (1176, 803) @04-04-2022 19:38:51.0574 PM
[ReportManager] Maximize window "New screen size is now: (1176, 803)". @04-04-2022 19:38:51.0575 PM
[ReportManager] Target URL: "https://www.google.com/ncr", and after redirection: "www.google.com" @04-04-2022 19:38:51.0575 PM
[ReportManager] Initial URL: "" @04-04-2022 19:38:51.0632 PM
[ReportManager] Navigate to url "https://www.google.com/ncr". @04-04-2022 19:38:53.0112 P

################################################################################################################################################
Starting Execution:	"35 out of 179" test cases in the current suite
Test Method:		"unitTests.tests_validations_assertions.assertElementAttribute_false_regexComparison_expectedToFail"
################################################################################################################################################
[ReportManager] Type "Automation123". @04-04-2022 19:38:53.0776 PM
[ReportManager] Get text "Automation123". @04-04-2022 19:38:53.0849 PM
[ReportManager] Assertion "ValidateElementAttribute" FAILED. Expected "Value Should not be 'Automation.*' for the 'text' attribute, element locator 'By.name: q'" and Actual "Automation123". Comparison Type "MATCHES". Validation Type "NEGATIVE". @04-04-2022 19:38:54.0050 PM
[ReportManager] Successfully created attachment "Screenshot - 1649101133973_assertElementAttribute_false_regexComparison_expectedToFail_ValidateElementAttribute_failed" @04-04-2022 19:38:54.0052 P
[ReportManager] Close current window. @04-04-2022 19:38:54.0204 PM
[ReportManager] Successfully created attachment "Browser Action Test Data - Close current window - Actual Value" @04-04-2022 19:38:54.0206 P
[ReportManager] File Action "GetAbsolutePath" successfully performed. With the following test data "Relative Folder Path: "target/downloadedFiles/"". @04-04-2022 19:38:54.0210 PM
[ReportManager] Attempting to run locally on: "Mac-64 | Safari", Headless Execution. @04-04-2022 19:38:54.0210 PM
[ReportManager] Successfully Opened Safari. @04-04-2022 19:38:55.0068 PM
[ReportManager] Initial window size: (800, 600) @04-04-2022 19:38:55.0096 PM
[ReportManager] Window size after SWD Maximize: (1176, 803) @04-04-2022 19:38:55.0133 PM
[ReportManager] Maximize window "New screen size is now: (1176, 803)". @04-04-2022 19:38:55.0133 PM
[ReportManager] Target URL: "https://www.google.com/ncr", and after redirection: "www.google.com" @04-04-2022 19:38:55.0133 PM
[ReportManager] Initial URL: "" @04-04-2022 19:38:55.0185 PM
[ReportManager] Navigate to url "https://www.google.com/ncr". @04-04-2022 19:38:56.0610 P

################################################################################################################################################
Starting Execution:	"36 out of 179" test cases in the current suite
Test Method:		"unitTests.tests_validations_assertions.assertElementAttribute_false_regexComparison_expectedToPass"
################################################################################################################################################
[ReportManager] Type "Automation123". @04-04-2022 19:38:57.0224 PM
[ReportManager] Get text "Automation123". @04-04-2022 19:38:57.0296 PM
[ReportManager] Assertion "ValidateElementAttribute" PASSED. Expected "Value Should not be 'Automation' for the 'text' attribute, element locator 'By.name: q'" and Actual "Automation123". Comparison Type "MATCHES". Validation Type "NEGATIVE". @04-04-2022 19:38:57.0484 PM
[ReportManager] Successfully created attachment "Screenshot - 1649101137411_assertElementAttribute_false_regexComparison_expectedToPass_ValidateElementAttribute_passed" @04-04-2022 19:38:57.0485 P
[ReportManager] Close current window. @04-04-2022 19:38:57.0626 PM
[ReportManager] Successfully created attachment "Browser Action Test Data - Close current window - Actual Value" @04-04-2022 19:38:57.0627 P
[ReportManager] File Action "GetAbsolutePath" successfully performed. With the following test data "Relative Folder Path: "target/downloadedFiles/"". @04-04-2022 19:38:57.0631 PM
[ReportManager] Attempting to run locally on: "Mac-64 | Safari", Headless Execution. @04-04-2022 19:38:57.0631 PM
[ReportManager] Successfully Opened Safari. @04-04-2022 19:38:58.0486 PM
[ReportManager] Initial window size: (800, 600) @04-04-2022 19:38:58.0510 PM
[ReportManager] Window size after SWD Maximize: (1176, 803) @04-04-2022 19:38:58.0537 PM
[ReportManager] Maximize window "New screen size is now: (1176, 803)". @04-04-2022 19:38:58.0537 PM
[ReportManager] Target URL: "https://www.google.com/ncr", and after redirection: "www.google.com" @04-04-2022 19:38:58.0537 PM
[ReportManager] Initial URL: "" @04-04-2022 19:38:58.0582 PM
[ReportManager] Navigate to url "https://www.google.com/ncr". @04-04-2022 19:38:59.0908 P

################################################################################################################################################
Starting Execution:	"37 out of 179" test cases in the current suite
Test Method:		"unitTests.tests_validations_assertions.assertElementAttribute_true_caseInsensitiveComparison_expectedToFail"
################################################################################################################################################
[ReportManager] Type "AUTOMATION". @04-04-2022 19:39:00.0552 PM
[ReportManager] Get text "AUTOMATION". @04-04-2022 19:39:00.0610 PM
[ReportManager] Assertion "ValidateElementAttribute" FAILED. Expected "Value Should be 'AutomaTion123' for the 'text' attribute, element locator 'By.name: q'" and Actual "AUTOMATION". Comparison Type "CASE_INSENSITIVE". Validation Type "POSITIVE". @04-04-2022 19:39:00.0796 PM
[ReportManager] Successfully created attachment "Screenshot - 1649101140724_assertElementAttribute_true_caseInsensitiveComparison_expectedToFail_ValidateElementAttribute_failed" @04-04-2022 19:39:00.0798 P
[ReportManager] Close current window. @04-04-2022 19:39:01.0150 PM
[ReportManager] Successfully created attachment "Browser Action Test Data - Close current window - Actual Value" @04-04-2022 19:39:01.0151 P
[ReportManager] File Action "GetAbsolutePath" successfully performed. With the following test data "Relative Folder Path: "target/downloadedFiles/"". @04-04-2022 19:39:01.0155 PM
[ReportManager] Attempting to run locally on: "Mac-64 | Safari", Headless Execution. @04-04-2022 19:39:01.0155 PM
[ReportManager] Successfully Opened Safari. @04-04-2022 19:39:02.0039 PM
[ReportManager] Initial window size: (800, 600) @04-04-2022 19:39:02.0073 PM
[ReportManager] Window size after SWD Maximize: (1176, 803) @04-04-2022 19:39:02.0105 PM
[ReportManager] Maximize window "New screen size is now: (1176, 803)". @04-04-2022 19:39:02.0106 PM
[ReportManager] Target URL: "https://www.google.com/ncr", and after redirection: "www.google.com" @04-04-2022 19:39:02.0106 PM
[ReportManager] Initial URL: "" @04-04-2022 19:39:02.0163 PM
[ReportManager] Navigate to url "https://www.google.com/ncr". @04-04-2022 19:39:03.0539 P

################################################################################################################################################
Starting Execution:	"38 out of 179" test cases in the current suite
Test Method:		"unitTests.tests_validations_assertions.assertElementAttribute_true_caseInsensitiveComparison_expectedToPass"
################################################################################################################################################
[ReportManager] Type "AUTOMATION". @04-04-2022 19:39:04.0076 PM
[ReportManager] Get text "AUTOMATION". @04-04-2022 19:39:04.0180 PM
[ReportManager] Assertion "ValidateElementAttribute" PASSED. Expected "Value Should be 'AutomaTion' for the 'text' attribute, element locator 'By.name: q'" and Actual "AUTOMATION". Comparison Type "CASE_INSENSITIVE". Validation Type "POSITIVE". @04-04-2022 19:39:04.0409 PM
[ReportManager] Successfully created attachment "Screenshot - 1649101144308_assertElementAttribute_true_caseInsensitiveComparison_expectedToPass_ValidateElementAttribute_passed" @04-04-2022 19:39:04.0412 P
[ReportManager] Close current window. @04-04-2022 19:39:04.0793 PM
[ReportManager] Successfully created attachment "Browser Action Test Data - Close current window - Actual Value" @04-04-2022 19:39:04.0794 P
[ReportManager] File Action "GetAbsolutePath" successfully performed. With the following test data "Relative Folder Path: "target/downloadedFiles/"". @04-04-2022 19:39:04.0797 PM
[ReportManager] Attempting to run locally on: "Mac-64 | Safari", Headless Execution. @04-04-2022 19:39:04.0797 PM
[ReportManager] Successfully Opened Safari. @04-04-2022 19:39:05.0633 PM
[ReportManager] Initial window size: (800, 600) @04-04-2022 19:39:05.0702 PM
[ReportManager] Window size after SWD Maximize: (1176, 803) @04-04-2022 19:39:05.0748 PM
[ReportManager] Maximize window "New screen size is now: (1176, 803)". @04-04-2022 19:39:05.0749 PM
[ReportManager] Target URL: "https://www.google.com/ncr", and after redirection: "www.google.com" @04-04-2022 19:39:05.0749 PM
[ReportManager] Initial URL: "" @04-04-2022 19:39:05.0781 PM
[ReportManager] Navigate to url "https://www.google.com/ncr". @04-04-2022 19:39:07.0207 P

################################################################################################################################################
Starting Execution:	"39 out of 179" test cases in the current suite
Test Method:		"unitTests.tests_validations_assertions.assertElementAttribute_true_containsComparison_expectedToFail"
################################################################################################################################################
[ReportManager] Type "Automation123". @04-04-2022 19:39:07.0698 PM
[ReportManager] Get text "Automation123". @04-04-2022 19:39:07.0756 PM
[ReportManager] Assertion "ValidateElementAttribute" FAILED. Expected "Value Should be 'Automation1234' for the 'text' attribute, element locator 'By.name: q'" and Actual "Automation123". Comparison Type "CONTAINS". Validation Type "POSITIVE". @04-04-2022 19:39:07.0986 PM
[ReportManager] Successfully created attachment "Screenshot - 1649101147869_assertElementAttribute_true_containsComparison_expectedToFail_ValidateElementAttribute_failed" @04-04-2022 19:39:07.0988 P
[ReportManager] Close current window. @04-04-2022 19:39:08.0322 PM
[ReportManager] Successfully created attachment "Browser Action Test Data - Close current window - Actual Value" @04-04-2022 19:39:08.0323 P
[ReportManager] File Action "GetAbsolutePath" successfully performed. With the following test data "Relative Folder Path: "target/downloadedFiles/"". @04-04-2022 19:39:08.0326 PM
[ReportManager] Attempting to run locally on: "Mac-64 | Safari", Headless Execution. @04-04-2022 19:39:08.0327 PM
[ReportManager] Successfully Opened Safari. @04-04-2022 19:39:09.0168 PM
[ReportManager] Initial window size: (800, 600) @04-04-2022 19:39:09.0179 PM
[ReportManager] Window size after SWD Maximize: (1176, 803) @04-04-2022 19:39:09.0198 PM
[ReportManager] Maximize window "New screen size is now: (1176, 803)". @04-04-2022 19:39:09.0199 PM
[ReportManager] Target URL: "https://www.google.com/ncr", and after redirection: "www.google.com" @04-04-2022 19:39:09.0199 PM
[ReportManager] Initial URL: "" @04-04-2022 19:39:09.0261 PM
[ReportManager] Navigate to url "https://www.google.com/ncr". @04-04-2022 19:39:10.0607 P

################################################################################################################################################
Starting Execution:	"40 out of 179" test cases in the current suite
Test Method:		"unitTests.tests_validations_assertions.assertElementAttribute_true_containsComparison_expectedToPass"
################################################################################################################################################
[ReportManager] Type "Automation123". @04-04-2022 19:39:10.0953 PM
[ReportManager] Get text "Automation123". @04-04-2022 19:39:11.0048 PM
[ReportManager] Assertion "ValidateElementAttribute" PASSED. Expected "Value Should be 'Automation' for the 'text' attribute, element locator 'By.name: q'" and Actual "Automation123". Comparison Type "CONTAINS". Validation Type "POSITIVE". @04-04-2022 19:39:11.0272 PM
[ReportManager] Successfully created attachment "Screenshot - 1649101151183_assertElementAttribute_true_containsComparison_expectedToPass_ValidateElementAttribute_passed" @04-04-2022 19:39:11.0275 P
[ReportManager] Close current window. @04-04-2022 19:39:11.0611 PM
[ReportManager] Successfully created attachment "Browser Action Test Data - Close current window - Actual Value" @04-04-2022 19:39:11.0612 P
[ReportManager] File Action "GetAbsolutePath" successfully performed. With the following test data "Relative Folder Path: "target/downloadedFiles/"". @04-04-2022 19:39:11.0616 PM
[ReportManager] Attempting to run locally on: "Mac-64 | Safari", Headless Execution. @04-04-2022 19:39:11.0616 PM
[ReportManager] Successfully Opened Safari. @04-04-2022 19:39:12.0501 PM
[ReportManager] Initial window size: (800, 600) @04-04-2022 19:39:12.0522 PM
[ReportManager] Window size after SWD Maximize: (1176, 803) @04-04-2022 19:39:12.0537 PM
[ReportManager] Maximize window "New screen size is now: (1176, 803)". @04-04-2022 19:39:12.0538 PM
[ReportManager] Target URL: "https://www.google.com/ncr", and after redirection: "www.google.com" @04-04-2022 19:39:12.0538 PM
[ReportManager] Initial URL: "" @04-04-2022 19:39:12.0592 PM
[ReportManager] Navigate to url "https://www.google.com/ncr". @04-04-2022 19:39:13.0838 P

################################################################################################################################################
Starting Execution:	"41 out of 179" test cases in the current suite
Test Method:		"unitTests.tests_validations_assertions.assertElementAttribute_true_literalComparison_expectedToFail"
################################################################################################################################################
[ReportManager] Type "Automation!@#$%^&*()_+{}[]\';/.,". @04-04-2022 19:39:14.0978 PM
[ReportManager] Get text "Automation!@#$%^&*()_+{}[]\';/.,". @04-04-2022 19:39:15.0065 PM
[ReportManager] Assertion "ValidateElementAttribute" FAILED. Expected "Value Should be 'Automation' for the 'text' attribute, element locator 'By.name: q'" and Actual "Automation!@#$%^&*()_+{}[]\';/.,". Comparison Type "EQUALS". Validation Type "POSITIVE". @04-04-2022 19:39:15.0250 PM
[ReportManager] Successfully created attachment "Screenshot - 1649101155165_assertElementAttribute_true_literalComparison_expectedToFail_ValidateElementAttribute_failed" @04-04-2022 19:39:15.0252 P
[ReportManager] Close current window. @04-04-2022 19:39:15.0634 PM
[ReportManager] Successfully created attachment "Browser Action Test Data - Close current window - Actual Value" @04-04-2022 19:39:15.0635 P
[ReportManager] File Action "GetAbsolutePath" successfully performed. With the following test data "Relative Folder Path: "target/downloadedFiles/"". @04-04-2022 19:39:15.0639 PM
[ReportManager] Attempting to run locally on: "Mac-64 | Safari", Headless Execution. @04-04-2022 19:39:15.0639 PM
[ReportManager] An Exception Occured with this Message: Could not start a new session. Possible causes are invalid address of the remote server or browser start-up failure.. @04-04-2022 19:39:15.0719 PM
[ReportManager] Successfully created attachment "Exception Stack Trace - org.openqa.selenium.SessionNotCreatedException" @04-04-2022 19:39:15.0760 PM
[ReportManager] Driver Factory Action "createNewLocalDriverInstanceForSafari" failed. With the following test data "Failed to create a session on DESKTOP_SAFARI". @04-04-2022 19:39:15.0761 P

################################################################################################################################################
Starting Execution:	"42 out of 179" test cases in the current suite
Test Method:		"unitTests.tests_validations_assertions.assertElementAttribute_true_literalComparison_expectedToPass"
###############################################################################################################################################



################################################################################################################################################
Starting Execution:	"43 out of 179" test cases in the current suite
Test Method:		"unitTests.tests_validations_assertions.assertElementAttribute_true_regexComparison_expectedToFail"
###############################################################################################################################################



################################################################################################################################################
Starting Execution:	"44 out of 179" test cases in the current suite
Test Method:		"unitTests.tests_validations_assertions.assertElementAttribute_true_regexComparison_expectedToPass"
###############################################################################################################################################



################################################################################################################################################
Starting Execution:	"45 out of 179" test cases in the current suite
Test Method:		"unitTests.tests_validations_assertions.assertElementAttribute_type_true_literalComparison_expectedToPass"
###############################################################################################################################################



################################################################################################################################################
Starting Execution:	"46 out of 179" test cases in the current suite
Test Method:		"unitTests.tests_validations_assertions.assertElementExists_false_expectedToFail"
###############################################################################################################################################



################################################################################################################################################
Starting Execution:	"47 out of 179" test cases in the current suite
Test Method:		"unitTests.tests_validations_assertions.assertElementExists_false_expectedToPass"
###############################################################################################################################################



################################################################################################################################################
Starting Execution:	"48 out of 179" test cases in the current suite
Test Method:		"unitTests.tests_validations_assertions.assertElementExists_false_multipleElementsFound_expectedToFail"
###############################################################################################################################################



################################################################################################################################################
Starting Execution:	"49 out of 179" test cases in the current suite
Test Method:		"unitTests.tests_validations_assertions.assertElementExists_true_expectedToFail"
###############################################################################################################################################



################################################################################################################################################
Starting Execution:	"50 out of 179" test cases in the current suite
Test Method:		"unitTests.tests_validations_assertions.assertElementExists_true_expectedToPass"
###############################################################################################################################################



################################################################################################################################################
Starting Execution:	"51 out of 179" test cases in the current suite
Test Method:		"unitTests.tests_validations_assertions.assertElementExists_true_multipleElementsFound_expectedToFail"
###############################################################################################################################################


################################################################################################################################################
Starting Execution:	"52 out of 179" test cases in the current suite
Test Method:		"unitTests.tests_validations_assertions.assertEquals_false_expectedToFail"
###############################################################################################################################################

################################################################################################################################################
Starting Execution:	"53 out of 179" test cases in the current suite
Test Method:		"unitTests.tests_validations_assertions.assertEquals_false_expectedToPass"
###############################################################################################################################################

################################################################################################################################################
Starting Execution:	"54 out of 179" test cases in the current suite
Test Method:		"unitTests.tests_validations_assertions.assertEquals_longCharacters"
###############################################################################################################################################

################################################################################################################################################
Starting Execution:	"55 out of 179" test cases in the current suite
Test Method:		"unitTests.tests_validations_assertions.assertEquals_longCharacters_Discreet"
###############################################################################################################################################

################################################################################################################################################
Starting Execution:	"56 out of 179" test cases in the current suite
Test Method:		"unitTests.tests_validations_assertions.assertEquals_true_expectedToFail"
###############################################################################################################################################

################################################################################################################################################
Starting Execution:	"57 out of 179" test cases in the current suite
Test Method:		"unitTests.tests_validations_assertions.assertEquals_true_expectedToPass"
Test Description:	"Assert that assertEquals works as expected when the two values are equal."
###############################################################################################################################################

################################################################################################################################################
Starting Execution:	"58 out of 179" test cases in the current suite
Test Method:		"unitTests.tests_validations_assertions.assertEquals_true_expectedToPass__"
###############################################################################################################################################

################################################################################################################################################
Starting Execution:	"59 out of 179" test cases in the current suite
Test Method:		"unitTests.tests_validations_assertions.assertFileExists_false_expectedToFail"
###############################################################################################################################################

################################################################################################################################################
Starting Execution:	"60 out of 179" test cases in the current suite
Test Method:		"unitTests.tests_validations_assertions.assertFileExists_false_expectedToPass"
###############################################################################################################################################

################################################################################################################################################
Starting Execution:	"61 out of 179" test cases in the current suite
Test Method:		"unitTests.tests_validations_assertions.assertFileExists_true_expectedToFail"
###############################################################################################################################################

################################################################################################################################################
Starting Execution:	"62 out of 179" test cases in the current suite
Test Method:		"unitTests.tests_validations_assertions.assertFileExists_true_expectedToPass"
###############################################################################################################################################

################################################################################################################################################
Starting Execution:	"63 out of 179" test cases in the current suite
Test Method:		"unitTests.tests_validations_assertions.assertNull_false_expectedToFail"
###############################################################################################################################################

################################################################################################################################################
Starting Execution:	"64 out of 179" test cases in the current suite
Test Method:		"unitTests.tests_validations_assertions.assertNull_false_expectedToPass"
###############################################################################################################################################

################################################################################################################################################
Starting Execution:	"65 out of 179" test cases in the current suite
Test Method:		"unitTests.tests_validations_assertions.assertNull_true_expectedToFail"
###############################################################################################################################################

################################################################################################################################################
Starting Execution:	"66 out of 179" test cases in the current suite
Test Method:		"unitTests.tests_validations_assertions.assertNull_true_expectedToPass"
###############################################################################################################################################

################################################################################################################################################
Starting Execution:	"67 out of 179" test cases in the current suite
Test Method:		"unitTests.tests_restActions.getPostsAndAssertBodyForSpecificTitle"
################################################################################################################################################
[ReportManager] Response status code: "200", status line: "HTTP/1.1 200 OK" @04-04-2022 19:39:18.0406 PM
[ReportManager] Assertion Passed: Evaluating the actual response status code against the expected one... @04-04-2022 19:39:18.0408 PM
[ReportManager] Assertion "ValidateComparativeRelation" PASSED. Expected "200" and Actual "200". Comparison Type "EQUALS". Validation Type "POSITIVE". @04-04-2022 19:39:18.0408 PM
[ReportManager] API Action "PerformRequest" successfully performed. With the following test data "Request Type: "GET" | Target Status Code: "200" | Service URL: "https://jsonplaceholder.typicode.com/posts" | Content Type: "*/*" | Response Time: "672ms"". @04-04-2022 19:39:19.0751 PM
[ReportManager] Successfully created attachment "API Request - Specifications" @04-04-2022 19:39:19.0854 PM
[ReportManager] Successfully created attachment "API Response - JSON Body" @04-04-2022 19:39:20.0280 PM
[ReportManager] API Action "GetResponseJSONValueAsList" successfully performed. @04-04-2022 19:39:20.0320 PM
[ReportManager] API Action "GetResponseJSONValue" successfully performed. With the following test data "title". @04-04-2022 19:39:20.0347 PM
[ReportManager] API Action "GetResponseJSONValue" successfully performed. With the following test data "title". @04-04-2022 19:39:20.0370 PM
[ReportManager] API Action "GetResponseJSONValue" successfully performed. With the following test data "body". @04-04-2022 19:39:20.0390 PM
[ReportManager] Assertion "ValidateEquals" PASSED. Expected "qui neque nisi nulla" and Actual "est rerum tempore vitae
sequi sint nihil reprehenderit dolor beatae ea dolores neque
fugiat blanditiis voluptate porro vel nihil molestiae ut reiciendis
qui aperiam non debitis possimus qui neque nisi nulla". Comparison Type "CONTAINS". Validation Type "POSITIVE". @04-04-2022 19:39:20.0391 PM
[ReportManager] API Action "GetResponseJSONValue" successfully performed. With the following test data "title". @04-04-2022 19:39:20.0495 PM
[ReportManager] API Action "GetResponseJSONValue" successfully performed. With the following test data "title". @04-04-2022 19:39:20.0525 PM
[ReportManager] API Action "GetResponseJSONValue" successfully performed. With the following test data "title". @04-04-2022 19:39:20.0542 PM
[ReportManager] API Action "GetResponseJSONValue" successfully performed. With the following test data "title". @04-04-2022 19:39:20.0559 PM
[ReportManager] API Action "GetResponseJSONValue" successfully performed. With the following test data "title". @04-04-2022 19:39:20.0584 PM
[ReportManager] API Action "GetResponseJSONValue" successfully performed. With the following test data "title". @04-04-2022 19:39:20.0610 PM
[ReportManager] API Action "GetResponseJSONValue" successfully performed. With the following test data "title". @04-04-2022 19:39:20.0633 PM
[ReportManager] API Action "GetResponseJSONValue" successfully performed. With the following test data "title". @04-04-2022 19:39:20.0674 PM
[ReportManager] API Action "GetResponseJSONValue" successfully performed. With the following test data "title". @04-04-2022 19:39:20.0694 PM
[ReportManager] API Action "GetResponseJSONValue" successfully performed. With the following test data "title". @04-04-2022 19:39:20.0712 PM
[ReportManager] API Action "GetResponseJSONValue" successfully performed. With the following test data "title". @04-04-2022 19:39:20.0731 PM
[ReportManager] API Action "GetResponseJSONValue" successfully performed. With the following test data "title". @04-04-2022 19:39:20.0748 PM
[ReportManager] API Action "GetResponseJSONValue" successfully performed. With the following test data "title". @04-04-2022 19:39:20.0764 PM
[ReportManager] API Action "GetResponseJSONValue" successfully performed. With the following test data "title". @04-04-2022 19:39:20.0784 PM
[ReportManager] API Action "GetResponseJSONValue" successfully performed. With the following test data "title". @04-04-2022 19:39:20.0815 PM
[ReportManager] API Action "GetResponseJSONValue" successfully performed. With the following test data "title". @04-04-2022 19:39:20.0831 PM
[ReportManager] API Action "GetResponseJSONValue" successfully performed. With the following test data "title". @04-04-2022 19:39:20.0848 PM
[ReportManager] API Action "GetResponseJSONValue" successfully performed. With the following test data "title". @04-04-2022 19:39:20.0931 PM
[ReportManager] API Action "GetResponseJSONValue" successfully performed. With the following test data "title". @04-04-2022 19:39:20.0946 PM
[ReportManager] API Action "GetResponseJSONValue" successfully performed. With the following test data "title". @04-04-2022 19:39:20.0960 PM
[ReportManager] API Action "GetResponseJSONValue" successfully performed. With the following test data "title". @04-04-2022 19:39:20.0990 PM
[ReportManager] API Action "GetResponseJSONValue" successfully performed. With the following test data "title". @04-04-2022 19:39:21.0010 PM
[ReportManager] API Action "GetResponseJSONValue" successfully performed. With the following test data "title". @04-04-2022 19:39:21.0139 PM
[ReportManager] API Action "GetResponseJSONValue" successfully performed. With the following test data "title". @04-04-2022 19:39:21.0184 PM
[ReportManager] API Action "GetResponseJSONValue" successfully performed. With the following test data "title". @04-04-2022 19:39:21.0201 PM
[ReportManager] API Action "GetResponseJSONValue" successfully performed. With the following test data "title". @04-04-2022 19:39:21.0225 PM
[ReportManager] API Action "GetResponseJSONValue" successfully performed. With the following test data "title". @04-04-2022 19:39:21.0241 PM
[ReportManager] API Action "GetResponseJSONValue" successfully performed. With the following test data "title". @04-04-2022 19:39:21.0256 PM
[ReportManager] API Action "GetResponseJSONValue" successfully performed. With the following test data "title". @04-04-2022 19:39:21.0270 PM
[ReportManager] API Action "GetResponseJSONValue" successfully performed. With the following test data "title". @04-04-2022 19:39:21.0285 PM
[ReportManager] API Action "GetResponseJSONValue" successfully performed. With the following test data "title". @04-04-2022 19:39:21.0438 PM
[ReportManager] API Action "GetResponseJSONValue" successfully performed. With the following test data "title". @04-04-2022 19:39:21.0500 PM
[ReportManager] API Action "GetResponseJSONValue" successfully performed. With the following test data "title". @04-04-2022 19:39:21.0521 PM
[ReportManager] API Action "GetResponseJSONValue" successfully performed. With the following test data "title". @04-04-2022 19:39:21.0565 PM
[ReportManager] API Action "GetResponseJSONValue" successfully performed. With the following test data "title". @04-04-2022 19:39:21.0605 PM
[ReportManager] API Action "GetResponseJSONValue" successfully performed. With the following test data "title". @04-04-2022 19:39:21.0619 PM
[ReportManager] API Action "GetResponseJSONValue" successfully performed. With the following test data "title". @04-04-2022 19:39:21.0672 PM
[ReportManager] API Action "GetResponseJSONValue" successfully performed. With the following test data "title". @04-04-2022 19:39:21.0697 PM
[ReportManager] API Action "GetResponseJSONValue" successfully performed. With the following test data "title". @04-04-2022 19:39:21.0761 PM
[ReportManager] API Action "GetResponseJSONValue" successfully performed. With the following test data "title". @04-04-2022 19:39:21.0792 PM
[ReportManager] API Action "GetResponseJSONValue" successfully performed. With the following test data "title". @04-04-2022 19:39:21.0812 PM
[ReportManager] API Action "GetResponseJSONValue" successfully performed. With the following test data "title". @04-04-2022 19:39:21.0834 PM
[ReportManager] API Action "GetResponseJSONValue" successfully performed. With the following test data "title". @04-04-2022 19:39:21.0865 PM
[ReportManager] API Action "GetResponseJSONValue" successfully performed. With the following test data "title". @04-04-2022 19:39:21.0915 PM
[ReportManager] API Action "GetResponseJSONValue" successfully performed. With the following test data "title". @04-04-2022 19:39:21.0993 PM
[ReportManager] API Action "GetResponseJSONValue" successfully performed. With the following test data "title". @04-04-2022 19:39:22.0061 PM
[ReportManager] API Action "GetResponseJSONValue" successfully performed. With the following test data "title". @04-04-2022 19:39:22.0162 PM
[ReportManager] API Action "GetResponseJSONValue" successfully performed. With the following test data "title". @04-04-2022 19:39:22.0201 PM
[ReportManager] API Action "GetResponseJSONValue" successfully performed. With the following test data "title". @04-04-2022 19:39:22.0218 PM
[ReportManager] API Action "GetResponseJSONValue" successfully performed. With the following test data "title". @04-04-2022 19:39:22.0318 PM
[ReportManager] API Action "GetResponseJSONValue" successfully performed. With the following test data "title". @04-04-2022 19:39:22.0356 PM
[ReportManager] API Action "GetResponseJSONValue" successfully performed. With the following test data "title". @04-04-2022 19:39:22.0445 PM
[ReportManager] API Action "GetResponseJSONValue" successfully performed. With the following test data "title". @04-04-2022 19:39:22.0483 PM
[ReportManager] API Action "GetResponseJSONValue" successfully performed. With the following test data "title". @04-04-2022 19:39:22.0609 PM
[ReportManager] API Action "GetResponseJSONValue" successfully performed. With the following test data "title". @04-04-2022 19:39:22.0647 PM
[ReportManager] API Action "GetResponseJSONValue" successfully performed. With the following test data "title". @04-04-2022 19:39:22.0672 PM
[ReportManager] API Action "GetResponseJSONValue" successfully performed. With the following test data "title". @04-04-2022 19:39:22.0721 PM
[ReportManager] API Action "GetResponseJSONValue" successfully performed. With the following test data "title". @04-04-2022 19:39:22.0812 PM
[ReportManager] API Action "GetResponseJSONValue" successfully performed. With the following test data "title". @04-04-2022 19:39:22.0831 PM
[ReportManager] API Action "GetResponseJSONValue" successfully performed. With the following test data "title". @04-04-2022 19:39:22.0951 PM
[ReportManager] API Action "GetResponseJSONValue" successfully performed. With the following test data "title". @04-04-2022 19:39:23.0062 PM
[ReportManager] API Action "GetResponseJSONValue" successfully performed. With the following test data "title". @04-04-2022 19:39:23.0083 PM
[ReportManager] API Action "GetResponseJSONValue" successfully performed. With the following test data "title". @04-04-2022 19:39:23.0097 PM
[ReportManager] API Action "GetResponseJSONValue" successfully performed. With the following test data "title". @04-04-2022 19:39:23.0114 PM
[ReportManager] API Action "GetResponseJSONValue" successfully performed. With the following test data "title". @04-04-2022 19:39:23.0184 PM
[ReportManager] API Action "GetResponseJSONValue" successfully performed. With the following test data "title". @04-04-2022 19:39:23.0202 PM
[ReportManager] API Action "GetResponseJSONValue" successfully performed. With the following test data "title". @04-04-2022 19:39:23.0256 PM
[ReportManager] API Action "GetResponseJSONValue" successfully performed. With the following test data "title". @04-04-2022 19:39:23.0320 PM
[ReportManager] API Action "GetResponseJSONValue" successfully performed. With the following test data "title". @04-04-2022 19:39:23.0341 PM
[ReportManager] API Action "GetResponseJSONValue" successfully performed. With the following test data "title". @04-04-2022 19:39:23.0381 PM
[ReportManager] API Action "GetResponseJSONValue" successfully performed. With the following test data "title". @04-04-2022 19:39:23.0407 PM
[ReportManager] API Action "GetResponseJSONValue" successfully performed. With the following test data "title". @04-04-2022 19:39:23.0468 PM
[ReportManager] API Action "GetResponseJSONValue" successfully performed. With the following test data "title". @04-04-2022 19:39:23.0532 PM
[ReportManager] API Action "GetResponseJSONValue" successfully performed. With the following test data "title". @04-04-2022 19:39:23.0588 PM
[ReportManager] API Action "GetResponseJSONValue" successfully performed. With the following test data "title". @04-04-2022 19:39:23.0612 PM
[ReportManager] API Action "GetResponseJSONValue" successfully performed. With the following test data "title". @04-04-2022 19:39:23.0670 PM
[ReportManager] API Action "GetResponseJSONValue" successfully performed. With the following test data "title". @04-04-2022 19:39:23.0692 PM
[ReportManager] API Action "GetResponseJSONValue" successfully performed. With the following test data "title". @04-04-2022 19:39:23.0705 PM
[ReportManager] API Action "GetResponseJSONValue" successfully performed. With the following test data "title". @04-04-2022 19:39:23.0721 PM
[ReportManager] API Action "GetResponseJSONValue" successfully performed. With the following test data "title". @04-04-2022 19:39:23.0741 PM
[ReportManager] API Action "GetResponseJSONValue" successfully performed. With the following test data "title". @04-04-2022 19:39:23.0844 PM
[ReportManager] API Action "GetResponseJSONValue" successfully performed. With the following test data "title". @04-04-2022 19:39:23.0861 PM
[ReportManager] API Action "GetResponseJSONValue" successfully performed. With the following test data "title". @04-04-2022 19:39:23.0937 PM
[ReportManager] API Action "GetResponseJSONValue" successfully performed. With the following test data "title". @04-04-2022 19:39:23.0963 PM
[ReportManager] API Action "GetResponseJSONValue" successfully performed. With the following test data "title". @04-04-2022 19:39:23.0977 PM
[ReportManager] API Action "GetResponseJSONValue" successfully performed. With the following test data "title". @04-04-2022 19:39:24.0017 PM
[ReportManager] API Action "GetResponseJSONValue" successfully performed. With the following test data "title". @04-04-2022 19:39:24.0039 PM
[ReportManager] API Action "GetResponseJSONValue" successfully performed. With the following test data "title". @04-04-2022 19:39:24.0060 PM
[ReportManager] API Action "GetResponseJSONValue" successfully performed. With the following test data "title". @04-04-2022 19:39:24.0085 PM
[ReportManager] API Action "GetResponseJSONValue" successfully performed. With the following test data "title". @04-04-2022 19:39:24.0107 PM
[ReportManager] API Action "GetResponseJSONValue" successfully performed. With the following test data "title". @04-04-2022 19:39:24.0147 PM
[ReportManager] API Action "GetResponseJSONValue" successfully performed. With the following test data "title". @04-04-2022 19:39:24.0196 PM
[ReportManager] API Action "GetResponseJSONValue" successfully performed. With the following test data "title". @04-04-2022 19:39:24.0212 PM
[ReportManager] API Action "GetResponseJSONValue" successfully performed. With the following test data "title". @04-04-2022 19:39:24.0228 PM
[ReportManager] API Action "GetResponseJSONValue" successfully performed. With the following test data "title". @04-04-2022 19:39:24.0245 PM
[ReportManager] API Action "GetResponseJSONValue" successfully performed. With the following test data "title". @04-04-2022 19:39:24.0290 PM
[ReportManager] API Action "GetResponseJSONValue" successfully performed. With the following test data "title". @04-04-2022 19:39:24.0329 PM
[ReportManager] API Action "GetResponseJSONValue" successfully performed. With the following test data "title". @04-04-2022 19:39:24.0345 P

################################################################################################################################################
Starting Execution:	"68 out of 179" test cases in the current suite
Test Method:		"unitTests.tests_restActions.validateUserEmail"
################################################################################################################################################
[ReportManager] Response status code: "200", status line: "HTTP/1.1 200 OK" @04-04-2022 19:39:24.0446 PM
[ReportManager] Assertion Passed: Evaluating the actual response status code against the expected one... @04-04-2022 19:39:24.0446 PM
[ReportManager] Assertion "ValidateComparativeRelation" PASSED. Expected "200" and Actual "200". Comparison Type "EQUALS". Validation Type "POSITIVE". @04-04-2022 19:39:24.0446 PM
[ReportManager] API Action "PerformRequest" successfully performed. With the following test data "Request Type: "GET" | Target Status Code: "200" | Service URL: "https://jsonplaceholder.typicode.com/users" | Content Type: "*/*" | Response Time: "73ms"". @04-04-2022 19:39:24.0469 PM
[ReportManager] Successfully created attachment "API Request - Specifications" @04-04-2022 19:39:24.0470 PM
[ReportManager] Successfully created attachment "API Response - JSON Body" @04-04-2022 19:39:24.0471 PM
[ReportManager] Assertion "ValidateEquals" PASSED. Expected and Actual values are attached. Comparison Type "CONTAINS". Validation Type "POSITIVE". @04-04-2022 19:39:24.0472 PM
[ReportManager] Successfully created attachment "Validation Test Data - Expected Value" @04-04-2022 19:39:24.0472 PM
[ReportManager] Successfully created attachment "Validation Test Data - Actual Value" @04-04-2022 19:39:24.0473 PM
[ReportManager] API Action "GetResponseJSONValueAsList" successfully performed. With the following test data "$". @04-04-2022 19:39:24.0483 PM
[ReportManager] API Action "GetResponseJSONValue" successfully performed. With the following test data "name". @04-04-2022 19:39:24.0495 PM
[ReportManager] API Action "GetResponseJSONValue" successfully performed. With the following test data "email". @04-04-2022 19:39:24.0507 PM
[ReportManager] Assertion "ValidateEquals" PASSED. Expected "Sincere@april.biz" and Actual "Sincere@april.biz". Comparison Type "EQUALS". Validation Type "POSITIVE". @04-04-2022 19:39:24.0507 PM
[ReportManager] API Action "GetResponseJSONValue" successfully performed. With the following test data "name". @04-04-2022 19:39:24.0519 PM
[ReportManager] API Action "GetResponseJSONValue" successfully performed. With the following test data "name". @04-04-2022 19:39:24.0531 PM
[ReportManager] API Action "GetResponseJSONValue" successfully performed. With the following test data "name". @04-04-2022 19:39:24.0543 PM
[ReportManager] API Action "GetResponseJSONValue" successfully performed. With the following test data "name". @04-04-2022 19:39:24.0554 PM
[ReportManager] API Action "GetResponseJSONValue" successfully performed. With the following test data "name". @04-04-2022 19:39:24.0565 PM
[ReportManager] API Action "GetResponseJSONValue" successfully performed. With the following test data "name". @04-04-2022 19:39:24.0578 PM
[ReportManager] API Action "GetResponseJSONValue" successfully performed. With the following test data "name". @04-04-2022 19:39:24.0601 PM
[ReportManager] API Action "GetResponseJSONValue" successfully performed. With the following test data "name". @04-04-2022 19:39:24.0620 PM
[ReportManager] API Action "GetResponseJSONValue" successfully performed. With the following test data "name". @04-04-2022 19:39:24.0636 P

################################################################################################################################################
Starting Execution:	"69 out of 179" test cases in the current suite
Test Method:		"unitTests.tests_restActions.validateUserId"
################################################################################################################################################
[ReportManager] Response status code: "200", status line: "HTTP/1.1 200 OK" @04-04-2022 19:39:24.0696 PM
[ReportManager] Assertion Passed: Evaluating the actual response status code against the expected one... @04-04-2022 19:39:24.0696 PM
[ReportManager] Assertion "ValidateComparativeRelation" PASSED. Expected "200" and Actual "200". Comparison Type "EQUALS". Validation Type "POSITIVE". @04-04-2022 19:39:24.0697 PM
[ReportManager] API Action "PerformRequest" successfully performed. With the following test data "Request Type: "GET" | Target Status Code: "200" | Service URL: "https://jsonplaceholder.typicode.com/users" | Content Type: "*/*" | Response Time: "48ms"". @04-04-2022 19:39:24.0725 PM
[ReportManager] Successfully created attachment "API Request - Specifications" @04-04-2022 19:39:24.0726 PM
[ReportManager] Successfully created attachment "API Response - JSON Body" @04-04-2022 19:39:24.0727 PM
[ReportManager] API Action "GetResponseJSONValueAsList" successfully performed. With the following test data "$". @04-04-2022 19:39:24.0736 PM
[ReportManager] API Action "GetResponseJSONValue" successfully performed. With the following test data "name". @04-04-2022 19:39:24.0750 PM
[ReportManager] API Action "GetResponseJSONValue" successfully performed. With the following test data "name". @04-04-2022 19:39:24.0771 PM
[ReportManager] API Action "GetResponseJSONValue" successfully performed. With the following test data "name". @04-04-2022 19:39:24.0787 PM
[ReportManager] API Action "GetResponseJSONValue" successfully performed. With the following test data "name". @04-04-2022 19:39:24.0804 PM
[ReportManager] API Action "GetResponseJSONValue" successfully performed. With the following test data "name". @04-04-2022 19:39:24.0818 PM
[ReportManager] API Action "GetResponseJSONValue" successfully performed. With the following test data "id". @04-04-2022 19:39:24.0846 PM
[ReportManager] API Action "GetResponseJSONValue" successfully performed. With the following test data "name". @04-04-2022 19:39:24.0876 PM
[ReportManager] API Action "GetResponseJSONValue" successfully performed. With the following test data "name". @04-04-2022 19:39:24.0908 PM
[ReportManager] API Action "GetResponseJSONValue" successfully performed. With the following test data "name". @04-04-2022 19:39:24.0926 PM
[ReportManager] API Action "GetResponseJSONValue" successfully performed. With the following test data "name". @04-04-2022 19:39:24.0951 PM
[ReportManager] API Action "GetResponseJSONValue" successfully performed. With the following test data "name". @04-04-2022 19:39:24.0972 PM
[ReportManager] API Action "GetResponseJSONValueFromList" successfully performed. With the following test data "5". @04-04-2022 19:39:24.0972 PM
[ReportManager] Assertion Passed: "5" is equal to "5". @04-04-2022 19:39:24.0974 PM
[ReportManager] Assertion "ValidateEquals" PASSED. Expected "5" and Actual "5". Comparison Type "EQUALS". Validation Type "POSITIVE". @04-04-2022 19:39:24.0975 P
[ReportManager] File Action "GetAbsolutePath" successfully performed. With the following test data "Relative Folder Path: "target/downloadedFiles/"". @04-04-2022 19:39:24.0978 PM
[ReportManager] Attempting to run locally on: "Mac-64 | Safari", Headless Execution. @04-04-2022 19:39:24.0979 PM
[ReportManager] Successfully Opened Safari. @04-04-2022 19:39:25.0858 PM
[ReportManager] Initial window size: (800, 600) @04-04-2022 19:39:25.0869 PM
[ReportManager] Window size after SWD Maximize: (1176, 803) @04-04-2022 19:39:25.0944 PM
[ReportManager] Maximize window "New screen size is now: (1176, 803)". @04-04-2022 19:39:25.0944 P

################################################################################################################################################
Starting Execution:	"70 out of 179" test cases in the current suite
Test Method:		"testPackage01.Test_uploadFile.uploadFile_invisibleUploadInput"
################################################################################################################################################
[ReportManager] Target URL: "https://fineuploader.com/demos.html#gallery-view" @04-04-2022 19:39:26.0068 PM
[ReportManager] Initial URL: "" @04-04-2022 19:39:26.0115 PM
[ReportManager] Navigate to url "https://fineuploader.com/demos.html#gallery-view". @04-04-2022 19:39:27.0846 PM
[ReportManager] File Action "GetAbsolutePath" successfully performed. With the following test data "Relative File Path: "src/main/resources/images/shaft.png"". @04-04-2022 19:39:27.0846 PM
[ReportManager] Successfully created attachment "File Action Actual Result - Command Log" @04-04-2022 19:39:28.0035 PM
[ReportManager] Type file location for upload "/Users/runner/work/SHAFT_ENGINE/SHAFT_ENGINE/src/main/resources/images/shaft.png". @04-04-2022 19:39:28.0094 PM
[ReportManager] Attempting to getAttribute "src" from elementLocator "By.xpath: //div[@id='fine-uploader-gallery']//div[@class='qq-thumbnail-wrapper']/img". @04-04-2022 19:39:28.0094 PM
[ReportManager] Get attribute. @04-04-2022 19:39:28.0297 PM
[ReportManager] Successfully created attachment "Element Action Test Data - Get attribute - Actual Value" @04-04-2022 19:39:28.0396 PM
[ReportManager] Assertion Passed: The Element located by "By.xpath: //div[@id='fine-uploader-gallery']//div[@class='qq-thumbnail-wrapper']/img" attribute "src" contains "data:image/png;base64". @04-04-2022 19:39:28.0783 PM
[ReportManager] Successfully created attachment "Validation Test Data - Expected Value" @04-04-2022 19:39:28.0865 PM
[ReportManager] Successfully created attachment "Validation Test Data - Actual Value" @04-04-2022 19:39:28.0906 PM
[ReportManager] Successfully created attachment "Screenshot - 1649101168580_uploadFile_invisibleUploadInput_ValidateElementAttribute_passed" @04-04-2022 19:39:28.0990 PM
[ReportManager] Assertion "ValidateElementAttribute" PASSED. Expected and Actual values are attached. Comparison Type "CONTAINS". Validation Type "POSITIVE". @04-04-2022 19:39:28.0990 P
[ReportManager] Close current window. @04-04-2022 19:39:29.0478 PM
[ReportManager] Successfully created attachment "Browser Action Test Data - Close current window - Actual Value" @04-04-2022 19:39:29.0520 P
[ReportManager] File Action "GetAbsolutePath" successfully performed. With the following test data "Relative Folder Path: "target/downloadedFiles/"". @04-04-2022 19:39:29.0648 PM
[ReportManager] Attempting to run locally on: "Mac-64 | Safari", Headless Execution. @04-04-2022 19:39:29.0648 PM
[ReportManager] An Exception Occured with this Message: Could not start a new session. Possible causes are invalid address of the remote server or browser start-up failure.. @04-04-2022 19:39:29.0826 PM
[ReportManager] Successfully created attachment "Exception Stack Trace - org.openqa.selenium.SessionNotCreatedException" @04-04-2022 19:39:29.0908 PM
[ReportManager] Driver Factory Action "createNewLocalDriverInstanceForSafari" failed. With the following test data "Failed to create a session on DESKTOP_SAFARI". @04-04-2022 19:39:29.0909 P

################################################################################################################################################
Starting Execution:	"71 out of 179" test cases in the current suite
Test Method:		"testPackage01.Test_uploadFile.uploadFile_visibleUploadInput"
###############################################################################################################################################


################################################################################################################################################
Starting Execution:	"72 out of 179" test cases in the current suite
Test Method:		"testPackage01.Test_AssertApiResponseEquals.assertApiResponseEquals_expectedToPass"
################################################################################################################################################
[ReportManager] Response status code: "200", status line: "HTTP/1.1 200 OK" @04-04-2022 19:39:30.0354 PM
[ReportManager] Assertion Passed: Evaluating the actual response status code against the expected one... @04-04-2022 19:39:30.0355 PM
[ReportManager] Assertion "ValidateComparativeRelation" PASSED. Expected "200" and Actual "200". Comparison Type "EQUALS". Validation Type "POSITIVE". @04-04-2022 19:39:30.0355 PM
[ReportManager] API Action "PerformRequest" successfully performed. With the following test data "Request Type: "GET" | Target Status Code: "200" | Service URL: "https://jsonplaceholder.typicode.com/users" | Content Type: "*/*" | Response Time: "58ms"". @04-04-2022 19:39:30.0390 PM
[ReportManager] Successfully created attachment "API Request - Specifications" @04-04-2022 19:39:30.0431 PM
[ReportManager] Successfully created attachment "API Response - JSON Body" @04-04-2022 19:39:30.0513 PM
[ReportManager] API Action "GetResponseJSONValueAsList" successfully performed. With the following test data "$". @04-04-2022 19:39:30.0521 PM
[ReportManager] API Action "GetResponseJSONValue" successfully performed. With the following test data "name". @04-04-2022 19:39:30.0566 PM
[ReportManager] API Action "GetResponseJSONValue" successfully performed. With the following test data "email". @04-04-2022 19:39:30.0585 PM
[ReportManager] Verification Passed: The API response extracted value from the JSON path "email" is equal to "Sincere@april.biz". @04-04-2022 19:39:30.0585 PM
[ReportManager] Verification "ValidateEquals" PASSED. Expected "Sincere@april.biz" and Actual "Sincere@april.biz". Comparison Type "EQUALS". Validation Type "POSITIVE". @04-04-2022 19:39:30.0586 PM
[ReportManager] API Action "GetResponseJSONValue" successfully performed. With the following test data "username". @04-04-2022 19:39:30.0600 PM
[ReportManager] Assertion Passed: The API response extracted value from the JSON path "username" is equal to "Bret". @04-04-2022 19:39:30.0601 PM
[ReportManager] Assertion "ValidateEquals" PASSED. Expected "Bret" and Actual "Bret". Comparison Type "EQUALS". Validation Type "POSITIVE". @04-04-2022 19:39:30.0601 PM
[ReportManager] API Action "GetResponseJSONValue" successfully performed. With the following test data "name". @04-04-2022 19:39:30.0615 PM
[ReportManager] API Action "GetResponseJSONValue" successfully performed. With the following test data "name". @04-04-2022 19:39:30.0634 PM
[ReportManager] API Action "GetResponseJSONValue" successfully performed. With the following test data "name". @04-04-2022 19:39:30.0647 PM
[ReportManager] API Action "GetResponseJSONValue" successfully performed. With the following test data "name". @04-04-2022 19:39:30.0660 PM
[ReportManager] API Action "GetResponseJSONValue" successfully performed. With the following test data "name". @04-04-2022 19:39:30.0674 PM
[ReportManager] API Action "GetResponseJSONValue" successfully performed. With the following test data "name". @04-04-2022 19:39:30.0694 PM
[ReportManager] API Action "GetResponseJSONValue" successfully performed. With the following test data "name". @04-04-2022 19:39:30.0709 PM
[ReportManager] API Action "GetResponseJSONValue" successfully performed. With the following test data "name". @04-04-2022 19:39:30.0723 PM
[ReportManager] API Action "GetResponseJSONValue" successfully performed. With the following test data "name". @04-04-2022 19:39:30.0741 P
[ReportManager] File Action "GetAbsolutePath" successfully performed. With the following test data "Relative Folder Path: "target/downloadedFiles/"". @04-04-2022 19:39:30.0864 PM
[ReportManager] Attempting to run locally on: "Mac-64 | Safari", Headless Execution. @04-04-2022 19:39:30.0865 PM
[ReportManager] Successfully Opened Safari. @04-04-2022 19:39:31.0799 PM
[ReportManager] Initial window size: (800, 600) @04-04-2022 19:39:31.0820 PM
[ReportManager] Window size after SWD Maximize: (1176, 803) @04-04-2022 19:39:31.0847 PM
[ReportManager] Maximize window "New screen size is now: (1176, 803)". @04-04-2022 19:39:31.0847 PM
[ReportManager] Target URL: "http://the-internet.herokuapp.com/javascript_alerts" @04-04-2022 19:39:31.0847 PM
[ReportManager] Initial URL: "" @04-04-2022 19:39:31.0912 PM
[ReportManager] Navigate to url "http://the-internet.herokuapp.com/javascript_alerts". @04-04-2022 19:39:32.0622 P

################################################################################################################################################
Starting Execution:	"73 out of 179" test cases in the current suite
Test Method:		"testPackage01.TestJSPromptBox.dismissAlert"
################################################################################################################################################
[ReportManager] Click "By.xpath: //button[contains(text(),'Click for JS Prompt')]". @04-04-2022 19:39:33.0008 PM
[ReportManager] Alert is present @04-04-2022 19:39:33.0040 PM
[ReportManager] Dismiss alert. @04-04-2022 19:39:33.0068 P

################################################################################################################################################
Starting Execution:	"74 out of 179" test cases in the current suite
Test Method:		"testPackage01.TestJSPromptBox.assertOnCancelAlertResultText"
################################################################################################################################################
[ReportManager] Get text "You entered: null". @04-04-2022 19:39:33.0258 PM
[ReportManager] Assertion Passed: The Element located by "By.id: result" attribute "TEXT" is equal to "You entered: null". @04-04-2022 19:39:33.0572 PM
[ReportManager] Successfully created attachment "Screenshot - 1649101173385_assertOnCancelAlertResultText_ValidateElementAttribute_passed" @04-04-2022 19:39:33.0654 PM
[ReportManager] Assertion "ValidateElementAttribute" PASSED. Expected "Value Should be 'You entered: null' for the 'text' attribute, element locator 'By.id: result'" and Actual "You entered: null". Comparison Type "EQUALS". Validation Type "POSITIVE". @04-04-2022 19:39:33.0654 P

################################################################################################################################################
Starting Execution:	"75 out of 179" test cases in the current suite
Test Method:		"testPackage01.TestJSPromptBox.getAlertText"
################################################################################################################################################
[ReportManager] Click "By.xpath: //button[contains(text(),'Click for JS Prompt')]". @04-04-2022 19:39:34.0004 PM
[ReportManager] Alert is present @04-04-2022 19:39:34.0010 PM
[ReportManager] Alert Text is: [I am a JS prompt] @04-04-2022 19:39:34.0025 PM
[ReportManager] Get alert text. @04-04-2022 19:39:34.0025 PM
[ReportManager] Alert text is: [I am a JS prompt] @04-04-2022 19:39:34.0025 PM
[ReportManager] Alert is present @04-04-2022 19:39:34.0041 PM
[ReportManager] Alert Text is: [I am a JS prompt] @04-04-2022 19:39:34.0048 PM
[ReportManager] Get alert text. @04-04-2022 19:39:34.0049 PM
[ReportManager] Assertion Passed: "I am a JS prompt" is equal to "I am a JS prompt". @04-04-2022 19:39:34.0049 PM
[ReportManager] Assertion "ValidateEquals" PASSED. Expected "I am a JS prompt" and Actual "I am a JS prompt". Comparison Type "EQUALS". Validation Type "POSITIVE". @04-04-2022 19:39:34.0049 P

################################################################################################################################################
Starting Execution:	"76 out of 179" test cases in the current suite
Test Method:		"testPackage01.TestJSPromptBox.acceptPromptAlertWithoutTypingTextMessage"
################################################################################################################################################
[ReportManager] Alert is not present @04-04-2022 19:40:04.0734 PM
[ReportManager] Wait for alert to be present failed. @04-04-2022 19:40:04.0945 PM
[ReportManager] Successfully created attachment "Screenshot - 1649101204757_acceptPromptAlertWithoutTypingTextMessage_Wait for alert to be present_failed" @04-04-2022 19:40:04.0946 P

################################################################################################################################################
Starting Execution:	"77 out of 179" test cases in the current suite
Test Method:		"testPackage01.TestJSPromptBox.assertOnConfirmPromptAlertWithoutTypingTextMessageResultText"
###############################################################################################################################################

################################################################################################################################################
Starting Execution:	"78 out of 179" test cases in the current suite
Test Method:		"testPackage01.TestJSPromptBox.acceptPromptAlertWithTextMessage"
###############################################################################################################################################

################################################################################################################################################
Starting Execution:	"79 out of 179" test cases in the current suite
Test Method:		"testPackage01.TestJSPromptBox.assertOnConfirmPromptAlertWithTextMessageResultText"
###############################################################################################################################################
[ReportManager] Close current window. @04-04-2022 19:40:05.0491 PM
[ReportManager] Successfully created attachment "Browser Action Test Data - Close current window - Actual Value" @04-04-2022 19:40:05.0531 P

################################################################################################################################################
Starting Execution:	"80 out of 179" test cases in the current suite
Test Method:		"testPackage01.Test_testData.f"
################################################################################################################################################
[ReportManager] Loaded Test Data: "src/test/resources/testDataFiles/testSuite01/TestData.xlsx". @04-04-2022 19:40:05.0569 PM
[ReportManager] Successfully created attachment "Test Data - Excel" @04-04-2022 19:40:05.0652 PM
[ReportManager] Last Column Number is: [3]. Zero-based. @04-04-2022 19:40:05.0652 P

################################################################################################################################################
Starting Execution:	"81 out of 179" test cases in the current suite
Test Method:		"testPackage01.Test_PDF.testPDF1"
################################################################################################################################################
[ReportManager] File Action "DoesFileExist" successfully performed. With the following test data "File Path: "src/test/resources/testDataFiles/sample.pdf"". @04-04-2022 19:40:05.0700 PM
[ReportManager] File Action "GetAbsolutePath" successfully performed. With the following test data "Relative Folder Path: "src/test/resources/testDataFiles/sample.pdf"". @04-04-2022 19:40:05.0702 PM
[ReportManager] Assertion Passed: Checking to see that the pdf file contains [A Simple PDF File] @04-04-2022 19:41:04.0175 PM
[ReportManager] Successfully created attachment "Validation Test Data - Expected Value" @04-04-2022 19:41:04.0258 PM
[ReportManager] Successfully created attachment "Validation Test Data - Actual Value" @04-04-2022 19:41:04.0258 PM
[ReportManager] Assertion "ValidateEquals" PASSED. Expected and Actual values are attached. Comparison Type "CONTAINS". Validation Type "POSITIVE". @04-04-2022 19:41:04.0259 P

################################################################################################################################################
Starting Execution:	"82 out of 179" test cases in the current suite
Test Method:		"testPackage01.Test_PDF.testPDF2"
################################################################################################################################################
[ReportManager] File Action "DoesFileExist" successfully performed. With the following test data "File Path: "src/test/resources/testDataFiles/sample.pdf"". @04-04-2022 19:41:04.0408 PM
[ReportManager] File Action "GetAbsolutePath" successfully performed. With the following test data "Relative Folder Path: "src/test/resources/testDataFiles/sample.pdf"". @04-04-2022 19:41:04.0408 PM
[ReportManager] Assertion Passed: Checking to see that the pdf file contains [A Simple PDF File] @04-04-2022 19:41:04.0428 PM
[ReportManager] Successfully created attachment "Validation Test Data - Expected Value" @04-04-2022 19:41:04.0429 PM
[ReportManager] Successfully created attachment "Validation Test Data - Actual Value" @04-04-2022 19:41:04.0471 PM
[ReportManager] Assertion "ValidateEquals" PASSED. Expected and Actual values are attached. Comparison Type "CONTAINS". Validation Type "POSITIVE". @04-04-2022 19:41:04.0471 P
[ReportManager] File Action "GetAbsolutePath" successfully performed. With the following test data "Relative Folder Path: "target/downloadedFiles/"". @04-04-2022 19:41:04.0595 PM
[ReportManager] Attempting to run locally on: "Mac-64 | Safari", Headless Execution. @04-04-2022 19:41:04.0596 PM
[ReportManager] Successfully Opened Safari. @04-04-2022 19:41:05.0487 PM
[ReportManager] Initial window size: (800, 600) @04-04-2022 19:41:05.0576 PM
[ReportManager] Window size after SWD Maximize: (1176, 803) @04-04-2022 19:41:05.0633 PM
[ReportManager] Maximize window "New screen size is now: (1176, 803)". @04-04-2022 19:41:05.0634 P

################################################################################################################################################
Starting Execution:	"83 out of 179" test cases in the current suite
Test Method:		"testPackage01.Test_ShadowDOM.shadowdom"
################################################################################################################################################
[ReportManager] Target URL: "https://mdn.github.io/web-components-examples/popup-info-box-web-component/" @04-04-2022 19:41:05.0760 PM
[ReportManager] Initial URL: "" @04-04-2022 19:41:05.0847 PM
[ReportManager] Navigate to url "https://mdn.github.io/web-components-examples/popup-info-box-web-component/". @04-04-2022 19:41:06.0270 PM
[ReportManager] Type "Typing into SHADOW DOM...". @04-04-2022 19:41:07.0111 PM
[ReportManager] Get text "Typing into SHADOW DOM...". @04-04-2022 19:41:07.0234 PM
[ReportManager] Assertion "ValidateElementAttribute" PASSED. Expected "Value Should be 'Typing into SHADOW DOM...' for the 'Text' attribute, element locator 'By.id: cvc'" and Actual "Typing into SHADOW DOM...". Comparison Type "EQUALS". Validation Type "POSITIVE". @04-04-2022 19:41:07.0640 PM
[ReportManager] Successfully created attachment "Screenshot - 1649101267419_shadowdom_ValidateElementAttribute_passed" @04-04-2022 19:41:07.0723 P
[ReportManager] Close current window. @04-04-2022 19:41:08.0202 PM
[ReportManager] Successfully created attachment "Browser Action Test Data - Close current window - Actual Value" @04-04-2022 19:41:08.0243 P
[ReportManager] File Action "GetAbsolutePath" successfully performed. With the following test data "Relative Folder Path: "target/downloadedFiles/"". @04-04-2022 19:41:08.0368 PM
[ReportManager] Attempting to run locally on: "Mac-64 | Safari", Headless Execution. @04-04-2022 19:41:08.0368 PM
[ReportManager] An Exception Occured with this Message: Could not start a new session. Possible causes are invalid address of the remote server or browser start-up failure.. @04-04-2022 19:41:08.0570 PM
[ReportManager] Successfully created attachment "Exception Stack Trace - org.openqa.selenium.SessionNotCreatedException" @04-04-2022 19:41:08.0618 PM
[ReportManager] Driver Factory Action "createNewLocalDriverInstanceForSafari" failed. With the following test data "Failed to create a session on DESKTOP_SAFARI". @04-04-2022 19:41:08.0618 P

################################################################################################################################################
Starting Execution:	"84 out of 179" test cases in the current suite
Test Method:		"testPackage01.Test_clipboardActions.typeTextAndCopyPaste"
###############################################################################################################################################

[ReportManager] File Action "GetAbsolutePath" successfully performed. With the following test data "Relative Folder Path: "target/downloadedFiles/"". @04-04-2022 19:41:08.0913 PM
[ReportManager] Attempting to run locally on: "Mac-64 | Safari", Headless Execution. @04-04-2022 19:41:08.0914 PM
[ReportManager] Successfully Opened Safari. @04-04-2022 19:41:09.0803 PM
[ReportManager] Initial window size: (800, 600) @04-04-2022 19:41:09.0832 PM
[ReportManager] Window size after SWD Maximize: (1176, 803) @04-04-2022 19:41:09.0866 PM
[ReportManager] Maximize window "New screen size is now: (1176, 803)". @04-04-2022 19:41:09.0866 PM
[ReportManager] Target URL: "http://the-internet.herokuapp.com/javascript_alerts" @04-04-2022 19:41:09.0866 PM
[ReportManager] Initial URL: "" @04-04-2022 19:41:09.0918 PM
[ReportManager] Navigate to url "http://the-internet.herokuapp.com/javascript_alerts". @04-04-2022 19:41:10.0525 P

################################################################################################################################################
Starting Execution:	"85 out of 179" test cases in the current suite
Test Method:		"testPackage01.TestJSAlertBox.getJSAlertText"
################################################################################################################################################
[ReportManager] Click "By.xpath: //button[contains(text(),'Click for JS Alert')]". @04-04-2022 19:41:10.0802 PM
[ReportManager] Alert is present @04-04-2022 19:41:10.0809 PM
[ReportManager] Alert Text is: [I am a JS Alert] @04-04-2022 19:41:10.0824 PM
[ReportManager] Get alert text. @04-04-2022 19:41:10.0825 PM
[ReportManager] Alert text is: [I am a JS Alert] @04-04-2022 19:41:10.0826 PM
[ReportManager] Alert is present @04-04-2022 19:41:10.0836 PM
[ReportManager] Alert Text is: [I am a JS Alert] @04-04-2022 19:41:10.0852 PM
[ReportManager] Get alert text. @04-04-2022 19:41:10.0854 PM
[ReportManager] Assertion Passed: "I am a JS Alert" is equal to "I am a JS Alert". @04-04-2022 19:41:10.0854 PM
[ReportManager] Assertion "ValidateEquals" PASSED. Expected "I am a JS Alert" and Actual "I am a JS Alert". Comparison Type "EQUALS". Validation Type "POSITIVE". @04-04-2022 19:41:10.0854 P

################################################################################################################################################
Starting Execution:	"86 out of 179" test cases in the current suite
Test Method:		"testPackage01.TestJSAlertBox.acceptAlert"
################################################################################################################################################
[ReportManager] Alert is not present @04-04-2022 19:41:41.0079 PM
[ReportManager] Wait for alert to be present failed. @04-04-2022 19:41:41.0296 PM
[ReportManager] Successfully created attachment "Screenshot - 1649101301106_acceptAlert_Wait for alert to be present_failed" @04-04-2022 19:41:41.0379 P

################################################################################################################################################
Starting Execution:	"87 out of 179" test cases in the current suite
Test Method:		"testPackage01.TestJSAlertBox.assertOnConfirmAlertResultText"
###############################################################################################################################################
[ReportManager] Close current window. @04-04-2022 19:41:41.0946 PM
[ReportManager] Successfully created attachment "Browser Action Test Data - Close current window - Actual Value" @04-04-2022 19:41:41.0990 P

################################################################################################################################################
Starting Execution:	"88 out of 179" test cases in the current suite
Test Method:		"testPackage01.Test_checkJDKShellFilesGenerated.testJDKGeneratedSuccessfully"
################################################################################################################################################
[ReportManager] Configuring JDK @04-04-2022 19:41:42.0076 PM
[ReportManager] File Action "GetAbsolutePath" successfully performed. With the following test data "Relative File Path: "generateJdkMac.sh"". @04-04-2022 19:41:42.0076 PM
[ReportManager] File Action "WriteToFile" successfully performed. With the following test data "Target File Path: "/Users/runner/work/SHAFT_ENGINE/SHAFT_ENGINE/generateJdkMac.sh"". @04-04-2022 19:41:42.0199 PM
[ReportManager] Attempting to perform the following command locally. Command: "chmod u+x generateJdk.sh" @04-04-2022 19:41:42.0199 PM
[ReportManager] Terminal Action "PerformTerminalCommands" successfully performed. With the following test data "Host Name: "localHost" | Command: "chmod u+x generateJdk.sh" | Exit Status: "1"". @04-04-2022 19:41:42.0230 PM
[ReportManager] Successfully created attachment "Terminal Action Actual Result - Command Log" @04-04-2022 19:41:42.0344 PM
[ReportManager] Assertion Passed: "[#!/bin/bash, export JAVA_HOME=$(/usr/libexec/java_home), export PATH=$JAVA_HOME/bin:$PATH, source ~/.zshenv, echo $JAVA_HOME, echo $PATH, exec bash]" contains "JAVA_HOME=$(/usr/libexec/java_home)". @04-04-2022 19:41:42.0344 PM
[ReportManager] Assertion "ValidateEquals" PASSED. Expected "JAVA_HOME=$(/usr/libexec/java_home)" and Actual "[#!/bin/bash, export JAVA_HOME=$(/usr/libexec/java_home), export PATH=$JAVA_HOME/bin:$PATH, source ~/.zshenv, echo $JAVA_HOME, echo $PATH, exec bash]". Comparison Type "CONTAINS". Validation Type "POSITIVE". @04-04-2022 19:41:42.0345 P
[ReportManager] File Action "GetAbsolutePath" successfully performed. With the following test data "Relative Folder Path: "target/downloadedFiles/"". @04-04-2022 19:41:42.0470 PM
[ReportManager] Attempting to run locally on: "Mac-64 | Safari", Headless Execution. @04-04-2022 19:41:42.0470 PM
[ReportManager] Successfully Opened Safari. @04-04-2022 19:41:43.0506 PM
[ReportManager] Initial window size: (800, 600) @04-04-2022 19:41:43.0521 PM
[ReportManager] Window size after SWD Maximize: (1176, 803) @04-04-2022 19:41:43.0541 PM
[ReportManager] Maximize window "New screen size is now: (1176, 803)". @04-04-2022 19:41:43.0542 PM
[ReportManager] Target URL: "http://the-internet.herokuapp.com/javascript_alerts" @04-04-2022 19:41:43.0542 PM
[ReportManager] Initial URL: "" @04-04-2022 19:41:43.0648 PM
[ReportManager] Navigate to url "http://the-internet.herokuapp.com/javascript_alerts". @04-04-2022 19:41:44.0400 P

################################################################################################################################################
Starting Execution:	"89 out of 179" test cases in the current suite
Test Method:		"testPackage01.TestJSConfirmBox.dismissAlert"
################################################################################################################################################
[ReportManager] Click "By.xpath: //button[contains(text(),'Click for JS Confirm')]". @04-04-2022 19:41:44.0671 PM
[ReportManager] Alert is present @04-04-2022 19:41:44.0679 PM
[ReportManager] Dismiss alert. @04-04-2022 19:41:44.0740 P

################################################################################################################################################
Starting Execution:	"90 out of 179" test cases in the current suite
Test Method:		"testPackage01.TestJSConfirmBox.assertOnCancelAlertResultText"
################################################################################################################################################
[ReportManager] Get text "You clicked: Cancel". @04-04-2022 19:41:44.0927 PM
[ReportManager] Assertion Passed: The Element located by "By.id: result" attribute "TEXT" is equal to "You clicked: Cancel". @04-04-2022 19:41:45.0298 PM
[ReportManager] Successfully created attachment "Screenshot - 1649101305087_assertOnCancelAlertResultText_ValidateElementAttribute_passed" @04-04-2022 19:41:45.0382 PM
[ReportManager] Assertion "ValidateElementAttribute" PASSED. Expected "Value Should be 'You clicked: Cancel' for the 'text' attribute, element locator 'By.id: result'" and Actual "You clicked: Cancel". Comparison Type "EQUALS". Validation Type "POSITIVE". @04-04-2022 19:41:45.0382 P

################################################################################################################################################
Starting Execution:	"91 out of 179" test cases in the current suite
Test Method:		"testPackage01.TestJSConfirmBox.getAlertText"
################################################################################################################################################
[ReportManager] Click "By.xpath: //button[contains(text(),'Click for JS Confirm')]". @04-04-2022 19:41:45.0792 PM
[ReportManager] Alert is present @04-04-2022 19:41:45.0800 PM
[ReportManager] Alert Text is: [I am a JS Confirm] @04-04-2022 19:41:45.0807 PM
[ReportManager] Get alert text. @04-04-2022 19:41:45.0807 PM
[ReportManager] Alert text is: [I am a JS Confirm] @04-04-2022 19:41:45.0808 PM
[ReportManager] Alert is present @04-04-2022 19:41:45.0840 PM
[ReportManager] Alert Text is: [I am a JS Confirm] @04-04-2022 19:41:45.0852 PM
[ReportManager] Get alert text. @04-04-2022 19:41:45.0852 PM
[ReportManager] Assertion Passed: "I am a JS Confirm" is equal to "I am a JS Confirm". @04-04-2022 19:41:45.0853 PM
[ReportManager] Assertion "ValidateEquals" PASSED. Expected "I am a JS Confirm" and Actual "I am a JS Confirm". Comparison Type "EQUALS". Validation Type "POSITIVE". @04-04-2022 19:41:45.0853 P

################################################################################################################################################
Starting Execution:	"92 out of 179" test cases in the current suite
Test Method:		"testPackage01.TestJSConfirmBox.acceptAlert"
################################################################################################################################################
[ReportManager] Alert is not present @04-04-2022 19:42:16.0117 PM
[ReportManager] Wait for alert to be present failed. @04-04-2022 19:42:16.0272 PM
[ReportManager] Successfully created attachment "Screenshot - 1649101336142_acceptAlert_Wait for alert to be present_failed" @04-04-2022 19:42:16.0314 P

################################################################################################################################################
Starting Execution:	"93 out of 179" test cases in the current suite
Test Method:		"testPackage01.TestJSConfirmBox.assertOnConfirmAlertResultText"
###############################################################################################################################################
[ReportManager] Close current window. @04-04-2022 19:42:17.0091 PM
[ReportManager] Successfully created attachment "Browser Action Test Data - Close current window - Actual Value" @04-04-2022 19:42:17.0132 P

################################################################################################################################################
Starting Execution:	"94 out of 179" test cases in the current suite
Test Method:		"testPackage01.Test_NewValidationHelper.f1"
################################################################################################################################################
[ReportManager] Assertion Passed: Checking valid user data @04-04-2022 19:42:17.0219 PM
[ReportManager] Successfully created attachment "Validation Test Data - Expected Value" @04-04-2022 19:42:17.0301 PM
[ReportManager] Successfully created attachment "Validation Test Data - Actual Value" @04-04-2022 19:42:17.0343 PM
[ReportManager] Assertion "ValidateEquals" PASSED. Expected and Actual values are attached. Comparison Type "EQUALS". Validation Type "POSITIVE". @04-04-2022 19:42:17.0343 P
[ReportManager] File Action "GetAbsolutePath" successfully performed. With the following test data "Relative Folder Path: "target/downloadedFiles/"". @04-04-2022 19:42:17.0470 PM
[ReportManager] Attempting to run locally on: "Mac-64 | Safari", Headless Execution. @04-04-2022 19:42:17.0471 PM
[ReportManager] An Exception Occured with this Message: Could not start a new session. Possible causes are invalid address of the remote server or browser start-up failure.. @04-04-2022 19:42:17.0602 PM
[ReportManager] Successfully created attachment "Exception Stack Trace - org.openqa.selenium.SessionNotCreatedException" @04-04-2022 19:42:17.0644 PM
[ReportManager] Driver Factory Action "createNewLocalDriverInstanceForSafari" failed. With the following test data "Failed to create a session on DESKTOP_SAFARI". @04-04-2022 19:42:17.0645 P

################################################################################################################################################
Starting Execution:	"95 out of 179" test cases in the current suite
Test Method:		"testPackage01.Test_NewValidationHelper.f10"
###############################################################################################################################################



################################################################################################################################################
Starting Execution:	"96 out of 179" test cases in the current suite
Test Method:		"testPackage01.Test_NewValidationHelper.f11"
###############################################################################################################################################



################################################################################################################################################
Starting Execution:	"97 out of 179" test cases in the current suite
Test Method:		"testPackage01.Test_NewValidationHelper.f12"
###############################################################################################################################################



################################################################################################################################################
Starting Execution:	"98 out of 179" test cases in the current suite
Test Method:		"testPackage01.Test_NewValidationHelper.f13"
###############################################################################################################################################



################################################################################################################################################
Starting Execution:	"99 out of 179" test cases in the current suite
Test Method:		"testPackage01.Test_NewValidationHelper.f14"
###############################################################################################################################################



################################################################################################################################################
Starting Execution:	"100 out of 179" test cases in the current suite
Test Method:		"testPackage01.Test_NewValidationHelper.f15"
###############################################################################################################################################



################################################################################################################################################
Starting Execution:	"101 out of 179" test cases in the current suite
Test Method:		"testPackage01.Test_NewValidationHelper.f16"
###############################################################################################################################################



################################################################################################################################################
Starting Execution:	"102 out of 179" test cases in the current suite
Test Method:		"testPackage01.Test_NewValidationHelper.f17"
###############################################################################################################################################



################################################################################################################################################
Starting Execution:	"103 out of 179" test cases in the current suite
Test Method:		"testPackage01.Test_NewValidationHelper.f18"
###############################################################################################################################################


################################################################################################################################################
Starting Execution:	"104 out of 179" test cases in the current suite
Test Method:		"testPackage01.Test_NewValidationHelper.f2"
###############################################################################################################################################


################################################################################################################################################
Starting Execution:	"105 out of 179" test cases in the current suite
Test Method:		"testPackage01.Test_NewValidationHelper.f20"
###############################################################################################################################################



################################################################################################################################################
Starting Execution:	"106 out of 179" test cases in the current suite
Test Method:		"testPackage01.Test_NewValidationHelper.f21"
###############################################################################################################################################



################################################################################################################################################
Starting Execution:	"107 out of 179" test cases in the current suite
Test Method:		"testPackage01.Test_NewValidationHelper.f22"
###############################################################################################################################################


################################################################################################################################################
Starting Execution:	"108 out of 179" test cases in the current suite
Test Method:		"testPackage01.Test_NewValidationHelper.f23"
###############################################################################################################################################

################################################################################################################################################
Starting Execution:	"109 out of 179" test cases in the current suite
Test Method:		"testPackage01.Test_NewValidationHelper.f24"
###############################################################################################################################################

################################################################################################################################################
Starting Execution:	"110 out of 179" test cases in the current suite
Test Method:		"testPackage01.Test_NewValidationHelper.f25"
###############################################################################################################################################

################################################################################################################################################
Starting Execution:	"111 out of 179" test cases in the current suite
Test Method:		"testPackage01.Test_NewValidationHelper.f26"
###############################################################################################################################################

################################################################################################################################################
Starting Execution:	"112 out of 179" test cases in the current suite
Test Method:		"testPackage01.Test_NewValidationHelper.f27"
###############################################################################################################################################

################################################################################################################################################
Starting Execution:	"113 out of 179" test cases in the current suite
Test Method:		"testPackage01.Test_NewValidationHelper.f28"
###############################################################################################################################################

################################################################################################################################################
Starting Execution:	"114 out of 179" test cases in the current suite
Test Method:		"testPackage01.Test_NewValidationHelper.f29"
###############################################################################################################################################

################################################################################################################################################
Starting Execution:	"115 out of 179" test cases in the current suite
Test Method:		"testPackage01.Test_NewValidationHelper.f3"
###############################################################################################################################################

################################################################################################################################################
Starting Execution:	"116 out of 179" test cases in the current suite
Test Method:		"testPackage01.Test_NewValidationHelper.f30"
###############################################################################################################################################

################################################################################################################################################
Starting Execution:	"117 out of 179" test cases in the current suite
Test Method:		"testPackage01.Test_NewValidationHelper.f31"
###############################################################################################################################################

################################################################################################################################################
Starting Execution:	"118 out of 179" test cases in the current suite
Test Method:		"testPackage01.Test_NewValidationHelper.f32"
###############################################################################################################################################

################################################################################################################################################
Starting Execution:	"119 out of 179" test cases in the current suite
Test Method:		"testPackage01.Test_NewValidationHelper.f33"
###############################################################################################################################################

################################################################################################################################################
Starting Execution:	"120 out of 179" test cases in the current suite
Test Method:		"testPackage01.Test_NewValidationHelper.f34"
###############################################################################################################################################

################################################################################################################################################
Starting Execution:	"121 out of 179" test cases in the current suite
Test Method:		"testPackage01.Test_NewValidationHelper.f35"
###############################################################################################################################################

################################################################################################################################################
Starting Execution:	"122 out of 179" test cases in the current suite
Test Method:		"testPackage01.Test_NewValidationHelper.f36"
###############################################################################################################################################

################################################################################################################################################
Starting Execution:	"123 out of 179" test cases in the current suite
Test Method:		"testPackage01.Test_NewValidationHelper.f37"
###############################################################################################################################################

################################################################################################################################################
Starting Execution:	"124 out of 179" test cases in the current suite
Test Method:		"testPackage01.Test_NewValidationHelper.f3_1"
###############################################################################################################################################

################################################################################################################################################
Starting Execution:	"125 out of 179" test cases in the current suite
Test Method:		"testPackage01.Test_NewValidationHelper.f4"
###############################################################################################################################################

################################################################################################################################################
Starting Execution:	"126 out of 179" test cases in the current suite
Test Method:		"testPackage01.Test_NewValidationHelper.f5"
###############################################################################################################################################

################################################################################################################################################
Starting Execution:	"127 out of 179" test cases in the current suite
Test Method:		"testPackage01.Test_NewValidationHelper.f6"
###############################################################################################################################################

################################################################################################################################################
Starting Execution:	"128 out of 179" test cases in the current suite
Test Method:		"testPackage01.Test_NewValidationHelper.f6_1"
###############################################################################################################################################

################################################################################################################################################
Starting Execution:	"129 out of 179" test cases in the current suite
Test Method:		"testPackage01.Test_NewValidationHelper.f6_2"
###############################################################################################################################################

################################################################################################################################################
Starting Execution:	"130 out of 179" test cases in the current suite
Test Method:		"testPackage01.Test_NewValidationHelper.f7"
###############################################################################################################################################


################################################################################################################################################
Starting Execution:	"131 out of 179" test cases in the current suite
Test Method:		"testPackage01.Test_NewValidationHelper.f8"
###############################################################################################################################################



################################################################################################################################################
Starting Execution:	"132 out of 179" test cases in the current suite
Test Method:		"testPackage01.Test_NewValidationHelper.f9"
###############################################################################################################################################


################################################################################################################################################
Starting Execution:	"133 out of 179" test cases in the current suite
Test Method:		"testPackage01.Test_NewValidationHelper.forceFail"
###############################################################################################################################################

################################################################################################################################################
Starting Execution:	"134 out of 179" test cases in the current suite
Test Method:		"testPackage01.Test_NewValidationHelper.forceFail2"
###############################################################################################################################################
[ReportManager] File Action "GetAbsolutePath" successfully performed. With the following test data "Relative Folder Path: "target/downloadedFiles/"". @04-04-2022 19:42:24.0741 PM
[ReportManager] Attempting to run locally on: "Mac-64 | Safari", Headless Execution. @04-04-2022 19:42:24.0742 PM
[ReportManager] Successfully Opened Safari. @04-04-2022 19:42:25.0610 PM
[ReportManager] Initial window size: (800, 600) @04-04-2022 19:42:25.0638 PM
[ReportManager] Window size after SWD Maximize: (1176, 803) @04-04-2022 19:42:25.0663 PM
[ReportManager] Maximize window "New screen size is now: (1176, 803)". @04-04-2022 19:42:25.0664 PM
[ReportManager] Target URL: "https://www.google.com/" @04-04-2022 19:42:25.0797 PM
[ReportManager] Initial URL: "" @04-04-2022 19:42:25.0832 PM
[ReportManager] Navigate to url "https://www.google.com/". @04-04-2022 19:42:27.0292 P

################################################################################################################################################
Starting Execution:	"135 out of 179" test cases in the current suite
Test Method:		"testPackage01.validationsWizard.Test_ElementValidations.attribute"
################################################################################################################################################
[ReportManager] Attempting to getAttribute "alt" from elementLocator "By.xpath: //img[@alt='Google']". @04-04-2022 19:42:27.0419 PM
[ReportManager] Get attribute "Google". @04-04-2022 19:42:27.0475 PM
[ReportManager] Assertion Passed: The Element located by "By.xpath: //img[@alt='Google']" attribute "alt" is equal to "Google". @04-04-2022 19:42:27.0810 PM
[ReportManager] Successfully created attachment "Screenshot - 1649101347609_attribute_ValidateElementAttribute_passed" @04-04-2022 19:42:27.0895 PM
[ReportManager] Assertion "ValidateElementAttribute" PASSED. Expected "Value Should be 'Google' for the 'alt' attribute, element locator 'By.xpath: //img[@alt='Google']'" and Actual "Google". Comparison Type "EQUALS". Validation Type "POSITIVE". @04-04-2022 19:42:27.0895 P

################################################################################################################################################
Starting Execution:	"136 out of 179" test cases in the current suite
Test Method:		"testPackage01.validationsWizard.Test_ElementValidations.cssProperty"
################################################################################################################################################
[ReportManager] Get cssproperty "100%". @04-04-2022 19:42:28.0049 PM
[ReportManager] Assertion Passed: The Element located by "By.xpath: //img[@alt='Google']" CSS property "max-width" is equal to "100%". @04-04-2022 19:42:28.0384 PM
[ReportManager] Successfully created attachment "Screenshot - 1649101348183_cssProperty_ValidateElementCSSProperty_passed" @04-04-2022 19:42:28.0469 PM
[ReportManager] Assertion "ValidateElementCSSProperty" PASSED. Expected "Value Should be '100%' for the 'max-width' CSS property, element locator 'By.xpath: //img[@alt='Google']'" and Actual "100%". Comparison Type "EQUALS". Validation Type "POSITIVE". @04-04-2022 19:42:28.0469 P

################################################################################################################################################
Starting Execution:	"137 out of 179" test cases in the current suite
Test Method:		"testPackage01.validationsWizard.Test_ElementValidations.exists"
################################################################################################################################################
[ReportManager] Assertion Passed: The Element located by "By.xpath: //img[@alt='Google']" exists. @04-04-2022 19:42:28.0888 PM
[ReportManager] Successfully created attachment "Screenshot - 1649101348727_exists_ValidateElementExists_passed" @04-04-2022 19:42:28.0971 PM
[ReportManager] Assertion "ValidateElementExists" PASSED. Expected "Element Should Exist, locator 'By.xpath: //img[@alt='Google']'" and Actual "Element Exists". Comparison Type "EQUALS". Validation Type "POSITIVE". @04-04-2022 19:42:28.0971 P

################################################################################################################################################
Starting Execution:	"138 out of 179" test cases in the current suite
Test Method:		"testPackage01.validationsWizard.Test_ElementValidations.isEnabled"
################################################################################################################################################
[ReportManager] Attempting to getAttribute "disabled" from elementLocator "By.xpath: //img[@alt='Google']". @04-04-2022 19:42:29.0098 PM
[ReportManager] Get attribute. @04-04-2022 19:42:29.0135 PM
[ReportManager] Assertion Passed: The Element located by "By.xpath: //img[@alt='Google']" is enabled, disabled attribute is equal to "null". @04-04-2022 19:42:29.0462 PM
[ReportManager] Successfully created attachment "Screenshot - 1649101349260_isEnabled_ValidateElementAttribute_passed" @04-04-2022 19:42:29.0547 PM
[ReportManager] Assertion "ValidateElementAttribute" PASSED. Expected "Value Should be 'null' for the 'disabled' attribute, element locator 'By.xpath: //img[@alt='Google']'" and Actual "null". Comparison Type "EQUALS". Validation Type "POSITIVE". @04-04-2022 19:42:29.0547 P

################################################################################################################################################
Starting Execution:	"139 out of 179" test cases in the current suite
Test Method:		"testPackage01.validationsWizard.Test_ElementValidations.isNotChecked"
################################################################################################################################################
[ReportManager] Attempting to getAttribute "checked" from elementLocator "By.xpath: //img[@alt='Google']". @04-04-2022 19:42:29.0674 PM
[ReportManager] Get attribute. @04-04-2022 19:42:29.0715 PM
[ReportManager] Assertion Passed: The Element located by "By.xpath: //img[@alt='Google']" is not checked, checked attribute is equal to "null". @04-04-2022 19:42:30.0048 PM
[ReportManager] Successfully created attachment "Screenshot - 1649101349852_isNotChecked_ValidateElementAttribute_passed" @04-04-2022 19:42:30.0131 PM
[ReportManager] Assertion "ValidateElementAttribute" PASSED. Expected "Value Should be 'null' for the 'checked' attribute, element locator 'By.xpath: //img[@alt='Google']'" and Actual "null". Comparison Type "EQUALS". Validation Type "POSITIVE". @04-04-2022 19:42:30.0131 P

################################################################################################################################################
Starting Execution:	"140 out of 179" test cases in the current suite
Test Method:		"testPackage01.validationsWizard.Test_ElementValidations.isNotSelected"
################################################################################################################################################
[ReportManager] Attempting to getAttribute "selected" from elementLocator "By.xpath: //img[@alt='Google']". @04-04-2022 19:42:30.0258 PM
[ReportManager] Get attribute. @04-04-2022 19:42:30.0305 PM
[ReportManager] Assertion Passed: The Element located by "By.xpath: //img[@alt='Google']" is not selected, selected attribute is equal to "null". @04-04-2022 19:42:30.0638 PM
[ReportManager] Successfully created attachment "Screenshot - 1649101350437_isNotSelected_ValidateElementAttribute_passed" @04-04-2022 19:42:30.0721 PM
[ReportManager] Assertion "ValidateElementAttribute" PASSED. Expected "Value Should be 'null' for the 'selected' attribute, element locator 'By.xpath: //img[@alt='Google']'" and Actual "null". Comparison Type "EQUALS". Validation Type "POSITIVE". @04-04-2022 19:42:30.0721 P

################################################################################################################################################
Starting Execution:	"141 out of 179" test cases in the current suite
Test Method:		"testPackage01.validationsWizard.Test_ElementValidations.isVisible"
################################################################################################################################################
[ReportManager] Attempting to getAttribute "hidden" from elementLocator "By.xpath: //img[@alt='Google']". @04-04-2022 19:42:30.0846 PM
[ReportManager] Get attribute. @04-04-2022 19:42:30.0891 PM
[ReportManager] Assertion Passed: The Element located by "By.xpath: //img[@alt='Google']" is visible, hidden attribute is equal to "null". @04-04-2022 19:42:31.0261 PM
[ReportManager] Successfully created attachment "Screenshot - 1649101351042_isVisible_ValidateElementAttribute_passed" @04-04-2022 19:42:31.0345 PM
[ReportManager] Assertion "ValidateElementAttribute" PASSED. Expected "Value Should be 'null' for the 'hidden' attribute, element locator 'By.xpath: //img[@alt='Google']'" and Actual "null". Comparison Type "EQUALS". Validation Type "POSITIVE". @04-04-2022 19:42:31.0345 P

################################################################################################################################################
Starting Execution:	"142 out of 179" test cases in the current suite
Test Method:		"testPackage01.validationsWizard.Test_ElementValidations.matchesReferenceImage"
################################################################################################################################################
[ReportManager] File Action "DoesFileExist" successfully performed. With the following test data "File Path: "src/main/resources/dynamicObjectRepository/testPackage01_validationsWizard_Test_ElementValidations_matchesReferenceImage_By_xpath_img_alt_Google.png"". @04-04-2022 19:42:31.0476 PM
[ReportManager] File Action "GetAbsolutePath" successfully performed. With the following test data "Relative Folder Path: "src/main/resources/dynamicObjectRepository/testPackage01_validationsWizard_Test_ElementValidations_matchesReferenceImage_By_xpath_img_alt_Google.png"". @04-04-2022 19:42:31.0476 PM
[ReportManager] File Action "ReadFromImageFile" successfully performed. With the following test data "File Path: "/Users/runner/work/SHAFT_ENGINE/SHAFT_ENGINE/src/main/resources/dynamicObjectRepository/testPackage01_validationsWizard_Test_ElementValidations_matchesReferenceImage_By_xpath_img_alt_Google.png"". @04-04-2022 19:42:31.0557 PM
[ReportManager] File Action "DoesFileExist" successfully performed. With the following test data "File Path: "src/main/resources/dynamicObjectRepository/testPackage01_validationsWizard_Test_ElementValidations_matchesReferenceImage_By_xpath_img_alt_Google.png"". @04-04-2022 19:42:31.0633 PM
[ReportManager] File Action "DoesFileExist" successfully performed. With the following test data "File Path: "src/main/resources/dynamicObjectRepository/testPackage01_validationsWizard_Test_ElementValidations_matchesReferenceImage_By_xpath_img_alt_Google.png"". @04-04-2022 19:42:31.0633 PM
[ReportManager] File Action "GetAbsolutePath" successfully performed. With the following test data "Relative Folder Path: "src/main/resources/dynamicObjectRepository/testPackage01_validationsWizard_Test_ElementValidations_matchesReferenceImage_By_xpath_img_alt_Google.png"". @04-04-2022 19:42:31.0637 PM
[ReportManager] File Action "ReadFromImageFile" successfully performed. With the following test data "File Path: "/Users/runner/work/SHAFT_ENGINE/SHAFT_ENGINE/src/main/resources/dynamicObjectRepository/testPackage01_validationsWizard_Test_ElementValidations_matchesReferenceImage_By_xpath_img_alt_Google.png"". @04-04-2022 19:42:31.0638 PM
[ReportManager] Accuracy threshold is [80.0%] and the actual match accuracy is [100.0%]. @04-04-2022 19:42:31.0644 PM
[ReportManager] Successfully identified the element using AI; OpenCV. @04-04-2022 19:42:31.0644 PM
[ReportManager] Assertion Passed: The Element located by "By.xpath: //img[@alt='Google']" matches the reference image "EXACT_OPENCV". @04-04-2022 19:42:31.0645 PM
[ReportManager] Successfully created attachment "Validation Test Data - Reference Screenshot" @04-04-2022 19:42:31.0687 PM
[ReportManager] Successfully created attachment "Validation Test Data - Actual Screenshot" @04-04-2022 19:42:31.0769 PM
[ReportManager] Assertion "ValidateElementMatches" PASSED. Expected "Element should match the reference screenshot" and Actual "TRUE". Comparison Type "EXACT_OPENCV". Validation Type "POSITIVE". @04-04-2022 19:42:31.0769 P

################################################################################################################################################
Starting Execution:	"143 out of 179" test cases in the current suite
Test Method:		"testPackage01.validationsWizard.Test_ElementValidations.text"
################################################################################################################################################
[ReportManager] Type "DriverFactory_Engine". @04-04-2022 19:42:32.0436 PM
[ReportManager] Get text "DriverFactory_Engine". @04-04-2022 19:42:32.0508 PM
[ReportManager] Assertion Passed: The Element located by "By.name: q" text is equal to "DriverFactory_Engine". @04-04-2022 19:42:32.0855 PM
[ReportManager] Successfully created attachment "Screenshot - 1649101352651_text_ValidateElementAttribute_passed" @04-04-2022 19:42:32.0939 PM
[ReportManager] Assertion "ValidateElementAttribute" PASSED. Expected "Value Should be 'DriverFactory_Engine' for the 'text' attribute, element locator 'By.name: q'" and Actual "DriverFactory_Engine". Comparison Type "EQUALS". Validation Type "POSITIVE". @04-04-2022 19:42:32.0940 P
[ReportManager] Successfully Closed All Drivers. @04-04-2022 19:42:33.0327 P

################################################################################################################################################
Starting Execution:	"144 out of 179" test cases in the current suite
Test Method:		"testPackage01.Test_JsonActions.f"
###############################################################################################################################################

################################################################################################################################################
Starting Execution:	"145 out of 179" test cases in the current suite
Test Method:		"testPackage01.Test_JsonActions.f2"
###############################################################################################################################################

################################################################################################################################################
Starting Execution:	"146 out of 179" test cases in the current suite
Test Method:		"testPackage01.Test_sendGraphqlRequest.sendGraphqlRequestUsingMutationAndVariables"
################################################################################################################################################
[ReportManager] GraphQl Request is being Performed with the Following Parameters [Service URL: https://api.spacex.land/graphql | Request Body: {"variables":"{\"name\": \"sherlock holmes\",\"rocket\": \"221B Baker Street\"}","query":"mutation ($name: String, $rocket: String) {\n  insert_users(objects: {name: $name, rocket: $rocket}) {\n    returning {\n      name\n      rocket\n    }\n  }\n}"}" @04-04-2022 19:42:33.0767 PM
[ReportManager] Response status code: "200", status line: "HTTP/1.1 200 OK" @04-04-2022 19:42:33.0997 PM
[ReportManager] Assertion Passed: Evaluating the actual response status code against the expected one... @04-04-2022 19:42:33.0997 PM
[ReportManager] Assertion "ValidateComparativeRelation" PASSED. Expected "200" and Actual "200". Comparison Type "EQUALS". Validation Type "POSITIVE". @04-04-2022 19:42:33.0997 PM
[ReportManager] API Action "PerformRequest" successfully performed. With the following test data "Request Type: "POST" | Target Status Code: "200" | Service URL: "https://api.spacex.land/graphql" | Content Type: "application/json" | Response Time: "118ms"". @04-04-2022 19:42:34.0013 PM
[ReportManager] Successfully created attachment "API Request - Specifications" @04-04-2022 19:42:34.0054 PM
[ReportManager] Successfully created attachment "API Request - JSON Body" @04-04-2022 19:42:34.0137 PM
[ReportManager] Successfully created attachment "API Response - JSON Body" @04-04-2022 19:42:34.0180 PM
[ReportManager] API Action "GetResponseJSONValue" successfully performed. With the following test data "data.insert_users.returning[0].name". @04-04-2022 19:42:34.0244 PM
[ReportManager] Assertion "ValidateEquals" PASSED. Expected "sherlock holmes" and Actual "sherlock holmes". Comparison Type "EQUALS". Validation Type "POSITIVE". @04-04-2022 19:42:34.0245 P

################################################################################################################################################
Starting Execution:	"147 out of 179" test cases in the current suite
Test Method:		"testPackage01.Test_sendGraphqlRequest.sendGraphqlRequestUsingQuery"
################################################################################################################################################
[ReportManager] GraphQl Request is being Performed with the Following Parameters [Service URL: https://api.spacex.land/graphql | Request Body: {"query":"{company {ceo}}"}" @04-04-2022 19:42:34.0371 PM
[ReportManager] Response status code: "200", status line: "HTTP/1.1 200 OK" @04-04-2022 19:42:34.0450 PM
[ReportManager] Assertion Passed: Evaluating the actual response status code against the expected one... @04-04-2022 19:42:34.0451 PM
[ReportManager] Assertion "ValidateComparativeRelation" PASSED. Expected "200" and Actual "200". Comparison Type "EQUALS". Validation Type "POSITIVE". @04-04-2022 19:42:34.0451 PM
[ReportManager] API Action "PerformRequest" successfully performed. With the following test data "Request Type: "POST" | Target Status Code: "200" | Service URL: "https://api.spacex.land/graphql" | Content Type: "application/json" | Response Time: "71ms"". @04-04-2022 19:42:34.0464 PM
[ReportManager] Successfully created attachment "API Request - Specifications" @04-04-2022 19:42:34.0506 PM
[ReportManager] Successfully created attachment "API Request - JSON Body" @04-04-2022 19:42:34.0588 PM
[ReportManager] Successfully created attachment "API Response - JSON Body" @04-04-2022 19:42:34.0630 PM
[ReportManager] API Action "GetResponseJSONValue" successfully performed. With the following test data "data.company.ceo". @04-04-2022 19:42:34.0643 PM
[ReportManager] Assertion "ValidateEquals" PASSED. Expected "Elon Musk" and Actual "Elon Musk". Comparison Type "EQUALS". Validation Type "POSITIVE". @04-04-2022 19:42:34.0643 P

################################################################################################################################################
Starting Execution:	"148 out of 179" test cases in the current suite
Test Method:		"testPackage01.Test_SHAFT_Wizard.api"
################################################################################################################################################
[ReportManager] Response status code: "200", status line: "HTTP/1.1 200 OK" @04-04-2022 19:42:34.0910 PM
[ReportManager] Assertion Passed: Evaluating the actual response status code against the expected one... @04-04-2022 19:42:34.0910 PM
[ReportManager] Assertion "ValidateComparativeRelation" PASSED. Expected "200" and Actual "200". Comparison Type "EQUALS". Validation Type "POSITIVE". @04-04-2022 19:42:34.0911 PM
[ReportManager] API Action "PerformRequest" successfully performed. With the following test data "Request Type: "GET" | Target Status Code: "200" | Service URL: "https://jsonplaceholder.typicode.com/users" | Content Type: "*/*" | Response Time: "54ms"". @04-04-2022 19:42:34.0935 PM
[ReportManager] Successfully created attachment "API Request - Specifications" @04-04-2022 19:42:34.0977 PM
[ReportManager] Successfully created attachment "API Response - JSON Body" @04-04-2022 19:42:35.0061 PM
[ReportManager] API Action "GetResponseJSONValueAsList" successfully performed. With the following test data "$". @04-04-2022 19:42:35.0068 PM
[ReportManager] API Action "GetResponseJSONValue" successfully performed. With the following test data "name". @04-04-2022 19:42:35.0083 PM
[ReportManager] API Action "GetResponseJSONValue" successfully performed. With the following test data "email". @04-04-2022 19:42:35.0097 PM
[ReportManager] Verification Passed: The API response extracted value from the JSON path "email" is equal to "Sincere@april.biz". @04-04-2022 19:42:35.0098 PM
[ReportManager] Verification "ValidateEquals" PASSED. Expected "Sincere@april.biz" and Actual "Sincere@april.biz". Comparison Type "EQUALS". Validation Type "POSITIVE". @04-04-2022 19:42:35.0098 PM
[ReportManager] API Action "GetResponseJSONValue" successfully performed. With the following test data "username". @04-04-2022 19:42:35.0112 PM
[ReportManager] Assertion Passed: The API response extracted value from the JSON path "username" is equal to "Bret". @04-04-2022 19:42:35.0112 PM
[ReportManager] Assertion "ValidateEquals" PASSED. Expected "Bret" and Actual "Bret". Comparison Type "EQUALS". Validation Type "POSITIVE". @04-04-2022 19:42:35.0112 PM
[ReportManager] API Action "GetResponseJSONValue" successfully performed. With the following test data "name". @04-04-2022 19:42:35.0128 PM
[ReportManager] API Action "GetResponseJSONValue" successfully performed. With the following test data "name". @04-04-2022 19:42:35.0144 PM
[ReportManager] API Action "GetResponseJSONValue" successfully performed. With the following test data "name". @04-04-2022 19:42:35.0159 PM
[ReportManager] API Action "GetResponseJSONValue" successfully performed. With the following test data "name". @04-04-2022 19:42:35.0173 PM
[ReportManager] API Action "GetResponseJSONValue" successfully performed. With the following test data "name". @04-04-2022 19:42:35.0188 PM
[ReportManager] API Action "GetResponseJSONValue" successfully performed. With the following test data "name". @04-04-2022 19:42:35.0204 PM
[ReportManager] API Action "GetResponseJSONValue" successfully performed. With the following test data "name". @04-04-2022 19:42:35.0217 PM
[ReportManager] API Action "GetResponseJSONValue" successfully performed. With the following test data "name". @04-04-2022 19:42:35.0229 PM
[ReportManager] API Action "GetResponseJSONValue" successfully performed. With the following test data "name". @04-04-2022 19:42:35.0241 P

################################################################################################################################################
Starting Execution:	"149 out of 179" test cases in the current suite
Test Method:		"testPackage01.Test_SHAFT_Wizard.cli"
################################################################################################################################################
[ReportManager] File Action "GetAbsolutePath" successfully performed. With the following test data "Relative Folder Path: "src/test/resources/testDataFiles/JsonFileTest.json"". @04-04-2022 19:42:35.0654 PM
[ReportManager] File Action "ReadFromFile" successfully performed. With the following test data "File Path: "/Users/runner/work/SHAFT_ENGINE/SHAFT_ENGINE/src/test/resources/testDataFiles/JsonFileTest.json"". @04-04-2022 19:42:35.0655 PM
[ReportManager] Successfully created attachment "File Action Actual Result - Command Log" @04-04-2022 19:42:35.0737 PM
[ReportManager] Successfully created attachment "JSON - Custom Attachment" @04-04-2022 19:42:35.0862 P

################################################################################################################################################
Starting Execution:	"150 out of 179" test cases in the current suite
Test Method:		"testPackage01.Test_SHAFT_Wizard.gui"
################################################################################################################################################
[ReportManager] File Action "GetAbsolutePath" successfully performed. With the following test data "Relative Folder Path: "target/downloadedFiles/"". @04-04-2022 19:42:35.0988 PM
[ReportManager] Attempting to run locally on: "Mac-64 | Safari", Headless Execution. @04-04-2022 19:42:35.0988 PM
[ReportManager] Successfully Opened Safari. @04-04-2022 19:42:36.0864 PM
[ReportManager] Initial window size: (800, 600) @04-04-2022 19:42:36.0871 PM
[ReportManager] Window size after SWD Maximize: (1176, 803) @04-04-2022 19:42:36.0923 PM
[ReportManager] Maximize window "New screen size is now: (1176, 803)". @04-04-2022 19:42:36.0923 PM
[ReportManager] Target URL: "https://www.google.com/" @04-04-2022 19:42:36.0924 PM
[ReportManager] Initial URL: "" @04-04-2022 19:42:37.0016 PM
[ReportManager] Navigate to url "https://www.google.com/". @04-04-2022 19:42:38.0470 PM
[ReportManager] Type "SHAFT_Engine". @04-04-2022 19:42:38.0858 PM
[ReportManager] Key press "ENTER". @04-04-2022 19:42:38.0932 PM
[ReportManager] Get text "About 689,000 results (0.40 seconds)". @04-04-2022 19:42:40.0332 PM
[ReportManager] Assertion Passed: The Element located by "By.id: result-stats" text does not equal "". @04-04-2022 19:42:40.0688 PM
[ReportManager] Successfully created attachment "Screenshot - 1649101360483_gui_ValidateElementAttribute_passed" @04-04-2022 19:42:40.0775 PM
[ReportManager] Assertion "ValidateElementAttribute" PASSED. Expected "Value Should not be '' for the 'text' attribute, element locator 'By.id: result-stats'" and Actual "About 689,000 results (0.40 seconds)". Comparison Type "EQUALS". Validation Type "NEGATIVE". @04-04-2022 19:42:40.0775 PM
[ReportManager] Successfully Closed All Drivers. @04-04-2022 19:42:41.0017 P

################################################################################################################################################
Starting Execution:	"151 out of 179" test cases in the current suite
Test Method:		"testPackage01.Test_SHAFT_Wizard.testData"
################################################################################################################################################
[ReportManager] File Action "DoesFileExist" successfully performed. With the following test data "File Path: "src/test/resources/testDataFiles/sample.pdf"". @04-04-2022 19:42:41.0271 PM
[ReportManager] File Action "GetAbsolutePath" successfully performed. With the following test data "Relative Folder Path: "src/test/resources/testDataFiles/sample.pdf"". @04-04-2022 19:42:41.0271 PM
[ReportManager] File Action "DoesFileExist" successfully performed. With the following test data "File Path: "/Users/runner/work/SHAFT_ENGINE/SHAFT_ENGINE/src/test/resources/testDataFiles/sample.pdf"". @04-04-2022 19:42:41.0271 PM
[ReportManager] File Action "GetAbsolutePath" successfully performed. With the following test data "Relative Folder Path: "/Users/runner/work/SHAFT_ENGINE/SHAFT_ENGINE/src/test/resources/testDataFiles/sample.pdf"". @04-04-2022 19:42:41.0271 PM
[ReportManager] Successfully created attachment "PDF - Custom Attachment" @04-04-2022 19:42:41.0368 P

################################################################################################################################################
Starting Execution:	"152 out of 179" test cases in the current suite
Test Method:		"testPackage01.Test_MatchJsonSchema.checkAPI_ResponseSchema"
################################################################################################################################################
[ReportManager] Response status code: "200", status line: "HTTP/1.1 200 OK" @04-04-2022 19:42:41.0612 PM
[ReportManager] Assertion Passed: Evaluating the actual response status code against the expected one... @04-04-2022 19:42:41.0613 PM
[ReportManager] Assertion "ValidateComparativeRelation" PASSED. Expected "200" and Actual "200". Comparison Type "EQUALS". Validation Type "POSITIVE". @04-04-2022 19:42:41.0613 PM
[ReportManager] API Action "PerformRequest" successfully performed. With the following test data "Request Type: "GET" | Target Status Code: "200" | Service URL: "http://api.zippopotam.us/us/90210" | Content Type: "*/*" | Response Time: "110ms"". @04-04-2022 19:42:41.0630 PM
[ReportManager] Successfully created attachment "API Request - Specifications" @04-04-2022 19:42:41.0672 PM
[ReportManager] Successfully created attachment "API Response - JSON Body" @04-04-2022 19:42:41.0753 PM
[ReportManager] File Action "GetAbsolutePath" successfully performed. With the following test data "Relative Folder Path: "src/test/resources/testDataFiles/schema.json"". @04-04-2022 19:42:41.0754 PM
[ReportManager] File Action "GetAbsolutePath" successfully performed. With the following test data "Relative Folder Path: "/Users/runner/work/SHAFT_ENGINE/SHAFT_ENGINE/src/test/resources/testDataFiles/schema.json"". @04-04-2022 19:42:42.0959 PM
[ReportManager] File Action "ReadFromFile" successfully performed. With the following test data "File Path: "/Users/runner/work/SHAFT_ENGINE/SHAFT_ENGINE/src/test/resources/testDataFiles/schema.json"". @04-04-2022 19:42:42.0959 PM
[ReportManager] Assertion Passed: The API response schema matches that in this file "src/test/resources/testDataFiles/schema.json". @04-04-2022 19:42:42.0962 PM
[ReportManager] Successfully created attachment "Validation Test Data - Expected JSON Value" @04-04-2022 19:42:43.0030 PM
[ReportManager] Successfully created attachment "Validation Test Data - Actual JSON Value" @04-04-2022 19:42:43.0151 PM
[ReportManager] Assertion "ValidateResponseFileSchema" PASSED. Expected "Response data should match the JSON File in this path '/Users/runner/work/SHAFT_ENGINE/SHAFT_ENGINE/src/test/resources/testDataFiles/schema.json'" and Actual "TRUE". Comparison Type "EQUALS". Validation Type "POSITIVE". @04-04-2022 19:42:43.0151 P
[ReportManager] File Action "GetAbsolutePath" successfully performed. With the following test data "Relative Folder Path: "target/downloadedFiles/"". @04-04-2022 19:42:43.0276 PM
[ReportManager] Attempting to run locally on: "Mac-64 | Safari", Headless Execution. @04-04-2022 19:42:43.0277 PM
[ReportManager] Successfully Opened Safari. @04-04-2022 19:42:44.0211 PM
[ReportManager] Initial window size: (800, 600) @04-04-2022 19:42:44.0232 PM
[ReportManager] Window size after SWD Maximize: (1176, 803) @04-04-2022 19:42:44.0277 PM
[ReportManager] Maximize window "New screen size is now: (1176, 803)". @04-04-2022 19:42:44.0278 P

################################################################################################################################################
Starting Execution:	"153 out of 179" test cases in the current suite
Test Method:		"testPackage01.Test_dragAndDrop.dragAndDropJquery"
################################################################################################################################################
[ReportManager] Target URL: "https://jqueryui.com/resources/demos/droppable/default.html" @04-04-2022 19:42:44.0445 PM
[ReportManager] Initial URL: "" @04-04-2022 19:42:44.0474 PM
[ReportManager] Navigate to url "https://jqueryui.com/resources/demos/droppable/default.html". @04-04-2022 19:42:44.0827 PM
[ReportManager] Get text "Drop here". @04-04-2022 19:42:45.0017 PM
[ReportManager] Drag and drop "Start point: (8, 18), End point: (8, 18)". @04-04-2022 19:42:46.0065 PM
[ReportManager] Get text "Dropped!". @04-04-2022 19:42:46.0120 PM
[ReportManager] Assertion Passed: Checking to see if the text has changed after performing drag and drop @04-04-2022 19:42:46.0121 PM
[ReportManager] Assertion "ValidateEquals" PASSED. Expected "
	Drop here
" and Actual "
	Dropped!
". Comparison Type "EQUALS". Validation Type "NEGATIVE". @04-04-2022 19:42:46.0121 P
[ReportManager] Close current window. @04-04-2022 19:42:46.0486 PM
[ReportManager] Successfully created attachment "Browser Action Test Data - Close current window - Actual Value" @04-04-2022 19:42:46.0528 P
[ReportManager] File Action "GetAbsolutePath" successfully performed. With the following test data "Relative Folder Path: "target/downloadedFiles/"". @04-04-2022 19:42:46.0570 PM
[ReportManager] Attempting to run locally on: "Mac-64 | Safari", Headless Execution. @04-04-2022 19:42:46.0571 PM
[ReportManager] Successfully Opened Safari. @04-04-2022 19:42:47.0437 PM
[ReportManager] Initial window size: (800, 600) @04-04-2022 19:42:47.0451 PM
[ReportManager] Window size after SWD Maximize: (1176, 803) @04-04-2022 19:42:47.0466 PM
[ReportManager] Maximize window "New screen size is now: (1176, 803)". @04-04-2022 19:42:47.0467 P

################################################################################################################################################
Starting Execution:	"154 out of 179" test cases in the current suite
Test Method:		"testPackage01.Test_dragAndDrop.dragAndDrop"
Test Description:	"TC001 - Test Drag and Drop function."
################################################################################################################################################
[ReportManager] Target URL: "http://the-internet.herokuapp.com/drag_and_drop" @04-04-2022 19:42:47.0470 PM
[ReportManager] Initial URL: "" @04-04-2022 19:42:47.0525 PM
[ReportManager] Navigate to url "http://the-internet.herokuapp.com/drag_and_drop". @04-04-2022 19:42:47.0866 PM
[ReportManager] Attempting Drag and Drop @04-04-2022 19:42:47.0866 PM
[ReportManager] Drag and drop "Start point: (120, 89), End point: (335, 89)". @04-04-2022 19:42:48.0713 P
[ReportManager] Close current window. @04-04-2022 19:42:48.0931 PM
[ReportManager] Successfully created attachment "Browser Action Test Data - Close current window - Actual Value" @04-04-2022 19:42:48.0931 P
[ReportManager] File Action "GetAbsolutePath" successfully performed. With the following test data "Relative Folder Path: "target/downloadedFiles/"". @04-04-2022 19:42:48.0933 PM
[ReportManager] Attempting to run locally on: "Mac-64 | Safari", Headless Execution. @04-04-2022 19:42:48.0933 PM
[ReportManager] Successfully Opened Safari. @04-04-2022 19:42:49.0777 PM
[ReportManager] Initial window size: (800, 600) @04-04-2022 19:42:49.0802 PM
[ReportManager] Window size after SWD Maximize: (1176, 803) @04-04-2022 19:42:49.0826 PM
[ReportManager] Maximize window "New screen size is now: (1176, 803)". @04-04-2022 19:42:49.0827 P

################################################################################################################################################
Starting Execution:	"155 out of 179" test cases in the current suite
Test Method:		"testPackage01.Test_dragAndDrop.dragAndDropByOffset"
Test Description:	"TC002 - Test Drag and Drop by offset function."
################################################################################################################################################
[ReportManager] Target URL: "https://jqueryui.com/resources/demos/draggable/default.html" @04-04-2022 19:42:49.0958 PM
[ReportManager] Initial URL: "" @04-04-2022 19:42:49.0987 PM
[ReportManager] Navigate to url "https://jqueryui.com/resources/demos/draggable/default.html". @04-04-2022 19:42:50.0345 PM
[ReportManager] Drag and drop by offset "Start point: (8, 8), End point: (108, 58)". @04-04-2022 19:42:51.0149 P
[ReportManager] Close current window. @04-04-2022 19:42:51.0564 PM
[ReportManager] Successfully created attachment "Browser Action Test Data - Close current window - Actual Value" @04-04-2022 19:42:51.0660 P
[ReportManager] Loaded Test Data: "src/test/resources/testDataFiles/testSuite01/TestData.xlsx". @04-04-2022 19:42:52.0065 PM
[ReportManager] Successfully created attachment "Test Data - Excel" @04-04-2022 19:42:52.0153 PM
[ReportManager] File Action "GetAbsolutePath" successfully performed. With the following test data "Relative Folder Path: "target/downloadedFiles/"". @04-04-2022 19:42:52.0153 PM
[ReportManager] Attempting to run locally on: "Mac-64 | Safari", Headless Execution. @04-04-2022 19:42:52.0153 PM
[ReportManager] Successfully Opened Safari. @04-04-2022 19:42:52.0997 PM
[ReportManager] Initial window size: (800, 600) @04-04-2022 19:42:53.0025 PM
[ReportManager] Window size after SWD Maximize: (1176, 803) @04-04-2022 19:42:53.0057 PM
[ReportManager] Maximize window "New screen size is now: (1176, 803)". @04-04-2022 19:42:53.0057 P

################################################################################################################################################
Starting Execution:	"156 out of 179" test cases in the current suite
Test Method:		"testPackage01.Test_google.navigateToURLandVerifyGoogleLogoIsDisplayed"
Test Description:	"TC001 - Navigate to URL and Verify Google Logo is Displayed"
################################################################################################################################################
[ReportManager] Target URL: "https://www.google.com/ncr", and after redirection: "https://www.google.com" @04-04-2022 19:42:53.0101 PM
[ReportManager] Initial URL: "" @04-04-2022 19:42:53.0132 PM
[ReportManager] Navigate to url "https://www.google.com/ncr". @04-04-2022 19:42:54.0811 PM
[ReportManager] Assertion Passed: The Element located by "By.xpath: //*[@id='hplogo' or @alt='Google']" exists. @04-04-2022 19:42:55.0195 PM
[ReportManager] Successfully created attachment "Screenshot - 1649101374968_navigateToURLandVerifyGoogleLogoIsDisplayed_ValidateElementExists_passed" @04-04-2022 19:42:55.0279 PM
[ReportManager] Assertion "ValidateElementExists" PASSED. Expected "Element Should Exist, locator 'By.xpath: //*[@id='hplogo' or @alt='Google']'" and Actual "Element Exists". Comparison Type "EQUALS". Validation Type "POSITIVE". @04-04-2022 19:42:55.0280 P

################################################################################################################################################
Starting Execution:	"157 out of 179" test cases in the current suite
Test Method:		"testPackage01.Test_google.searchForQueryandAssertResultsNumDisplayed"
Test Description:	"TC002 - Search for Query and Assert that the number of results is displayed"
################################################################################################################################################
[ReportManager] Type "SHAFT_Engine". @04-04-2022 19:42:56.0081 PM
[ReportManager] Key press "Enter". @04-04-2022 19:42:56.0144 PM
[ReportManager] Get text "About 689,000 results (0.35 seconds)Quick SettingsSee all settingsPrivacySearch historyYour data in SearchUsing SearchExplicit results filterLearn more about SafeSearchHide explicit resultsLanguagesEnglishAdvanced searchAppearanceLight themeDark themeDevice defaultSupportSearch help". @04-04-2022 19:42:57.0441 PM
[ReportManager] Assertion Passed: The Element located by "By.id: appbar" text does not equal "". @04-04-2022 19:42:57.0797 PM
[ReportManager] Successfully created attachment "Screenshot - 1649101377593_searchForQueryandAssertResultsNumDisplayed_ValidateElementAttribute_passed" @04-04-2022 19:42:57.0885 PM
[ReportManager] Assertion "ValidateElementAttribute" PASSED. Expected "Value Should not be '' for the 'text' attribute, element locator 'By.id: appbar'" and Actual "About 689,000 results (0.35 seconds)Quick SettingsSee all settingsPrivacySearch historyYour data in SearchUsing SearchExplicit results filterLearn more about SafeSearchHide explicit resultsLanguagesEnglishAdvanced searchAppearanceLight themeDark themeDevice defaultSupportSearch help". Comparison Type "EQUALS". Validation Type "NEGATIVE". @04-04-2022 19:42:57.0885 P

################################################################################################################################################
Starting Execution:	"158 out of 179" test cases in the current suite
Test Method:		"testPackage01.Test_google.clickNextThrice"
Test Description:	"TC003 - Clicks the next button to make sure that the framework can scroll element into view before clicking it"
################################################################################################################################################
[ReportManager] Click "By.xpath: //span[text()='Next']". @04-04-2022 19:42:58.0223 P
[ReportManager] Successfully Closed All Drivers. @04-04-2022 19:42:58.0596 P
[ReportManager] File Action "GetAbsolutePath" successfully performed. With the following test data "Relative Folder Path: "target/downloadedFiles/"". @04-04-2022 19:42:58.0638 PM
[ReportManager] Attempting to run locally on: "Mac-64 | Safari", Headless Execution. @04-04-2022 19:42:58.0638 PM
[ReportManager] Successfully Opened Safari. @04-04-2022 19:42:59.0594 PM
[ReportManager] Initial window size: (800, 600) @04-04-2022 19:42:59.0657 PM
[ReportManager] Window size after SWD Maximize: (1176, 803) @04-04-2022 19:42:59.0693 PM
[ReportManager] Maximize window "New screen size is now: (1176, 803)". @04-04-2022 19:42:59.0693 P

################################################################################################################################################
Starting Execution:	"159 out of 179" test cases in the current suite
Test Method:		"testPackage01.Test_chainableElementActions.chainElementActions"
################################################################################################################################################
[ReportManager] Target URL: "https://www.google.com/ncr", and after redirection: "https://www.google.com" @04-04-2022 19:42:59.0860 PM
[ReportManager] Initial URL: "" @04-04-2022 19:42:59.0901 PM
[ReportManager] Navigate to url "https://www.google.com/ncr". @04-04-2022 19:43:01.0862 PM
[ReportManager] Type "chained type 1". @04-04-2022 19:43:02.0837 PM
[ReportManager] Type "chained type 2". @04-04-2022 19:43:03.0429 PM
[ReportManager] Type append "345". @04-04-2022 19:43:03.0522 PM
[ReportManager] Get text "chained type 2345". @04-04-2022 19:43:03.0635 PM
[ReportManager] Assertion Passed: The Element located by "By.name: q" text is equal to "chained type 2345". @04-04-2022 19:43:03.0964 PM
[ReportManager] Successfully created attachment "Screenshot - 1649101383774_chainElementActions_ValidateElementAttribute_passed" @04-04-2022 19:43:04.0047 PM
[ReportManager] Assertion "ValidateElementAttribute" PASSED. Expected "Value Should be 'chained type 2345' for the 'text' attribute, element locator 'By.name: q'" and Actual "chained type 2345". Comparison Type "EQUALS". Validation Type "POSITIVE". @04-04-2022 19:43:04.0047 P
[ReportManager] Successfully Closed All Drivers. @04-04-2022 19:43:04.0427 P
[ReportManager] File Action "GetAbsolutePath" successfully performed. With the following test data "Relative Folder Path: "target/downloadedFiles/"". @04-04-2022 19:43:04.0551 PM
[ReportManager] Attempting to run locally on: "Mac-64 | Safari", Headless Execution. @04-04-2022 19:43:04.0552 PM
[ReportManager] Successfully Opened Safari. @04-04-2022 19:43:05.0648 PM
[ReportManager] Initial window size: (800, 600) @04-04-2022 19:43:05.0679 PM
[ReportManager] Window size after SWD Maximize: (1176, 803) @04-04-2022 19:43:05.0729 PM
[ReportManager] Maximize window "New screen size is now: (1176, 803)". @04-04-2022 19:43:05.0730 P

################################################################################################################################################
Starting Execution:	"160 out of 179" test cases in the current suite
Test Method:		"testPackage01.Test_RelativeLocators.relativeLocatorsTest1"
################################################################################################################################################
[ReportManager] Target URL: "https://duckduckgo.com/" @04-04-2022 19:43:05.0899 PM
[ReportManager] Initial URL: "" @04-04-2022 19:43:05.0936 PM
[ReportManager] Navigate to url "https://duckduckgo.com/". @04-04-2022 19:43:07.0008 PM
[ReportManager] Type "SHAFT_Engine". @04-04-2022 19:43:07.0507 PM
[ReportManager] Key press "ENTER". @04-04-2022 19:43:07.0634 PM
[ReportManager] An Exception Occured with this Message: A JavaScript exception occured: Can't find variable: jQuery. @04-04-2022 19:43:07.0721 PM
[ReportManager] Successfully created attachment "Exception Stack Trace - org.openqa.selenium.JavascriptException" @04-04-2022 19:43:07.0764 PM
[ReportManager] Get text "GitHub - MohabMohie/SHAFT_ENGINE: SHAFT_ENGINE is a Test ...". @04-04-2022 19:43:09.0491 PM
[ReportManager] Assertion Passed: The Element located by "Relative Locator: {root={xpath=//a[@class='result__a js-result-title-link']}, filters=[{kind=below, args=[{xpath=//input[@name='q']}]}]}" text does not equal "". @04-04-2022 19:43:09.0989 PM
[ReportManager] Successfully created attachment "Screenshot - 1649101389768_relativeLocatorsTest1_ValidateElementAttribute_passed" @04-04-2022 19:43:10.0077 PM
[ReportManager] Assertion "ValidateElementAttribute" PASSED. Expected "Value Should not be '' for the 'text' attribute, element locator '[unknown locator]'" and Actual "GitHub - MohabMohie/SHAFT_ENGINE: SHAFT_ENGINE is a Test ...". Comparison Type "EQUALS". Validation Type "NEGATIVE". @04-04-2022 19:43:10.0077 P
[ReportManager] Close current window. @04-04-2022 19:43:10.0430 PM
[ReportManager] Successfully created attachment "Browser Action Test Data - Close current window - Actual Value" @04-04-2022 19:43:10.0471 P

################################################################################################################################################
Starting Execution:	"161 out of 179" test cases in the current suite
Test Method:		"testPackage01.Test_JsonCompareWithSpecialCharacters.specialCharacters"
################################################################################################################################################
[ReportManager] File Action "GetAbsolutePath" successfully performed. With the following test data "Relative Folder Path: "src/test/resources/testDataFiles/specialCharacters.json"". @04-04-2022 19:43:10.0601 PM
[ReportManager] File Action "ReadFromFile" successfully performed. With the following test data "File Path: "/Users/runner/work/SHAFT_ENGINE/SHAFT_ENGINE/src/test/resources/testDataFiles/specialCharacters.json"". @04-04-2022 19:43:10.0724 PM
[ReportManager] Successfully created attachment "File Action Actual Result - Command Log" @04-04-2022 19:43:10.0805 PM
[ReportManager] File Action "GetAbsolutePath" successfully performed. With the following test data "Relative Folder Path: "src/test/resources/testDataFiles/specialCharacters.json"". @04-04-2022 19:43:10.0806 PM
[ReportManager] Comparing the provided API response with the file at this path "/Users/runner/work/SHAFT_ENGINE/SHAFT_ENGINE/src/test/resources/testDataFiles/specialCharacters.json", comparison type "EQUALS" @04-04-2022 19:43:10.0806 PM
[ReportManager] API Action "CompareJSON" successfully performed. With the following test data "/Users/runner/work/SHAFT_ENGINE/SHAFT_ENGINE/src/test/resources/testDataFiles/specialCharacters.json". @04-04-2022 19:43:10.0816 PM
[ReportManager] File Action "GetAbsolutePath" successfully performed. With the following test data "Relative Folder Path: "/Users/runner/work/SHAFT_ENGINE/SHAFT_ENGINE/src/test/resources/testDataFiles/specialCharacters.json"". @04-04-2022 19:43:10.0816 PM
[ReportManager] File Action "ReadFromFile" successfully performed. With the following test data "File Path: "/Users/runner/work/SHAFT_ENGINE/SHAFT_ENGINE/src/test/resources/testDataFiles/specialCharacters.json"". @04-04-2022 19:43:10.0816 PM
[ReportManager] Verification Passed: The API response is equal to the contents of this file "src/test/resources/testDataFiles/specialCharacters.json". @04-04-2022 19:43:10.0822 PM
[ReportManager] Successfully created attachment "Validation Test Data - Expected JSON Value" @04-04-2022 19:43:10.0905 PM
[ReportManager] Successfully created attachment "Validation Test Data - Actual JSON Value" @04-04-2022 19:43:10.0947 PM
[ReportManager] Verification "ValidateJSONFileContent" PASSED. Expected "Response data should match the JSON File in this path '/Users/runner/work/SHAFT_ENGINE/SHAFT_ENGINE/src/test/resources/testDataFiles/specialCharacters.json'" and Actual "TRUE". Comparison Type "EQUALS". Validation Type "POSITIVE". @04-04-2022 19:43:10.0947 P

################################################################################################################################################
Starting Execution:	"162 out of 179" test cases in the current suite
Test Method:		"testPackage01.Test_JsonCompareWithSpecialCharacters.specialCharacters_assertion"
################################################################################################################################################
[ReportManager] File Action "GetAbsolutePath" successfully performed. With the following test data "Relative Folder Path: "src/test/resources/testDataFiles/specialCharacters.json"". @04-04-2022 19:43:11.0074 PM
[ReportManager] File Action "ReadFromFile" successfully performed. With the following test data "File Path: "/Users/runner/work/SHAFT_ENGINE/SHAFT_ENGINE/src/test/resources/testDataFiles/specialCharacters.json"". @04-04-2022 19:43:11.0075 PM
[ReportManager] Successfully created attachment "File Action Actual Result - Command Log" @04-04-2022 19:43:11.0156 PM
[ReportManager] Comparing the provided API response with the file at this path "src/test/resources/testDataFiles/specialCharacters.json", comparison type "CONTAINS" @04-04-2022 19:43:11.0157 PM
[ReportManager] API Action "CompareJSON" successfully performed. With the following test data "src/test/resources/testDataFiles/specialCharacters.json". @04-04-2022 19:43:11.0166 PM
[ReportManager] File Action "GetAbsolutePath" successfully performed. With the following test data "Relative Folder Path: "src/test/resources/testDataFiles/specialCharacters.json"". @04-04-2022 19:43:11.0167 PM
[ReportManager] File Action "ReadFromFile" successfully performed. With the following test data "File Path: "/Users/runner/work/SHAFT_ENGINE/SHAFT_ENGINE/src/test/resources/testDataFiles/specialCharacters.json"". @04-04-2022 19:43:11.0167 PM
[ReportManager] Assertion Passed: trying out the log message @04-04-2022 19:43:11.0171 PM
[ReportManager] Successfully created attachment "Validation Test Data - Expected JSON Value" @04-04-2022 19:43:11.0253 PM
[ReportManager] Successfully created attachment "Validation Test Data - Actual JSON Value" @04-04-2022 19:43:11.0294 PM
[ReportManager] Assertion "ValidateJSONFileContent" PASSED. Expected "Response data should match the JSON File in this path 'src/test/resources/testDataFiles/specialCharacters.json'" and Actual "TRUE". Comparison Type "CONTAINS". Validation Type "POSITIVE". @04-04-2022 19:43:11.0294 P

################################################################################################################################################
Starting Execution:	"163 out of 179" test cases in the current suite
Test Method:		"testPackage01.Test_SkipDueToIssue.doNotSkip"
################################################################################################################################################
[ReportManager] This should not be skipped. @04-04-2022 19:43:11.0421 P

################################################################################################################################################
Starting Execution:	"164 out of 179" test cases in the current suite
Test Method:		"testPackage01.Test_SkipDueToIssue.skip"
################################################################################################################################################
[ReportManager] This should be skipped. @04-04-2022 19:43:11.0550 P

################################################################################################################################################
Starting Execution:	"165 out of 179" test cases in the current suite
Test Method:		"testPackage01.Test_SkipDueToIssue.skip2"
################################################################################################################################################
[ReportManager] This should be skipped. @04-04-2022 19:43:11.0677 P

################################################################################################################################################
Starting Execution:	"166 out of 179" test cases in the current suite
Test Method:		"testPackage01.Test_JSONFileManager.readStringFromJson"
################################################################################################################################################
[ReportManager] File Action "GetAbsolutePath" successfully performed. With the following test data "Relative Folder Path: "src/test/resources/testDataFiles/simpleJSON.json"". @04-04-2022 19:43:11.0886 PM
[ReportManager] Loaded Test Data: "src/test/resources/testDataFiles/simpleJSON.json". @04-04-2022 19:43:11.0886 PM
[ReportManager] Successfully created attachment "Test Data - JSON" @04-04-2022 19:43:12.0009 PM
[ReportManager] File Action "GetAbsolutePath" successfully performed. With the following test data "Relative Folder Path: "src/test/resources/testDataFiles/simpleJSON.json"". @04-04-2022 19:43:12.0010 PM
[ReportManager] Assertion "ValidateEquals" PASSED. Expected "Mohab Mohie" and Actual "Mohab Mohie". Comparison Type "EQUALS". Validation Type "POSITIVE". @04-04-2022 19:43:12.0064 P
[ReportManager] File Action "GetAbsolutePath" successfully performed. With the following test data "Relative Folder Path: "target/downloadedFiles/"". @04-04-2022 19:43:12.0189 PM
[ReportManager] Attempting to run locally on: "Mac-64 | Safari", Headless Execution. @04-04-2022 19:43:12.0189 PM
[ReportManager] Successfully Opened Safari. @04-04-2022 19:43:13.0110 PM
[ReportManager] Initial window size: (800, 600) @04-04-2022 19:43:13.0138 PM
[ReportManager] Window size after SWD Maximize: (1176, 803) @04-04-2022 19:43:13.0173 PM
[ReportManager] Maximize window "New screen size is now: (1176, 803)". @04-04-2022 19:43:13.0174 P

################################################################################################################################################
Starting Execution:	"167 out of 179" test cases in the current suite
Test Method:		"testPackage01.Test_assertEquals.test_assertElementAttribute"
################################################################################################################################################
[ReportManager] Target URL: "https://www.google.com/ncr", and after redirection: "https://www.google.com" @04-04-2022 19:43:13.0216 PM
[ReportManager] Initial URL: "" @04-04-2022 19:43:13.0254 PM
[ReportManager] Navigate to url "https://www.google.com/ncr". @04-04-2022 19:43:14.0840 PM
[ReportManager] Type "INC_004010050:Another SCHEDULER with the same name [Duplicate Job Name] already exists.". @04-04-2022 19:43:17.0311 PM
[ReportManager] Get text "INC_004010050:Another SCHEDULER with the same name [Duplicate Job Name] already exists.". @04-04-2022 19:43:17.0373 PM
[ReportManager] Assertion "ValidateElementAttribute" PASSED. Expected "Value Should be 'INC_004010050:Another SCHEDULER with the same name \[Duplicate Job Name\] already exists.' for the 'text' attribute, element locator 'By.name: q'" and Actual "INC_004010050:Another SCHEDULER with the same name [Duplicate Job Name] already exists.". Comparison Type "MATCHES". Validation Type "POSITIVE". @04-04-2022 19:43:17.0710 PM
[ReportManager] Successfully created attachment "Screenshot - 1649101397509_test_assertElementAttribute_ValidateElementAttribute_passed" @04-04-2022 19:43:17.0799 P
[ReportManager] Close current window. @04-04-2022 19:43:18.0336 PM
[ReportManager] Successfully created attachment "Browser Action Test Data - Close current window - Actual Value" @04-04-2022 19:43:18.0378 P
[ReportManager] File Action "GetAbsolutePath" successfully performed. With the following test data "Relative Folder Path: "target/downloadedFiles/"". @04-04-2022 19:43:18.0420 PM
[ReportManager] Attempting to run locally on: "Mac-64 | Safari", Headless Execution. @04-04-2022 19:43:18.0420 PM
[ReportManager] Successfully Opened Safari. @04-04-2022 19:43:19.0400 PM
[ReportManager] Initial window size: (800, 600) @04-04-2022 19:43:19.0419 PM
[ReportManager] Window size after SWD Maximize: (1176, 803) @04-04-2022 19:43:19.0435 PM
[ReportManager] Maximize window "New screen size is now: (1176, 803)". @04-04-2022 19:43:19.0435 P

################################################################################################################################################
Starting Execution:	"168 out of 179" test cases in the current suite
Test Method:		"testPackage01.Test_IsElementClickable.testIsElementClickable"
################################################################################################################################################
[ReportManager] Target URL: "https://the-internet.herokuapp.com/" @04-04-2022 19:43:19.0561 PM
[ReportManager] Initial URL: "" @04-04-2022 19:43:19.0591 PM
[ReportManager] Navigate to url "https://the-internet.herokuapp.com/". @04-04-2022 19:43:20.0222 PM
[ReportManager] Is element clickable. @04-04-2022 19:43:20.0305 PM
[ReportManager] Assertion "ValidateTrue" PASSED. Expected "TRUE" and Actual "TRUE". Validation Type "POSITIVE". @04-04-2022 19:43:20.0305 P
[ReportManager] Close current window. @04-04-2022 19:43:20.0732 PM
[ReportManager] Successfully created attachment "Browser Action Test Data - Close current window - Actual Value" @04-04-2022 19:43:20.0773 P
[ReportManager] Loaded Test Data: "src/test/resources/testDataFiles/testSuite01/TestData.xlsx". @04-04-2022 19:43:20.0916 PM
[ReportManager] Successfully created attachment "Test Data - Excel" @04-04-2022 19:43:20.0921 PM
[ReportManager] Attempting to run using Playwright locally on: "Mac-64 | Safari", Headless Execution. @04-04-2022 19:43:55.0898 PM
[ReportManager] File Action "GetAbsolutePath" successfully performed. With the following test data "Relative Folder Path: "target/downloadedFiles/"". @04-04-2022 19:43:55.0899 PM
[ReportManager] Initial window size: (1280, 720) @04-04-2022 19:44:01.0766 PM
[ReportManager] Window size after Toolkit: com.microsoft.playwright.options.ViewportSize@285f62e7 @04-04-2022 19:44:01.0776 PM
[ReportManager] Browser Action "MaximizeWindow" successfully performed. With the following test data "New screen size is now: (1920, 1080)". @04-04-2022 19:44:01.0778 P

################################################################################################################################################
Starting Execution:	"169 out of 179" test cases in the current suite
Test Method:		"testPackage01.Test_google_playwright.navigateToURLandVerifyGoogleLogoIsDisplayed"
Test Description:	"TC001 - Navigate to URL and Verify Google Logo is Displayed"
################################################################################################################################################
[ReportManager] Target URL: "https://www.google.com/ncr", and after redirection: "https://www.google.com" @04-04-2022 19:44:01.0782 PM
[ReportManager] Initial URL: "about:blank" @04-04-2022 19:44:02.0330 PM
[ReportManager] Browser Action "NavigateToURL" successfully performed. With the following test data "https://www.google.com/ncr". @04-04-2022 19:44:05.0765 PM
[ReportManager] Assertion "ValidateElementExists" PASSED. Expected "Element Should Exist, locator 'xpath=//*[@id='hplogo' or @alt='Google']'" and Actual "Element Exists". Comparison Type "EQUALS". Validation Type "POSITIVE". @04-04-2022 19:44:06.0112 PM
[ReportManager] Successfully created attachment "Screenshot - 1649101445943_navigateToURLandVerifyGoogleLogoIsDisplayed_ValidateElementExists_passed" @04-04-2022 19:44:06.0114 P

################################################################################################################################################
Starting Execution:	"170 out of 179" test cases in the current suite
Test Method:		"testPackage01.Test_google_playwright.searchForQueryandAssertResultsNumDisplayed"
Test Description:	"TC002 - Search for Query and Assert that the number of results is displayed"
################################################################################################################################################
[ReportManager] Element Action "Type" successfully performed. With the following test data "SHAFT_Engine". @04-04-2022 19:44:06.0615 PM
[ReportManager] Element Action "KeyPress" successfully performed. With the following test data "Enter". @04-04-2022 19:44:06.0647 PM
[ReportManager] Element Action "GetText" successfully performed. With the following test data "About 689,000 results (0.31 seconds)
". @04-04-2022 19:44:08.0072 PM
[ReportManager] Assertion "ValidateElementAttribute" PASSED. Expected "Value Should not be '' for the 'text' attribute, element locator 'xpath=//div[@id='appbar']'" and Actual "About 689,000 results (0.31 seconds)
". Comparison Type "EQUALS". Validation Type "NEGATIVE". @04-04-2022 19:44:09.0273 PM
[ReportManager] Successfully created attachment "Screenshot - 1649101449139_searchForQueryandAssertResultsNumDisplayed_ValidateElementAttribute_passed" @04-04-2022 19:44:09.0275 P

################################################################################################################################################
Starting Execution:	"171 out of 179" test cases in the current suite
Test Method:		"testPackage01.Test_google_playwright.clickNextThrice"
Test Description:	"TC003 - Clicks the next button to make sure that the framework can scroll element into view before clicking it"
################################################################################################################################################
[ReportManager] Element Action "Click" successfully performed. With the following test data "Next". @04-04-2022 19:44:09.0552 P
[ReportManager] Failed to find video recording. @04-04-2022 19:44:09.0554 PM
[ReportManager] Successfully Closed PlayWright Driver. @04-04-2022 19:44:09.0603 P
[ReportManager] File Action "GetAbsolutePath" successfully performed. With the following test data "Relative Folder Path: "target/downloadedFiles/"". @04-04-2022 19:44:09.0605 PM
[ReportManager] Attempting to run locally on: "Mac-64 | Safari", Headless Execution. @04-04-2022 19:44:09.0605 PM
[ReportManager] Successfully Opened Safari. @04-04-2022 19:44:10.0545 PM
[ReportManager] Initial window size: (800, 600) @04-04-2022 19:44:10.0571 PM
[ReportManager] Window size after SWD Maximize: (1176, 803) @04-04-2022 19:44:10.0587 PM
[ReportManager] Maximize window "New screen size is now: (1176, 803)". @04-04-2022 19:44:10.0587 P

################################################################################################################################################
Starting Execution:	"172 out of 179" test cases in the current suite
Test Method:		"testPackage01.Test_verifyEquals.test_assertElementAttribute"
################################################################################################################################################
[ReportManager] Target URL: "https://www.google.com/ncr", and after redirection: "https://www.google.com" @04-04-2022 19:44:10.0630 PM
[ReportManager] Initial URL: "" @04-04-2022 19:44:10.0677 PM
[ReportManager] Navigate to url "https://www.google.com/ncr". @04-04-2022 19:44:12.0227 PM
[ReportManager] Type "INC_004010050:Another SCHEDULER with the same name [Duplicate Job Name] already exists.". @04-04-2022 19:44:14.0835 PM
[ReportManager] Get text "INC_004010050:Another SCHEDULER with the same name [Duplicate Job Name] already exists.". @04-04-2022 19:44:14.0969 PM
[ReportManager] Verification Passed: The Element located by "By.name: q" text matches this regular expression "INC_004010050:Another SCHEDULER with the same name \[Duplicate Job Name\] already exists.". @04-04-2022 19:44:15.0148 PM
[ReportManager] Successfully created attachment "Screenshot - 1649101455076_test_assertElementAttribute_ValidateElementAttribute_passed" @04-04-2022 19:44:15.0150 PM
[ReportManager] Verification "ValidateElementAttribute" PASSED. Expected "Value Should be 'INC_004010050:Another SCHEDULER with the same name \[Duplicate Job Name\] already exists.' for the 'text' attribute, element locator 'By.name: q'" and Actual "INC_004010050:Another SCHEDULER with the same name [Duplicate Job Name] already exists.". Comparison Type "MATCHES". Validation Type "POSITIVE". @04-04-2022 19:44:15.0150 P
[ReportManager] Close current window. @04-04-2022 19:44:15.0530 PM
[ReportManager] Successfully created attachment "Browser Action Test Data - Close current window - Actual Value" @04-04-2022 19:44:15.0531 P

################################################################################################################################################
Starting Execution:	"173 out of 179" test cases in the current suite
Test Method:		"testPackage01.Test_SelectedValue.multipleSelect"
################################################################################################################################################
[ReportManager] File Action "GetAbsolutePath" successfully performed. With the following test data "Relative Folder Path: "target/downloadedFiles/"". @04-04-2022 19:44:15.0535 PM
[ReportManager] Attempting to run locally on: "Mac-64 | GoogleChrome", Headless Execution. @04-04-2022 19:44:15.0536 PM
[ReportManager] Identifying OS/Driver combination and selecting the correct driver version automatically. Please note that if a new driver executable will be downloaded it may take some time... @04-04-2022 19:44:15.0537 PM
[ReportManager] Successfully Opened Google Chrome. @04-04-2022 19:44:19.0271 PM
[ReportManager] Initial window size: (1920, 1080) @04-04-2022 19:44:19.0276 PM
[ReportManager] Window size after SWD Maximize: (1920, 1080) @04-04-2022 19:44:19.0526 PM
[ReportManager] Window size after Toolkit: (1920, 1080) @04-04-2022 19:44:20.0185 PM
[ReportManager] Maximize window "New screen size is now: (1920, 1080)". @04-04-2022 19:44:20.0188 PM
[ReportManager] Target URL: "https://yari-demos.prod.mdn.mozit.cloud/en-US/docs/Web/HTML/Element/select/_sample_.Advanced_select_with_multiple_features.html" @04-04-2022 19:44:20.0189 PM
[ReportManager] Initial URL: "data:," @04-04-2022 19:44:20.0230 PM
[ReportManager] Navigate to url "https://yari-demos.prod.mdn.mozit.cloud/en-US/docs/Web/HTML/Element/select/_sample_.Advanced_select_with_multiple_features.html". @04-04-2022 19:44:20.0577 PM
[ReportManager] Select "Dog". @04-04-2022 19:44:20.0800 PM
[ReportManager] Select "Cat". @04-04-2022 19:44:20.0962 PM
[ReportManager] Get selected text "DogCat". @04-04-2022 19:44:21.0077 PM
[ReportManager] DogCat @04-04-2022 19:44:21.0077 PM
[ReportManager] Get selected text "DogCat". @04-04-2022 19:44:21.0176 PM
[ReportManager] Assertion "ValidateElementAttribute" PASSED. Expected "Value Should be 'DogCat' for the 'selectedText' attribute, element locator 'By.tagName: select'" and Actual "DogCat". Comparison Type "EQUALS". Validation Type "POSITIVE". @04-04-2022 19:44:21.0840 PM
[ReportManager] Successfully created attachment "Screenshot - 1649101461688_multipleSelect_ValidateElementAttribute_passed" @04-04-2022 19:44:21.0841 PM
[ReportManager] Close current window. @04-04-2022 19:44:22.0185 PM
[ReportManager] Successfully created attachment "Browser Action Test Data - Close current window - Actual Value" @04-04-2022 19:44:22.0186 P

################################################################################################################################################
Starting Execution:	"174 out of 179" test cases in the current suite
Test Method:		"testPackage01.Test_SelectedValue.simpleSelect"
################################################################################################################################################
[ReportManager] File Action "GetAbsolutePath" successfully performed. With the following test data "Relative Folder Path: "target/downloadedFiles/"". @04-04-2022 19:44:22.0191 PM
[ReportManager] Attempting to run locally on: "Mac-64 | GoogleChrome", Headless Execution. @04-04-2022 19:44:22.0192 PM
[ReportManager] Identifying OS/Driver combination and selecting the correct driver version automatically. Please note that if a new driver executable will be downloaded it may take some time... @04-04-2022 19:44:22.0192 PM
[ReportManager] Successfully Opened Google Chrome. @04-04-2022 19:44:22.0846 PM
[ReportManager] Initial window size: (1920, 1080) @04-04-2022 19:44:22.0853 PM
[ReportManager] Window size after SWD Maximize: (1920, 1080) @04-04-2022 19:44:23.0020 PM
[ReportManager] Window size after Toolkit: (1920, 1080) @04-04-2022 19:44:23.0613 PM
[ReportManager] Maximize window "New screen size is now: (1920, 1080)". @04-04-2022 19:44:23.0617 PM
[ReportManager] Target URL: "https://yari-demos.prod.mdn.mozit.cloud/en-US/docs/Web/HTML/Element/select/_sample_.Basic_select.html" @04-04-2022 19:44:23.0617 PM
[ReportManager] Initial URL: "data:," @04-04-2022 19:44:23.0646 PM
[ReportManager] Navigate to url "https://yari-demos.prod.mdn.mozit.cloud/en-US/docs/Web/HTML/Element/select/_sample_.Basic_select.html". @04-04-2022 19:44:23.0912 PM
[ReportManager] Select "Third Value". @04-04-2022 19:44:24.0304 PM
[ReportManager] Get selected text "Third Value". @04-04-2022 19:44:24.0390 PM
[ReportManager] Third Value @04-04-2022 19:44:24.0390 PM
[ReportManager] Get selected text "Third Value". @04-04-2022 19:44:24.0471 PM
[ReportManager] Assertion "ValidateElementAttribute" PASSED. Expected "Value Should be 'Third Value' for the 'selectedText' attribute, element locator 'By.tagName: select'" and Actual "Third Value". Comparison Type "EQUALS". Validation Type "POSITIVE". @04-04-2022 19:44:25.0047 PM
[ReportManager] Successfully created attachment "Screenshot - 1649101464941_simpleSelect_ValidateElementAttribute_passed" @04-04-2022 19:44:25.0048 PM
[ReportManager] Close current window. @04-04-2022 19:44:25.0429 PM
[ReportManager] Successfully created attachment "Browser Action Test Data - Close current window - Actual Value" @04-04-2022 19:44:25.0430 P
[ReportManager] File Action "GetAbsolutePath" successfully performed. With the following test data "Relative Folder Path: "target/downloadedFiles/"". @04-04-2022 19:44:25.0433 PM
[ReportManager] Attempting to run locally on: "Mac-64 | Safari", Headless Execution. @04-04-2022 19:44:25.0433 PM
[ReportManager] Successfully Opened Safari. @04-04-2022 19:44:26.0440 PM
[ReportManager] Initial window size: (800, 600) @04-04-2022 19:44:26.0471 PM
[ReportManager] Window size after SWD Maximize: (1176, 803) @04-04-2022 19:44:26.0509 PM
[ReportManager] Maximize window "New screen size is now: (1176, 803)". @04-04-2022 19:44:26.0509 P

################################################################################################################################################
Starting Execution:	"175 out of 179" test cases in the current suite
Test Method:		"testPackage01.Test_dynamicLoading.dynamicLoading_elementIsHidden"
################################################################################################################################################
[ReportManager] Target URL: "https://the-internet.herokuapp.com/dynamic_loading/1" @04-04-2022 19:44:26.0512 PM
[ReportManager] Initial URL: "" @04-04-2022 19:44:26.0561 PM
[ReportManager] Navigate to url "https://the-internet.herokuapp.com/dynamic_loading/1". @04-04-2022 19:44:27.0289 PM
[ReportManager] Click "By.xpath: //button[text()='Start']". @04-04-2022 19:44:27.0719 PM
[ReportManager] Get text "Hello World!". @04-04-2022 19:44:27.0803 P
[ReportManager] Close current window. @04-04-2022 19:44:28.0096 PM
[ReportManager] Successfully created attachment "Browser Action Test Data - Close current window - Actual Value" @04-04-2022 19:44:28.0097 P
[ReportManager] File Action "GetAbsolutePath" successfully performed. With the following test data "Relative Folder Path: "target/downloadedFiles/"". @04-04-2022 19:44:28.0098 PM
[ReportManager] Attempting to run locally on: "Mac-64 | Safari", Headless Execution. @04-04-2022 19:44:28.0099 PM
[ReportManager] An Exception Occured with this Message: Could not start a new session. Possible causes are invalid address of the remote server or browser start-up failure.. @04-04-2022 19:44:28.0272 PM
[ReportManager] Successfully created attachment "Exception Stack Trace - org.openqa.selenium.SessionNotCreatedException" @04-04-2022 19:44:28.0272 PM
[ReportManager] Driver Factory Action "createNewLocalDriverInstanceForSafari" failed. With the following test data "Failed to create a session on DESKTOP_SAFARI". @04-04-2022 19:44:28.0273 P

################################################################################################################################################
Starting Execution:	"176 out of 179" test cases in the current suite
Test Method:		"testPackage01.Test_dynamicLoading.dynamicLoading_elementIsRendered"
###############################################################################################################################################


################################################################################################################################################
Starting Execution:	"177 out of 179" test cases in the current suite
Test Method:		"dsl.testDsl.testButton"
################################################################################################################################################
[ReportManager] File Action "GetAbsolutePath" successfully performed. With the following test data "Relative Folder Path: "target/downloadedFiles/"". @04-04-2022 19:44:28.0285 PM
[ReportManager] Attempting to run locally on: "Mac-64 | Safari", Headless Execution. @04-04-2022 19:44:28.0285 PM
[ReportManager] An Exception Occured with this Message: Could not start a new session. Possible causes are invalid address of the remote server or browser start-up failure.. @04-04-2022 19:44:28.0468 PM
[ReportManager] Successfully created attachment "Exception Stack Trace - org.openqa.selenium.SessionNotCreatedException" @04-04-2022 19:44:28.0469 PM
[ReportManager] Driver Factory Action "createNewLocalDriverInstanceForSafari" failed. With the following test data "Failed to create a session on DESKTOP_SAFARI". @04-04-2022 19:44:28.0469 P

################################################################################################################################################
Starting Execution:	"178 out of 179" test cases in the current suite
Test Method:		"dsl.testDsl.testCheckBox"
################################################################################################################################################
[ReportManager] File Action "GetAbsolutePath" successfully performed. With the following test data "Relative Folder Path: "target/downloadedFiles/"". @04-04-2022 19:44:28.0474 PM
[ReportManager] Attempting to run locally on: "Mac-64 | Safari", Headless Execution. @04-04-2022 19:44:28.0474 PM
[ReportManager] Successfully Opened Safari. @04-04-2022 19:44:29.0932 PM
[ReportManager] Initial window size: (800, 600) @04-04-2022 19:44:29.0963 PM
[ReportManager] Window size after SWD Maximize: (1176, 803) @04-04-2022 19:44:29.0995 PM
[ReportManager] Maximize window "New screen size is now: (1176, 803)". @04-04-2022 19:44:29.0995 PM
[ReportManager] Target URL: "http://the-internet.herokuapp.com/" @04-04-2022 19:44:29.0997 PM
[ReportManager] Initial URL: "" @04-04-2022 19:44:30.0040 PM
[ReportManager] Navigate to url "http://the-internet.herokuapp.com/". @04-04-2022 19:44:30.0532 PM
[ReportManager] Click "By.linkText: Checkboxes". @04-04-2022 19:44:30.0960 PM
[ReportManager] Click "By.xpath: (//INPUT[@type='checkbox'])[1]". @04-04-2022 19:44:31.0311 PM
[ReportManager] Click "By.xpath: (//INPUT[@type='checkbox'])[2]". @04-04-2022 19:44:31.0488 P

################################################################################################################################################
Starting Execution:	"179 out of 179" test cases in the current suite
Test Method:		"dsl.testDsl.testLabel"
################################################################################################################################################
[ReportManager] File Action "GetAbsolutePath" successfully performed. With the following test data "Relative Folder Path: "target/downloadedFiles/"". @04-04-2022 19:44:31.0899 PM
[ReportManager] Attempting to run locally on: "Mac-64 | Safari", Headless Execution. @04-04-2022 19:44:31.0899 PM
[ReportManager] Successfully Opened Safari. @04-04-2022 19:44:32.0759 PM
[ReportManager] Initial window size: (800, 600) @04-04-2022 19:44:32.0778 PM
[ReportManager] Window size after SWD Maximize: (1176, 803) @04-04-2022 19:44:32.0793 PM
[ReportManager] Maximize window "New screen size is now: (1176, 803)". @04-04-2022 19:44:32.0793 PM
[ReportManager] Get text "Welcome to the-internet". @04-04-2022 19:44:33.0126 PM
[ReportManager] org.openqa.selenium.TimeoutException:
Expected condition failed: waiting for com.shaft.gui.element.ElementActionsHelper$$Lambda$641/0x00000008011491e0@295f6ee1 (tried for 5 second(s) with 1000 milliseconds interval)
org.openqa.selenium.support.ui.FluentWait.timeoutException(FluentWait.java:263)
org.openqa.selenium.support.ui.FluentWait.until(FluentWait.java:231)
com.shaft.gui.element.ElementActionsHelper.waitForElementPresence(ElementActionsHelper.java:90)
com.shaft.gui.element.ElementActionsHelper.waitForElementPresence(ElementActionsHelper.java:37)
com.shaft.gui.element.WebDriverElementActions.getMatchingElementsCount(WebDriverElementActions.java:1495)
com.shaft.gui.element.WebDriverElementActions.getElementsCount(WebDriverElementActions.java:562)
com.shaft.gui.element.ElementActions.getElementsCount(ElementActions.java:253)
com.shaft.gui.image.ScreenshotManager.internalCaptureScreenShot(ScreenshotManager.java:390)
com.shaft.gui.image.ScreenshotManager.captureScreenShot(ScreenshotManager.java:142)
com.shaft.validation.ValidationsHelper.reportValidationState(ValidationsHelper.java:821)
com.shaft.validation.ValidationsHelper.pass(ValidationsHelper.java:562)
com.shaft.validation.ValidationsHelper.validateEquals(ValidationsHelper.java:65)
com.shaft.validation.ValidationsExecutor.perform(ValidationsExecutor.java:136)
com.shaft.dsl.gui.Label.shouldHaveText(Label.java:22)
dsl.testDsl.testLabel(testDsl.java:22)
java.base/jdk.internal.reflect.NativeMethodAccessorImpl.invoke0(Native Method)
java.base/jdk.internal.reflect.NativeMethodAccessorImpl.invoke(NativeMethodAccessorImpl.java:77)
java.base/jdk.internal.reflect.DelegatingMethodAccessorImpl.invoke(DelegatingMethodAccessorImpl.java:43)
java.base/java.lang.reflect.Method.invoke(Method.java:568)
org.testng.internal.invokers.MethodInvocationHelper.invokeMethod(MethodInvocationHelper.java:135)
org.testng.internal.invokers.TestInvoker.invokeMethod(TestInvoker.java:673)
org.testng.internal.invokers.TestInvoker.invokeTestMethod(TestInvoker.java:220)
org.testng.internal.invokers.MethodRunner.runInSequence(MethodRunner.java:50)
org.testng.internal.invokers.TestInvoker$MethodInvocationAgent.invoke(TestInvoker.java:945)
org.testng.internal.invokers.TestInvoker.invokeTestMethods(TestInvoker.java:193)
org.testng.internal.invokers.TestMethodWorker.invokeTestMethods(TestMethodWorker.java:146)
org.testng.internal.invokers.TestMethodWorker.run(TestMethodWorker.java:128)
java.base/java.util.ArrayList.forEach(ArrayList.java:1511)
org.testng.TestRunner.privateRun(TestRunner.java:808)
org.testng.TestRunner.run(TestRunner.java:603)
org.testng.SuiteRunner.runTest(SuiteRunner.java:429)
org.testng.SuiteRunner.runSequentially(SuiteRunner.java:423)
org.testng.SuiteRunner.privateRun(SuiteRunner.java:383)
org.testng.SuiteRunner.run(SuiteRunner.java:326)
org.testng.SuiteRunnerWorker.runSuite(SuiteRunnerWorker.java:52)
org.testng.SuiteRunnerWorker.run(SuiteRunnerWorker.java:95)
org.testng.TestNG.runSuitesSequentially(TestNG.java:1249)
org.testng.TestNG.runSuitesLocally(TestNG.java:1169)
org.testng.TestNG.runSuites(TestNG.java:1092)
org.testng.TestNG.run(TestNG.java:1060)
org.apache.maven.surefire.testng.TestNGExecutor.run(TestNGExecutor.java:151)
org.apache.maven.surefire.testng.TestNGDirectoryTestSuite.executeMulti(TestNGDirectoryTestSuite.java:192)
org.apache.maven.surefire.testng.TestNGDirectoryTestSuite.execute(TestNGDirectoryTestSuite.java:93)
org.apache.maven.surefire.testng.TestNGProvider.invoke(TestNGProvider.java:155)
org.apache.maven.surefire.booter.ForkedBooter.runSuitesInProcess(ForkedBooter.java:456)
org.apache.maven.surefire.booter.ForkedBooter.execute(ForkedBooter.java:169)
org.apache.maven.surefire.booter.ForkedBooter.run(ForkedBooter.java:595)
org.apache.maven.surefire.booter.ForkedBooter.main(ForkedBooter.java:581)

Caused by: org.openqa.selenium.NoSuchSessionException:
Session ID is null. Using WebDriver after calling quit()?
Build info: version: '4.1.3', revision: '7b1ebf28ef'
System info: host: 'Mac-1649100963972.local', ip: '10.212.0.120', os.name: 'Mac OS X', os.arch: 'x86_64', os.version: '11.6.5', java.version: '17.0.2'
Driver info: org.openqa.selenium.safari.SafariDriver
Command: [null, findElement {using=id, value=finish}]
Capabilities {acceptInsecureCerts: false, browserName: Safari, browserVersion: 15.4, goog:loggingPrefs: {browser: ALL, client: ALL, driver: ALL, performance: ALL, profiler: ALL, server: ALL}, javascriptEnabled: true, pageLoadStrategy: normal, platform: MAC, platformName: MAC, safari:automaticInspection: false, safari:automaticProfiling: false, safari:diagnose: false, safari:platformBuildVersion: 20G527, safari:platformVersion: 11.6.5, safari:useSimulator: false, setWindowRect: true, strictFileInteractability: false, timeouts: {pageLoad: 30000, script: 30000}, webkit:WebRTC: {DisableICECandidateFiltering: false, DisableInsecureMediaCapture: false}}
org.openqa.selenium.remote.HttpCommandExecutor.execute(HttpCommandExecutor.java:145)
org.openqa.selenium.remote.service.DriverCommandExecutor.invokeExecute(DriverCommandExecutor.java:167)
org.openqa.selenium.remote.service.DriverCommandExecutor.execute(DriverCommandExecutor.java:142)
org.openqa.selenium.remote.RemoteWebDriver.execute(RemoteWebDriver.java:567)
org.openqa.selenium.remote.ElementLocation$ElementFinder$2.findElement(ElementLocation.java:162)
org.openqa.selenium.remote.ElementLocation.findElement(ElementLocation.java:60)
org.openqa.selenium.remote.RemoteWebDriver.findElement(RemoteWebDriver.java:385)
org.openqa.selenium.remote.RemoteWebDriver.findElement(RemoteWebDriver.java:377)
com.shaft.gui.element.ElementActionsHelper.lambda$waitForElementPresence$0(ElementActionsHelper.java:93)
org.openqa.selenium.support.ui.FluentWait.until(FluentWait.java:208)
com.shaft.gui.element.ElementActionsHelper.waitForElementPresence(ElementActionsHelper.java:90)
com.shaft.gui.element.ElementActionsHelper.waitForElementPresence(ElementActionsHelper.java:37)
com.shaft.gui.element.WebDriverElementActions.getMatchingElementsCount(WebDriverElementActions.java:1495)
com.shaft.gui.element.WebDriverElementActions.getElementsCount(WebDriverElementActions.java:562)
com.shaft.gui.element.ElementActions.getElementsCount(ElementActions.java:253)
com.shaft.gui.image.ScreenshotManager.internalCaptureScreenShot(ScreenshotManager.java:390)
com.shaft.gui.image.ScreenshotManager.captureScreenShot(ScreenshotManager.java:142)
com.shaft.validation.ValidationsHelper.reportValidationState(ValidationsHelper.java:821)
com.shaft.validation.ValidationsHelper.pass(ValidationsHelper.java:562)
com.shaft.validation.ValidationsHelper.validateEquals(ValidationsHelper.java:65)
com.shaft.validation.ValidationsExecutor.perform(ValidationsExecutor.java:136)
com.shaft.dsl.gui.Label.shouldHaveText(Label.java:22)
dsl.testDsl.testLabel(testDsl.java:22)
java.base/jdk.internal.reflect.NativeMethodAccessorImpl.invoke0(Native Method)
java.base/jdk.internal.reflect.NativeMethodAccessorImpl.invoke(NativeMethodAccessorImpl.java:77)
java.base/jdk.internal.reflect.DelegatingMethodAccessorImpl.invoke(DelegatingMethodAccessorImpl.java:43)
java.base/java.lang.reflect.Method.invoke(Method.java:568)
org.testng.internal.invokers.MethodInvocationHelper.invokeMethod(MethodInvocationHelper.java:135)
org.testng.internal.invokers.TestInvoker.invokeMethod(TestInvoker.java:673)
org.testng.internal.invokers.TestInvoker.invokeTestMethod(TestInvoker.java:220)
org.testng.internal.invokers.MethodRunner.runInSequence(MethodRunner.java:50)
org.testng.internal.invokers.TestInvoker$MethodInvocationAgent.invoke(TestInvoker.java:945)
org.testng.internal.invokers.TestInvoker.invokeTestMethods(TestInvoker.java:193)
org.testng.internal.invokers.TestMethodWorker.invokeTestMethods(TestMethodWorker.java:146)
org.testng.internal.invokers.TestMethodWorker.run(TestMethodWorker.java:128)
java.base/java.util.ArrayList.forEach(ArrayList.java:1511)
org.testng.TestRunner.privateRun(TestRunner.java:808)
org.testng.TestRunner.run(TestRunner.java:603)
org.testng.SuiteRunner.runTest(SuiteRunner.java:429)
org.testng.SuiteRunner.runSequentially(SuiteRunner.java:423)
org.testng.SuiteRunner.privateRun(SuiteRunner.java:383)
org.testng.SuiteRunner.run(SuiteRunner.java:326)
org.testng.SuiteRunnerWorker.runSuite(SuiteRunnerWorker.java:52)
org.testng.SuiteRunnerWorker.run(SuiteRunnerWorker.java:95)
org.testng.TestNG.runSuitesSequentially(TestNG.java:1249)
org.testng.TestNG.runSuitesLocally(TestNG.java:1169)
org.testng.TestNG.runSuites(TestNG.java:1092)
org.testng.TestNG.run(TestNG.java:1060)
org.apache.maven.surefire.testng.TestNGExecutor.run(TestNGExecutor.java:151)
org.apache.maven.surefire.testng.TestNGDirectoryTestSuite.executeMulti(TestNGDirectoryTestSuite.java:192)
org.apache.maven.surefire.testng.TestNGDirectoryTestSuite.execute(TestNGDirectoryTestSuite.java:93)
org.apache.maven.surefire.testng.TestNGProvider.invoke(TestNGProvider.java:155)
org.apache.maven.surefire.booter.ForkedBooter.runSuitesInProcess(ForkedBooter.java:456)
org.apache.maven.surefire.booter.ForkedBooter.execute(ForkedBooter.java:169)
org.apache.maven.surefire.booter.ForkedBooter.run(ForkedBooter.java:595)
org.apache.maven.surefire.booter.ForkedBooter.main(ForkedBooter.java:581) @04-04-2022 19:44:38.0528 PM
[ReportManager] An Exception Occured with this Message: Session ID is null. Using WebDriver after calling quit()?. @04-04-2022 19:44:38.0530 PM
[ReportManager] Successfully created attachment "Exception Stack Trace - org.openqa.selenium.NoSuchSessionException" @04-04-2022 19:44:38.0531 PM
[ReportManager] Assertion Passed: "Welcome to the-internet" is equal to "Welcome to the-internet". @04-04-2022 19:44:38.0531 P
[ReportManager] Successfully created attachment "SHAFT Engine Logs - Execution log" @04-04-2022 19:44:38.0994 PM

################################################################################################################################################
This test run was powered by SHAFT Engine Version: "SHAFT Engine v6.1.20220113"
SHAFT Engine is licensed under the MIT License: [https://github.com/MohabMohie/SHAFT_ENGINE/blob/master/LICENSE].
################################################################################################################################################